#
# There is insufficient memory for the Java Runtime Environment to continue.
# Native memory allocation (malloc) failed to allocate 1722416 bytes for Chunk::new
# Possible reasons:
#   The system is out of physical RAM or swap space
#   The process is running with CompressedOops enabled, and the Java Heap may be blocking the growth of the native heap
# Possible solutions:
#   Reduce memory load on the system
#   Increase physical memory or swap space
#   Check if swap backing store is full
#   Decrease Java heap size (-Xmx/-Xms)
#   Decrease number of Java threads
#   Decrease Java thread stack sizes (-Xss)
#   Set larger code cache with -XX:ReservedCodeCacheSize=
#   JVM is running with Unscaled Compressed Oops mode in which the Java heap is
#     placed in the first 4GB address space. The Java Heap base address is the
#     maximum limit for the native heap growth. Please use -XX:HeapBaseMinAddress
#     to set the Java Heap base and to place the Java Heap above 4GB virtual address.
# This output file may be truncated or incomplete.
#
#  Out of Memory Error (allocation.cpp:389), pid=3936, tid=0x0000000000003bc4
#
# JRE version: OpenJDK Runtime Environment (8.0_242-b01) (build 1.8.0_242-release-1644-b01)
# Java VM: OpenJDK 64-Bit Server VM (25.242-b01 mixed mode windows-amd64 compressed oops)
# Failed to write core dump. Minidumps are not enabled by default on client versions of Windows
#

---------------  T H R E A D  ---------------

Current thread (0x000000001656c000):  JavaThread "C2 CompilerThread1" daemon [_thread_in_native, id=15300, stack(0x0000000017cc0000,0x0000000017dc0000)]

Stack: [0x0000000017cc0000,0x0000000017dc0000]
[error occurred during error reporting (printing stack bounds), id 0xc0000005]

Native frames: (J=compiled Java code, j=interpreted, Vv=VM code, C=native code)


Current CompileTask:
C2: 376704 20227 %     4       com.android.tools.r8.ir.regalloc.LinearScanRegisterAllocator::a @ 2151 (3993 bytes)


---------------  P R O C E S S  ---------------

Java Threads: ( => current thread )
  0x000000001cefb800 JavaThread "WorkerExecutor Queue Thread 5" [_thread_in_Java, id=14972, stack(0x000000002c610000,0x000000002c710000)]
  0x000000001cef7000 JavaThread "Cache worker for Java compile cache (E:\Impetrosys\07\reegur_android\.gradle\5.6.4\javaCompile)" [_thread_blocked, id=6716, stack(0x0000000023f20000,0x0000000024020000)]
  0x000000001cef6800 JavaThread "Cache worker for Java compile cache (C:\Users\Salman\.gradle\caches\5.6.4\javaCompile)" [_thread_blocked, id=6328, stack(0x0000000000f00000,0x0000000001000000)]
  0x000000001cef3800 JavaThread "WorkerExecutor Queue Thread 4" [_thread_blocked, id=7720, stack(0x0000000025050000,0x0000000025150000)]
  0x000000001cef8000 JavaThread "RMI TCP Connection(idle)" daemon [_thread_blocked, id=11776, stack(0x0000000023d00000,0x0000000023e00000)]
  0x000000001cef5000 JavaThread "RMI Reaper" [_thread_blocked, id=2404, stack(0x000000002c510000,0x000000002c610000)]
  0x000000001cef4000 JavaThread "RMI TCP Accept-0" daemon [_thread_in_native, id=2240, stack(0x000000001bce0000,0x000000001bde0000)]
  0x000000001ceef000 JavaThread "GC Daemon" daemon [_thread_blocked, id=14704, stack(0x0000000001000000,0x0000000001100000)]
  0x000000001cef0800 JavaThread "RMI Scheduler(0)" daemon [_thread_blocked, id=2308, stack(0x0000000000e00000,0x0000000000f00000)]
  0x00000000195c7000 JavaThread "WorkerExecutor Queue Thread 3" [_thread_in_Java, id=12256, stack(0x0000000026130000,0x0000000026230000)]
  0x00000000195c6000 JavaThread "WorkerExecutor Queue Thread 2" [_thread_blocked, id=15196, stack(0x0000000026030000,0x0000000026130000)]
  0x00000000195be000 JavaThread "Cache worker for execution history cache (E:\Impetrosys\07\reegur_android\.gradle\5.6.4\executionHistory)" [_thread_blocked, id=1616, stack(0x0000000023e20000,0x0000000023f20000)]
  0x00000000195c1000 JavaThread "Execution worker for ':' Thread 3" [_thread_blocked, id=6732, stack(0x0000000023a00000,0x0000000023b00000)]
  0x000000001a16c800 JavaThread "Execution worker for ':' Thread 2" [_thread_blocked, id=8964, stack(0x0000000023900000,0x0000000023a00000)]
  0x000000001a16b000 JavaThread "Execution worker for ':'" [_thread_blocked, id=10160, stack(0x0000000023800000,0x0000000023900000)]
  0x000000001a169800 JavaThread "Cache worker for file content cache (E:\Impetrosys\07\reegur_android\.gradle\5.6.4\fileContent)" [_thread_blocked, id=13716, stack(0x0000000023500000,0x0000000023600000)]
  0x000000001a168800 JavaThread "Cache worker for file content cache (C:\Users\Salman\.gradle\caches\5.6.4\fileContent)" [_thread_blocked, id=5244, stack(0x0000000023400000,0x0000000023500000)]
  0x000000001a168000 JavaThread "Memory manager" [_thread_blocked, id=9972, stack(0x0000000021060000,0x0000000021160000)]
  0x000000001a15f800 JavaThread "Cache worker for Build Output Cleanup Cache (E:\Impetrosys\07\reegur_android\.gradle\buildOutputCleanup)" [_thread_blocked, id=13912, stack(0x0000000020d10000,0x0000000020e10000)]
  0x000000001a15f000 JavaThread "Build operations Thread 4" [_thread_blocked, id=9460, stack(0x0000000020a10000,0x0000000020b10000)]
  0x000000001a165800 JavaThread "Build operations Thread 3" [_thread_blocked, id=14548, stack(0x0000000020910000,0x0000000020a10000)]
  0x000000001a15e000 JavaThread "Build operations Thread 2" [_thread_blocked, id=8352, stack(0x0000000020810000,0x0000000020910000)]
  0x000000001a165000 JavaThread "Build operations" [_thread_blocked, id=4396, stack(0x0000000020710000,0x0000000020810000)]
  0x000000001a15d800 JavaThread "Cache worker for execution history cache (C:\Users\Salman\.gradle\caches\5.6.4\executionHistory)" [_thread_blocked, id=14892, stack(0x0000000020610000,0x0000000020710000)]
  0x000000001a164000 JavaThread "Cache worker for cache directory md-rule (C:\Users\Salman\.gradle\caches\5.6.4\md-rule)" [_thread_blocked, id=13584, stack(0x0000000020510000,0x0000000020610000)]
  0x000000001a163800 JavaThread "Cache worker for cache directory md-supplier (C:\Users\Salman\.gradle\caches\5.6.4\md-supplier)" [_thread_blocked, id=11300, stack(0x000000001e950000,0x000000001ea50000)]
  0x00000000196fe800 JavaThread "Cache worker for file hash cache (E:\Impetrosys\07\reegur_android\.gradle\5.6.4\fileHashes)" [_thread_blocked, id=12576, stack(0x000000001e630000,0x000000001e730000)]
  0x00000000196fa800 JavaThread "Cache worker for journal cache (C:\Users\Salman\.gradle\caches\journal-1)" [_thread_blocked, id=4432, stack(0x000000001c2e0000,0x000000001c3e0000)]
  0x00000000196fd800 JavaThread "File lock request listener" [_thread_in_native, id=7480, stack(0x000000001c1e0000,0x000000001c2e0000)]
  0x00000000196fd000 JavaThread "Cache worker for file hash cache (C:\Users\Salman\.gradle\caches\5.6.4\fileHashes)" [_thread_blocked, id=6792, stack(0x000000001c0e0000,0x000000001c1e0000)]
  0x0000000019f98800 JavaThread "Thread-9" [_thread_blocked, id=8792, stack(0x000000001bde0000,0x000000001bee0000)]
  0x0000000019f8d800 JavaThread "Asynchronous log dispatcher for DefaultDaemonConnection: socket connection from /127.0.0.1:1029 to /127.0.0.1:1030" [_thread_blocked, id=5088, stack(0x000000001bbe0000,0x000000001bce0000)]
  0x0000000019fb0800 JavaThread "Daemon worker" [_thread_blocked, id=13772, stack(0x000000001bae0000,0x000000001bbe0000)]
  0x0000000019fa5800 JavaThread "Cancel handler" [_thread_blocked, id=6832, stack(0x000000001b9e0000,0x000000001bae0000)]
  0x0000000019f5c800 JavaThread "Handler for socket connection from /127.0.0.1:1029 to /127.0.0.1:1030" [_thread_in_native, id=13228, stack(0x000000001b6e0000,0x000000001b7e0000)]
  0x0000000019f5e800 JavaThread "Daemon" [_thread_blocked, id=4680, stack(0x000000001b5e0000,0x000000001b6e0000)]
  0x0000000019f01800 JavaThread "Daemon periodic checks" [_thread_blocked, id=11040, stack(0x000000001b4e0000,0x000000001b5e0000)]
  0x0000000019ef3800 JavaThread "Incoming local TCP Connector on port 1029" [_thread_in_native, id=3100, stack(0x000000001b2a0000,0x000000001b3a0000)]
  0x0000000019e3b000 JavaThread "Daemon health stats" [_thread_blocked, id=13844, stack(0x000000001ac60000,0x000000001ad60000)]
  0x0000000017eeb000 JavaThread "Service Thread" daemon [_thread_blocked, id=11756, stack(0x00000000182c0000,0x00000000183c0000)]
  0x0000000016578800 JavaThread "C1 CompilerThread2" daemon [_thread_blocked, id=10928, stack(0x0000000017dc0000,0x0000000017ec0000)]
=>0x000000001656c000 JavaThread "C2 CompilerThread1" daemon [_thread_in_native, id=15300, stack(0x0000000017cc0000,0x0000000017dc0000)]
  0x0000000016564800 JavaThread "C2 CompilerThread0" daemon [_thread_in_native, id=14492, stack(0x0000000017bc0000,0x0000000017cc0000)]
  0x0000000016563000 JavaThread "Attach Listener" daemon [_thread_blocked, id=12736, stack(0x0000000017ac0000,0x0000000017bc0000)]
  0x0000000016562000 JavaThread "Signal Dispatcher" daemon [_thread_blocked, id=8900, stack(0x00000000179c0000,0x0000000017ac0000)]
  0x0000000002bed000 JavaThread "Finalizer" daemon [_thread_blocked, id=6036, stack(0x00000000177c0000,0x00000000178c0000)]
  0x0000000016549000 JavaThread "Reference Handler" daemon [_thread_blocked, id=11392, stack(0x00000000176c0000,0x00000000177c0000)]
  0x00000000012ed800 JavaThread "main" [_thread_blocked, id=2912, stack(0x0000000002910000,0x0000000002a10000)]

Other Threads:
  0x0000000016526000 VMThread [stack: 0x00000000175c0000,0x00000000176c0000] [id=6520]
  0x0000000017eec800 WatcherThread [stack: 0x00000000183c0000,0x00000000184c0000] [id=12476]

VM state:not at safepoint (normal execution)

VM Mutex/Monitor currently owned by a thread: None

heap address: 0x00000000a0000000, size: 1536 MB, Compressed Oops mode: 32-bit
Narrow klass base: 0x0000000000000000, Narrow klass shift: 3
Compressed class space size: 1073741824 Address: 0x0000000100000000

Heap:
 PSYoungGen      total 424448K, used 165889K [0x00000000e0000000, 0x0000000100000000, 0x0000000100000000)
  eden space 333312K, 31% used [0x00000000e0000000,0x00000000e6725f18,0x00000000f4580000)
  from space 91136K, 66% used [0x00000000fa180000,0x00000000fdc5a508,0x00000000ffa80000)
  to   space 94208K, 0% used [0x00000000f4580000,0x00000000f4580000,0x00000000fa180000)
 ParOldGen       total 195584K, used 129788K [0x00000000a0000000, 0x00000000abf00000, 0x00000000e0000000)
  object space 195584K, 66% used [0x00000000a0000000,0x00000000a7ebf0b8,0x00000000abf00000)
 Metaspace       used 95853K, capacity 99732K, committed 99968K, reserved 1136640K
  class space    used 12499K, capacity 13360K, committed 13440K, reserved 1048576K

Card table byte_map: [0x0000000011fb0000,0x00000000122c0000] byte_map_base: 0x0000000011ab0000

Marking Bits: (ParMarkBitMap*) 0x000000006d34f030
 Begin Bits: [0x00000000128c0000, 0x00000000140c0000)
 End Bits:   [0x00000000140c0000, 0x00000000158c0000)

Polling page: 0x0000000000c20000

CodeCache: size=245760Kb used=60938Kb max_used=61151Kb free=184821Kb
 bounds [0x0000000002bf0000, 0x00000000067f0000, 0x0000000011bf0000]
 total_blobs=17604 nmethods=16696 adapters=819
 compilation: enabled

Compilation events (10 events):
Event: 376.078 Thread 0x0000000016578800 20650       2       com.android.tools.r8.u.b.h0::a (91 bytes)
Event: 376.079 Thread 0x0000000016578800 nmethod 20650 0x0000000003ad0f90 code [0x0000000003ad1100, 0x0000000003ad1448]
Event: 376.354 Thread 0x0000000016578800 20651       3       com.android.tools.r8.graph.r::a (81 bytes)
Event: 376.355 Thread 0x0000000016578800 nmethod 20651 0x0000000003971910 code [0x0000000003971b60, 0x00000000039728f8]
Event: 376.359 Thread 0x0000000016578800 20652       3       com.android.tools.r8.graph.r::c (81 bytes)
Event: 376.360 Thread 0x0000000016578800 nmethod 20652 0x0000000004261250 code [0x00000000042614a0, 0x0000000004262238]
Event: 376.608 Thread 0x0000000016578800 20654       2       com.android.tools.r8.u.b.o::remove (71 bytes)
Event: 376.610 Thread 0x0000000016578800 nmethod 20654 0x00000000032199d0 code [0x0000000003219bc0, 0x000000000321a138]
Event: 376.683 Thread 0x0000000016578800 20655       2       com.android.tools.r8.graph.DexDebugEvent$d::hashCode (11 bytes)
Event: 376.683 Thread 0x0000000016578800 nmethod 20655 0x00000000039715d0 code [0x0000000003971720, 0x0000000003971870]

GC Heap History (10 events):
Event: 361.273 GC heap before
{Heap before GC invocations=30 (full 4):
 PSYoungGen      total 300032K, used 300022K [0x00000000e0000000, 0x00000000f8880000, 0x0000000100000000)
  eden space 247296K, 100% used [0x00000000e0000000,0x00000000ef180000,0x00000000ef180000)
  from space 52736K, 99% used [0x00000000ef180000,0x00000000f24fd820,0x00000000f2500000)
  to   space 62464K, 0% used [0x00000000f4b80000,0x00000000f4b80000,0x00000000f8880000)
 ParOldGen       total 195584K, used 116372K [0x00000000a0000000, 0x00000000abf00000, 0x00000000e0000000)
  object space 195584K, 59% used [0x00000000a0000000,0x00000000a71a53b8,0x00000000abf00000)
 Metaspace       used 94633K, capacity 98336K, committed 98560K, reserved 1134592K
  class space    used 12389K, capacity 13206K, committed 13312K, reserved 1048576K
Event: 361.530 GC heap after
Heap after GC invocations=30 (full 4):
 PSYoungGen      total 329216K, used 62220K [0x00000000e0000000, 0x00000000f9c00000, 0x0000000100000000)
  eden space 266752K, 0% used [0x00000000e0000000,0x00000000e0000000,0x00000000f0480000)
  from space 62464K, 99% used [0x00000000f4b80000,0x00000000f8843128,0x00000000f8880000)
  to   space 72704K, 0% used [0x00000000f0480000,0x00000000f0480000,0x00000000f4b80000)
 ParOldGen       total 195584K, used 129772K [0x00000000a0000000, 0x00000000abf00000, 0x00000000e0000000)
  object space 195584K, 66% used [0x00000000a0000000,0x00000000a7ebb0b8,0x00000000abf00000)
 Metaspace       used 94633K, capacity 98336K, committed 98560K, reserved 1134592K
  class space    used 12389K, capacity 13206K, committed 13312K, reserved 1048576K
}
Event: 366.284 GC heap before
{Heap before GC invocations=31 (full 4):
 PSYoungGen      total 329216K, used 328972K [0x00000000e0000000, 0x00000000f9c00000, 0x0000000100000000)
  eden space 266752K, 100% used [0x00000000e0000000,0x00000000f0480000,0x00000000f0480000)
  from space 62464K, 99% used [0x00000000f4b80000,0x00000000f8843128,0x00000000f8880000)
  to   space 72704K, 0% used [0x00000000f0480000,0x00000000f0480000,0x00000000f4b80000)
 ParOldGen       total 195584K, used 129772K [0x00000000a0000000, 0x00000000abf00000, 0x00000000e0000000)
  object space 195584K, 66% used [0x00000000a0000000,0x00000000a7ebb0b8,0x00000000abf00000)
 Metaspace       used 95565K, capacity 99464K, committed 99712K, reserved 1136640K
  class space    used 12482K, capacity 13324K, committed 13440K, reserved 1048576K
Event: 366.461 GC heap after
Heap after GC invocations=31 (full 4):
 PSYoungGen      total 339456K, used 65076K [0x00000000e0000000, 0x00000000fc400000, 0x0000000100000000)
  eden space 266752K, 0% used [0x00000000e0000000,0x00000000e0000000,0x00000000f0480000)
  from space 72704K, 89% used [0x00000000f0480000,0x00000000f440d2d8,0x00000000f4b80000)
  to   space 81408K, 0% used [0x00000000f7480000,0x00000000f7480000,0x00000000fc400000)
 ParOldGen       total 195584K, used 129780K [0x00000000a0000000, 0x00000000abf00000, 0x00000000e0000000)
  object space 195584K, 66% used [0x00000000a0000000,0x00000000a7ebd0b8,0x00000000abf00000)
 Metaspace       used 95565K, capacity 99464K, committed 99712K, reserved 1136640K
  class space    used 12482K, capacity 13324K, committed 13440K, reserved 1048576K
}
Event: 369.340 GC heap before
{Heap before GC invocations=32 (full 4):
 PSYoungGen      total 339456K, used 331828K [0x00000000e0000000, 0x00000000fc400000, 0x0000000100000000)
  eden space 266752K, 100% used [0x00000000e0000000,0x00000000f0480000,0x00000000f0480000)
  from space 72704K, 89% used [0x00000000f0480000,0x00000000f440d2d8,0x00000000f4b80000)
  to   space 81408K, 0% used [0x00000000f7480000,0x00000000f7480000,0x00000000fc400000)
 ParOldGen       total 195584K, used 129780K [0x00000000a0000000, 0x00000000abf00000, 0x00000000e0000000)
  object space 195584K, 66% used [0x00000000a0000000,0x00000000a7ebd0b8,0x00000000abf00000)
 Metaspace       used 95729K, capacity 99614K, committed 99968K, reserved 1136640K
  class space    used 12486K, capacity 13325K, committed 13440K, reserved 1048576K
Event: 369.489 GC heap after
Heap after GC invocations=32 (full 4):
 PSYoungGen      total 375296K, used 61350K [0x00000000e0000000, 0x00000000fd280000, 0x0000000100000000)
  eden space 293888K, 0% used [0x00000000e0000000,0x00000000e0000000,0x00000000f1f00000)
  from space 81408K, 75% used [0x00000000f7480000,0x00000000fb0698c8,0x00000000fc400000)
  to   space 87552K, 0% used [0x00000000f1f00000,0x00000000f1f00000,0x00000000f7480000)
 ParOldGen       total 195584K, used 129780K [0x00000000a0000000, 0x00000000abf00000, 0x00000000e0000000)
  object space 195584K, 66% used [0x00000000a0000000,0x00000000a7ebd0b8,0x00000000abf00000)
 Metaspace       used 95729K, capacity 99614K, committed 99968K, reserved 1136640K
  class space    used 12486K, capacity 13325K, committed 13440K, reserved 1048576K
}
Event: 372.244 GC heap before
{Heap before GC invocations=33 (full 4):
 PSYoungGen      total 375296K, used 355238K [0x00000000e0000000, 0x00000000fd280000, 0x0000000100000000)
  eden space 293888K, 100% used [0x00000000e0000000,0x00000000f1f00000,0x00000000f1f00000)
  from space 81408K, 75% used [0x00000000f7480000,0x00000000fb0698c8,0x00000000fc400000)
  to   space 87552K, 0% used [0x00000000f1f00000,0x00000000f1f00000,0x00000000f7480000)
 ParOldGen       total 195584K, used 129780K [0x00000000a0000000, 0x00000000abf00000, 0x00000000e0000000)
  object space 195584K, 66% used [0x00000000a0000000,0x00000000a7ebd0b8,0x00000000abf00000)
 Metaspace       used 95793K, capacity 99700K, committed 99968K, reserved 1136640K
  class space    used 12491K, capacity 13328K, committed 13440K, reserved 1048576K
Event: 372.398 GC heap after
Heap after GC invocations=33 (full 4):
 PSYoungGen      total 381440K, used 59999K [0x00000000e0000000, 0x00000000ffa80000, 0x0000000100000000)
  eden space 293888K, 0% used [0x00000000e0000000,0x00000000e0000000,0x00000000f1f00000)
  from space 87552K, 68% used [0x00000000f1f00000,0x00000000f5997c08,0x00000000f7480000)
  to   space 91136K, 0% used [0x00000000fa180000,0x00000000fa180000,0x00000000ffa80000)
 ParOldGen       total 195584K, used 129788K [0x00000000a0000000, 0x00000000abf00000, 0x00000000e0000000)
  object space 195584K, 66% used [0x00000000a0000000,0x00000000a7ebf0b8,0x00000000abf00000)
 Metaspace       used 95793K, capacity 99700K, committed 99968K, reserved 1136640K
  class space    used 12491K, capacity 13328K, committed 13440K, reserved 1048576K
}
Event: 375.017 GC heap before
{Heap before GC invocations=34 (full 4):
 PSYoungGen      total 381440K, used 353887K [0x00000000e0000000, 0x00000000ffa80000, 0x0000000100000000)
  eden space 293888K, 100% used [0x00000000e0000000,0x00000000f1f00000,0x00000000f1f00000)
  from space 87552K, 68% used [0x00000000f1f00000,0x00000000f5997c08,0x00000000f7480000)
  to   space 91136K, 0% used [0x00000000fa180000,0x00000000fa180000,0x00000000ffa80000)
 ParOldGen       total 195584K, used 129788K [0x00000000a0000000, 0x00000000abf00000, 0x00000000e0000000)
  object space 195584K, 66% used [0x00000000a0000000,0x00000000a7ebf0b8,0x00000000abf00000)
 Metaspace       used 95842K, capacity 99732K, committed 99968K, reserved 1136640K
  class space    used 12499K, capacity 13360K, committed 13440K, reserved 1048576K
Event: 375.301 GC heap after
Heap after GC invocations=34 (full 4):
 PSYoungGen      total 424448K, used 60265K [0x00000000e0000000, 0x0000000100000000, 0x0000000100000000)
  eden space 333312K, 0% used [0x00000000e0000000,0x00000000e0000000,0x00000000f4580000)
  from space 91136K, 66% used [0x00000000fa180000,0x00000000fdc5a508,0x00000000ffa80000)
  to   space 94208K, 0% used [0x00000000f4580000,0x00000000f4580000,0x00000000fa180000)
 ParOldGen       total 195584K, used 129788K [0x00000000a0000000, 0x00000000abf00000, 0x00000000e0000000)
  object space 195584K, 66% used [0x00000000a0000000,0x00000000a7ebf0b8,0x00000000abf00000)
 Metaspace       used 95842K, capacity 99732K, committed 99968K, reserved 1136640K
  class space    used 12499K, capacity 13360K, committed 13440K, reserved 1048576K
}

Deoptimization events (10 events):
Event: 370.619 Thread 0x000000001cefb800 Uncommon trap: reason=unstable_if action=reinterpret pc=0x0000000005f29e70 method=com.android.tools.r8.u.c.o.e(I)Lcom/android/tools/r8/graph/r; @ 4
Event: 370.983 Thread 0x000000001cefb800 Uncommon trap: reason=unstable_if action=reinterpret pc=0x00000000066ab494 method=java.util.HashMap.getNode(ILjava/lang/Object;)Ljava/util/HashMap$Node; @ 84
Event: 370.983 Thread 0x000000001cefb800 Uncommon trap: reason=unstable_if action=reinterpret pc=0x000000000369f1c4 method=java.util.HashMap.putVal(ILjava/lang/Object;Ljava/lang/Object;ZZ)Ljava/lang/Object; @ 109
Event: 370.983 Thread 0x000000001cefb800 Uncommon trap: reason=unstable_if action=reinterpret pc=0x0000000003161944 method=java.util.HashMap.getNode(ILjava/lang/Object;)Ljava/util/HashMap$Node; @ 84
Event: 370.984 Thread 0x000000001cefb800 Uncommon trap: reason=unstable_if action=reinterpret pc=0x000000000347a5a4 method=java.util.HashMap.getNode(ILjava/lang/Object;)Ljava/util/HashMap$Node; @ 84
Event: 372.702 Thread 0x00000000195c7000 Uncommon trap: reason=unstable_if action=reinterpret pc=0x00000000066541c8 method=com.android.tools.r8.ir.optimize.I.a(Lcom/android/tools/r8/u/b/d0;)Z @ 156
Event: 372.775 Thread 0x00000000195c7000 Uncommon trap: reason=class_check action=maybe_recompile pc=0x000000000448e330 method=com.android.tools.r8.v.a.a.a.f.i.putAll(Ljava/util/Map;)V @ 3
Event: 373.576 Thread 0x000000001cefb800 Uncommon trap: reason=unstable_if action=reinterpret pc=0x00000000056c7fe0 method=com.android.tools.r8.graph.d0.a([C)I @ 68
Event: 374.025 Thread 0x00000000195c7000 Uncommon trap: reason=unreached action=reinterpret pc=0x000000000639f00c method=com.android.tools.r8.ir.regalloc.LinearScanRegisterAllocator.a(Lcom/android/tools/r8/ir/regalloc/LinearScanRegisterAllocator$a;Z)Lcom/android/tools/r8/ir/regalloc/LinearScanRe
Event: 374.032 Thread 0x00000000195c7000 Uncommon trap: reason=unstable_if action=reinterpret pc=0x0000000005709434 method=com.android.tools.r8.ir.regalloc.a.compareTo(Ljava/lang/Object;)I @ 81

Classes redefined (0 events):
No events

Internal exceptions (10 events):
Event: 369.733 Thread 0x000000001cef3800 Exception <a 'sun/nio/fs/WindowsException'> (0x00000000e10614d0) thrown at [C:\src\AOSP-openjdk-git\hotspot\src\share\vm\prims\jni.cpp, line 710]
Event: 369.769 Thread 0x000000001cef3800 Exception <a 'sun/nio/fs/WindowsException'> (0x00000000e22924a8) thrown at [C:\src\AOSP-openjdk-git\hotspot\src\share\vm\prims\jni.cpp, line 710]
Event: 369.888 Thread 0x000000001cef3800 Exception <a 'sun/nio/fs/WindowsException'> (0x00000000e22e5b60) thrown at [C:\src\AOSP-openjdk-git\hotspot\src\share\vm\prims\jni.cpp, line 710]
Event: 369.951 Thread 0x000000001cef3800 Exception <a 'sun/nio/fs/WindowsException'> (0x00000000e33eb998) thrown at [C:\src\AOSP-openjdk-git\hotspot\src\share\vm\prims\jni.cpp, line 710]
Event: 369.972 Thread 0x000000001cef3800 Exception <a 'sun/nio/fs/WindowsException'> (0x00000000e3435d70) thrown at [C:\src\AOSP-openjdk-git\hotspot\src\share\vm\prims\jni.cpp, line 710]
Event: 370.007 Thread 0x000000001cef3800 Exception <a 'sun/nio/fs/WindowsException'> (0x00000000e3440338) thrown at [C:\src\AOSP-openjdk-git\hotspot\src\share\vm\prims\jni.cpp, line 710]
Event: 370.116 Thread 0x000000001cef3800 Exception <a 'sun/nio/fs/WindowsException'> (0x00000000e3dd0740) thrown at [C:\src\AOSP-openjdk-git\hotspot\src\share\vm\prims\jni.cpp, line 710]
Event: 370.192 Thread 0x000000001cef3800 Exception <a 'sun/nio/fs/WindowsException'> (0x00000000e3ddaa08) thrown at [C:\src\AOSP-openjdk-git\hotspot\src\share\vm\prims\jni.cpp, line 710]
Event: 370.538 Thread 0x000000001cef3800 Exception <a 'sun/nio/fs/WindowsException'> (0x00000000e4f27260) thrown at [C:\src\AOSP-openjdk-git\hotspot\src\share\vm\prims\jni.cpp, line 710]
Event: 370.603 Thread 0x000000001cef3800 Exception <a 'sun/nio/fs/WindowsException'> (0x00000000e4f310c0) thrown at [C:\src\AOSP-openjdk-git\hotspot\src\share\vm\prims\jni.cpp, line 710]

Events (10 events):
Event: 376.361 Thread 0x0000000016578800 flushing nmethod 0x00000000044ae5d0
Event: 376.394 Thread 0x000000001cefb800 DEOPT PACKING pc=0x0000000005d4f393 sp=0x000000002c70cea0
Event: 376.394 Thread 0x000000001cefb800 DEOPT UNPACKING pc=0x0000000002c375d0 sp=0x000000002c70cdc0 mode 0
Event: 376.460 Thread 0x00000000195c7000 DEOPT PACKING pc=0x0000000005eb156f sp=0x000000002622cd10
Event: 376.460 Thread 0x00000000195c7000 DEOPT UNPACKING pc=0x0000000002c375d0 sp=0x000000002622caa8 mode 0
Event: 376.611 Thread 0x0000000016578800 flushing nmethod 0x0000000004790390
Event: 376.612 Thread 0x0000000016578800 flushing nmethod 0x000000000489b590
Event: 376.612 Thread 0x0000000016578800 flushing nmethod 0x00000000048a4c10
Event: 376.612 Thread 0x0000000016578800 flushing nmethod 0x00000000048c01d0
Event: 376.686 Thread 0x0000000016578800 flushing nmethod 0x0000000004e4b310


Dynamic libraries:
0x00007ff7c5820000 - 0x00007ff7c5851000 	C:\Program Files\Android\Android Studio\jre\bin\java.exe
0x00007ffc5f670000 - 0x00007ffc5f865000 	C:\WINDOWS\SYSTEM32\ntdll.dll
0x00007ffc5e830000 - 0x00007ffc5e8ed000 	C:\WINDOWS\System32\KERNEL32.DLL
0x00007ffc5cfe0000 - 0x00007ffc5d2a8000 	C:\WINDOWS\System32\KERNELBASE.dll
0x00007ffc5f2f0000 - 0x00007ffc5f39c000 	C:\WINDOWS\System32\ADVAPI32.dll
0x00007ffc5d800000 - 0x00007ffc5d89e000 	C:\WINDOWS\System32\msvcrt.dll
0x00007ffc5e790000 - 0x00007ffc5e82b000 	C:\WINDOWS\System32\sechost.dll
0x00007ffc5f1c0000 - 0x00007ffc5f2eb000 	C:\WINDOWS\System32\RPCRT4.dll
0x00007ffc5e960000 - 0x00007ffc5eb00000 	C:\WINDOWS\System32\USER32.dll
0x00007ffc5cf10000 - 0x00007ffc5cf32000 	C:\WINDOWS\System32\win32u.dll
0x00007ffc5e6b0000 - 0x00007ffc5e6da000 	C:\WINDOWS\System32\GDI32.dll
0x00007ffc5d4d0000 - 0x00007ffc5d5db000 	C:\WINDOWS\System32\gdi32full.dll
0x00007ffc5cf40000 - 0x00007ffc5cfdd000 	C:\WINDOWS\System32\msvcp_win.dll
0x00007ffc5d5e0000 - 0x00007ffc5d6e0000 	C:\WINDOWS\System32\ucrtbase.dll
0x00007ffc4e7b0000 - 0x00007ffc4ea4a000 	C:\WINDOWS\WinSxS\amd64_microsoft.windows.common-controls_6595b64144ccf1df_6.0.19041.1052_none_60b8f8fd71f5e8cb\COMCTL32.dll
0x00007ffc5f3a0000 - 0x00007ffc5f3d0000 	C:\WINDOWS\System32\IMM32.DLL
0x000000006dc30000 - 0x000000006dd02000 	C:\Program Files\Android\Android Studio\jre\jre\bin\msvcr100.dll
0x000000006cb80000 - 0x000000006d3cb000 	C:\Program Files\Android\Android Studio\jre\jre\bin\server\jvm.dll
0x00007ffc5eb00000 - 0x00007ffc5eb08000 	C:\WINDOWS\System32\PSAPI.DLL
0x00007ffc51ec0000 - 0x00007ffc51eca000 	C:\WINDOWS\SYSTEM32\VERSION.dll
0x00007ffc51050000 - 0x00007ffc51077000 	C:\WINDOWS\SYSTEM32\WINMM.dll
0x00007ffc50df0000 - 0x00007ffc50df9000 	C:\WINDOWS\SYSTEM32\WSOCK32.dll
0x00007ffc5d990000 - 0x00007ffc5d9fb000 	C:\WINDOWS\System32\WS2_32.dll
0x00007ffc50470000 - 0x00007ffc5047f000 	C:\Program Files\Android\Android Studio\jre\jre\bin\verify.dll
0x00007ffc3e490000 - 0x00007ffc3e4b9000 	C:\Program Files\Android\Android Studio\jre\jre\bin\java.dll
0x00007ffc452d0000 - 0x00007ffc452e6000 	C:\Program Files\Android\Android Studio\jre\jre\bin\zip.dll
0x00007ffc5df70000 - 0x00007ffc5e6af000 	C:\WINDOWS\System32\SHELL32.dll
0x00007ffc5acd0000 - 0x00007ffc5b460000 	C:\WINDOWS\SYSTEM32\windows.storage.dll
0x00007ffc5da00000 - 0x00007ffc5dd55000 	C:\WINDOWS\System32\combase.dll
0x00007ffc5c750000 - 0x00007ffc5c77c000 	C:\WINDOWS\SYSTEM32\Wldp.dll
0x00007ffc5ebe0000 - 0x00007ffc5ec8e000 	C:\WINDOWS\System32\SHCORE.dll
0x00007ffc5f100000 - 0x00007ffc5f155000 	C:\WINDOWS\System32\shlwapi.dll
0x00007ffc5ccf0000 - 0x00007ffc5cd0f000 	C:\WINDOWS\SYSTEM32\profapi.dll
0x00007ffc436a0000 - 0x00007ffc436ba000 	C:\Program Files\Android\Android Studio\jre\jre\bin\net.dll
0x00007ffc5c4c0000 - 0x00007ffc5c52a000 	C:\WINDOWS\system32\mswsock.dll
0x00007ffc41590000 - 0x00007ffc415a3000 	C:\Program Files\Android\Android Studio\jre\jre\bin\nio.dll
0x00007ffc4a120000 - 0x00007ffc4a146000 	C:\Users\Salman\.gradle\native\30\windows-amd64\native-platform.dll
0x00007ffc4fb30000 - 0x00007ffc4fb3d000 	C:\Program Files\Android\Android Studio\jre\jre\bin\management.dll
0x00007ffc5c6a0000 - 0x00007ffc5c6b8000 	C:\WINDOWS\SYSTEM32\CRYPTSP.dll
0x00007ffc5be60000 - 0x00007ffc5be94000 	C:\WINDOWS\system32\rsaenh.dll
0x00007ffc5d4a0000 - 0x00007ffc5d4c7000 	C:\WINDOWS\System32\bcrypt.dll
0x00007ffc5ccb0000 - 0x00007ffc5ccde000 	C:\WINDOWS\SYSTEM32\USERENV.dll
0x00007ffc5d360000 - 0x00007ffc5d3e3000 	C:\WINDOWS\System32\bcryptprimitives.dll
0x00007ffc5c690000 - 0x00007ffc5c69c000 	C:\WINDOWS\SYSTEM32\CRYPTBASE.dll
0x00007ffc5c1b0000 - 0x00007ffc5c1eb000 	C:\WINDOWS\SYSTEM32\IPHLPAPI.DLL
0x00007ffc5e8f0000 - 0x00007ffc5e8f8000 	C:\WINDOWS\System32\NSI.dll
0x00007ffc52200000 - 0x00007ffc52217000 	C:\WINDOWS\SYSTEM32\dhcpcsvc6.DLL
0x00007ffc53df0000 - 0x00007ffc53e0d000 	C:\WINDOWS\SYSTEM32\dhcpcsvc.DLL
0x00007ffc5c1f0000 - 0x00007ffc5c2bc000 	C:\WINDOWS\SYSTEM32\DNSAPI.dll
0x00007ffc37410000 - 0x00007ffc37434000 	C:\Program Files\Android\Android Studio\jre\jre\bin\sunec.dll
0x00007ffc50b90000 - 0x00007ffc50b9a000 	C:\Windows\System32\rasadhlp.dll
0x00007ffc58750000 - 0x00007ffc5876e000 	C:\Users\Salman\AppData\Local\Temp\native-platform4628107650282135956dir\native-platform.dll

VM Arguments:
jvm_args: -Xmx1536m -Dfile.encoding=windows-1252 -Duser.country=IN -Duser.language=en -Duser.variant 
java_command: org.gradle.launcher.daemon.bootstrap.GradleDaemon 5.6.4
java_class_path (initial): C:\Users\Salman\.gradle\wrapper\dists\gradle-5.6.4-all\ankdp27end7byghfw1q2sw75f\gradle-5.6.4\lib\gradle-launcher-5.6.4.jar
Launcher Type: SUN_STANDARD

Environment Variables:
PATH=C:\Program Files (x86)\Common Files\Oracle\Java\javapath;C:\WINDOWS\system32;C:\WINDOWS;C:\WINDOWS\System32\Wbem;C:\WINDOWS\System32\WindowsPowerShell\v1.0\;C:\WINDOWS\System32\OpenSSH\;C:\WINDOWS\system32\config\systemprofile\.dnx\bin;C:\Program Files\Microsoft DNX\Dnvm\;C:\Program Files\Microsoft SQL Server\120\Tools\Binn\;C:\Program Files\Microsoft SQL Server\130\Tools\Binn\;C:\Program Files\nodejs\;C:\Program Files\Java\jre1.8.0_211\bin;C:\Users\Salman\AppData\Local\Microsoft\WindowsApps;C:\Program Files\nodejs\;;C:\Users\Salman\AppData\Local\Programs\Microsoft VS Code\bin;C:\Users\Salman\AppData\Roaming\npm
USERNAME=Salman
OS=Windows_NT
PROCESSOR_IDENTIFIER=Intel64 Family 6 Model 58 Stepping 9, GenuineIntel



---------------  S Y S T E M  ---------------

OS: Windows 10.0 , 64 bit Build 19041 (10.0.19041.1023)

CPU:total 4 (initial active 4) (2 cores per cpu, 2 threads per core) family 6 model 58 stepping 9, cmov, cx8, fxsr, mmx, sse, sse2, sse3, ssse3, sse4.1, sse4.2, popcnt, avx, clmul, erms, ht, tsc, tscinvbit, tscinv

Memory: 4k page, physical 3970592k(274740k free), swap 16029216k(5140k free)

vm_info: OpenJDK 64-Bit Server VM (25.242-b01) for windows-amd64 JRE (1.8.0_242-release-1644-b01), built by "builder" with MS VC++ 10.0 (VS2010)

time: Fri Jul 16 18:53:04 2021
timezone: India Standard Time
elapsed time: 376 seconds (0d 0h 6m 16s)

