#
# There is insufficient memory for the Java Runtime Environment to continue.
# Native memory allocation (malloc) failed to allocate 1266416 bytes for Chunk::new
# Possible reasons:
#   The system is out of physical RAM or swap space
#   The process is running with CompressedOops enabled, and the Java Heap may be blocking the growth of the native heap
# Possible solutions:
#   Reduce memory load on the system
#   Increase physical memory or swap space
#   Check if swap backing store is full
#   Decrease Java heap size (-Xmx/-Xms)
#   Decrease number of Java threads
#   Decrease Java thread stack sizes (-Xss)
#   Set larger code cache with -XX:ReservedCodeCacheSize=
#   JVM is running with Unscaled Compressed Oops mode in which the Java heap is
#     placed in the first 4GB address space. The Java Heap base address is the
#     maximum limit for the native heap growth. Please use -XX:HeapBaseMinAddress
#     to set the Java Heap base and to place the Java Heap above 4GB virtual address.
# This output file may be truncated or incomplete.
#
#  Out of Memory Error (allocation.cpp:389), pid=11448, tid=0x000000000000311c
#
# JRE version: OpenJDK Runtime Environment (8.0_242-b01) (build 1.8.0_242-release-1644-b01)
# Java VM: OpenJDK 64-Bit Server VM (25.242-b01 mixed mode windows-amd64 compressed oops)
# Failed to write core dump. Minidumps are not enabled by default on client versions of Windows
#

---------------  T H R E A D  ---------------

Current thread (0x0000000016601800):  JavaThread "C2 CompilerThread0" daemon [_thread_in_native, id=12572, stack(0x0000000017c50000,0x0000000017d50000)]

Stack: [0x0000000017c50000,0x0000000017d50000]
[error occurred during error reporting (printing stack bounds), id 0xc0000005]

Native frames: (J=compiled Java code, j=interpreted, Vv=VM code, C=native code)


Current CompileTask:
C2:1089496 21482       4       com.android.builder.symbols.BytecodeRClassWriterKt::generateResourceTypeClass (595 bytes)


---------------  P R O C E S S  ---------------

Java Threads: ( => current thread )
  0x000000001ec23800 JavaThread "WorkerExecutor Queue Thread 2" [_thread_blocked, id=11956, stack(0x000000002e490000,0x000000002e590000)]
  0x000000001ec1b800 JavaThread "stdout" [_thread_in_native, id=12984, stack(0x0000000026f10000,0x0000000027010000)]
  0x000000001ec1a800 JavaThread "stderr" [_thread_in_native, id=9288, stack(0x0000000024370000,0x0000000024470000)]
  0x0000000019f39800 JavaThread "pool-5-thread-1" [_thread_blocked, id=5528, stack(0x0000000026af0000,0x0000000026bf0000)]
  0x0000000019f37000 JavaThread "WorkerExecutor Queue" [_thread_in_native, id=10796, stack(0x0000000024270000,0x0000000024370000)]
  0x0000000019f36000 JavaThread "Cache worker for execution history cache (E:\Impetrosys\07\reegur_android\.gradle\5.6.4\executionHistory)" [_thread_blocked, id=10132, stack(0x0000000023f70000,0x0000000024070000)]
  0x0000000019f2e800 JavaThread "Execution worker for ':' Thread 3" [_thread_blocked, id=4292, stack(0x0000000023a40000,0x0000000023b40000)]
  0x0000000019f34800 JavaThread "Execution worker for ':' Thread 2" [_thread_blocked, id=15332, stack(0x0000000023940000,0x0000000023a40000)]
  0x0000000019f35800 JavaThread "Execution worker for ':'" [_thread_blocked, id=12660, stack(0x0000000023440000,0x0000000023540000)]
  0x0000000019f2e000 JavaThread "Cache worker for file content cache (E:\Impetrosys\07\reegur_android\.gradle\5.6.4\fileContent)" [_thread_blocked, id=3024, stack(0x0000000021070000,0x0000000021170000)]
  0x000000001cd9a800 JavaThread "Cache worker for Build Output Cleanup Cache (E:\Impetrosys\07\reegur_android\.gradle\buildOutputCleanup)" [_thread_blocked, id=14688, stack(0x0000000020b70000,0x0000000020c70000)]
  0x000000001cd99000 JavaThread "Build operations Thread 4" [_thread_blocked, id=12340, stack(0x0000000020a70000,0x0000000020b70000)]
  0x000000001cd97800 JavaThread "Build operations Thread 3" [_thread_blocked, id=15240, stack(0x0000000020970000,0x0000000020a70000)]
  0x000000001cd96000 JavaThread "Build operations Thread 2" [_thread_blocked, id=11324, stack(0x0000000020870000,0x0000000020970000)]
  0x000000001cd8e800 JavaThread "Build operations" [_thread_blocked, id=2188, stack(0x0000000020470000,0x0000000020570000)]
  0x000000001cd94800 JavaThread "Cache worker for cache directory md-rule (C:\Users\Salman\.gradle\caches\5.6.4\md-rule)" [_thread_blocked, id=4928, stack(0x000000001e710000,0x000000001e810000)]
  0x000000001cd94000 JavaThread "Cache worker for cache directory md-supplier (C:\Users\Salman\.gradle\caches\5.6.4\md-supplier)" [_thread_blocked, id=10852, stack(0x000000001e410000,0x000000001e510000)]
  0x000000001cd93000 JavaThread "Cache worker for file hash cache (E:\Impetrosys\07\reegur_android\.gradle\5.6.4\fileHashes)" [_thread_blocked, id=11224, stack(0x000000001be70000,0x000000001bf70000)]
  0x000000001cd91800 JavaThread "Thread-46" [_thread_blocked, id=13112, stack(0x000000001bd70000,0x000000001be70000)]
  0x000000001cd91000 JavaThread "Stdin handler" [_thread_blocked, id=6232, stack(0x000000001bc70000,0x000000001bd70000)]
  0x000000001d7f1000 JavaThread "Asynchronous log dispatcher for DefaultDaemonConnection: socket connection from /127.0.0.1:1026 to /127.0.0.1:1067" [_thread_blocked, id=7768, stack(0x000000001bb70000,0x000000001bc70000)]
  0x000000001d7f0000 JavaThread "Daemon worker Thread 2" [_thread_blocked, id=3160, stack(0x000000001ba70000,0x000000001bb70000)]
  0x000000001d7f5800 JavaThread "Cancel handler" [_thread_blocked, id=13776, stack(0x000000001b770000,0x000000001b870000)]
  0x000000001d7f4000 JavaThread "Handler for socket connection from /127.0.0.1:1026 to /127.0.0.1:1067" [_thread_in_native, id=12384, stack(0x000000001b670000,0x000000001b770000)]
  0x000000001d7f3000 JavaThread "Daemon Thread 2" [_thread_blocked, id=13128, stack(0x0000000001150000,0x0000000001250000)]
  0x000000001cd9b800 JavaThread "Cache worker for Java compile cache (C:\Users\Salman\.gradle\caches\5.6.4\javaCompile)" [_thread_blocked, id=6440, stack(0x000000002ea90000,0x000000002eb90000)]
  0x000000001cd95800 JavaThread "RMI Reaper" [_thread_blocked, id=8940, stack(0x000000002e790000,0x000000002e890000)]
  0x000000001cd9c000 JavaThread "RMI TCP Accept-0" daemon [_thread_in_native, id=14620, stack(0x000000002e690000,0x000000002e790000)]
  0x000000001cd97000 JavaThread "GC Daemon" daemon [_thread_blocked, id=4160, stack(0x000000002e590000,0x000000002e690000)]
  0x000000001cd8e000 JavaThread "RMI Scheduler(0)" daemon [_thread_blocked, id=4040, stack(0x000000002e390000,0x000000002e490000)]
  0x000000001ec20800 JavaThread "Cache worker for file content cache (C:\Users\Salman\.gradle\caches\5.6.4\fileContent)" [_thread_blocked, id=6436, stack(0x00000000222c0000,0x00000000223c0000)]
  0x000000001ec1f000 JavaThread "Memory manager" [_thread_blocked, id=12220, stack(0x0000000021170000,0x0000000021270000)]
  0x0000000019f31800 JavaThread "Cache worker for execution history cache (C:\Users\Salman\.gradle\caches\5.6.4\executionHistory)" [_thread_blocked, id=1984, stack(0x0000000020570000,0x0000000020670000)]
  0x0000000019f2d000 JavaThread "Cache worker for journal cache (C:\Users\Salman\.gradle\caches\journal-1)" [_thread_blocked, id=14288, stack(0x000000001c370000,0x000000001c470000)]
  0x0000000019f2c800 JavaThread "File lock request listener" [_thread_in_native, id=14884, stack(0x000000001c270000,0x000000001c370000)]
  0x0000000019f2b000 JavaThread "Cache worker for file hash cache (C:\Users\Salman\.gradle\caches\5.6.4\fileHashes)" [_thread_blocked, id=5212, stack(0x000000001c170000,0x000000001c270000)]
  0x0000000019d6c800 JavaThread "Daemon periodic checks" [_thread_blocked, id=13516, stack(0x000000001b570000,0x000000001b670000)]
  0x0000000019d68800 JavaThread "Incoming local TCP Connector on port 1026" [_thread_in_native, id=9276, stack(0x000000001b330000,0x000000001b430000)]
  0x0000000019d6d000 JavaThread "Daemon health stats" [_thread_blocked, id=11860, stack(0x000000001acf0000,0x000000001adf0000)]
  0x0000000017f80800 JavaThread "Service Thread" daemon [_thread_blocked, id=12736, stack(0x0000000018350000,0x0000000018450000)]
  0x000000001661b800 JavaThread "C1 CompilerThread2" daemon [_thread_blocked, id=672, stack(0x0000000017e50000,0x0000000017f50000)]
  0x000000001660d000 JavaThread "C2 CompilerThread1" daemon [_thread_in_native, id=11640, stack(0x0000000017d50000,0x0000000017e50000)]
=>0x0000000016601800 JavaThread "C2 CompilerThread0" daemon [_thread_in_native, id=12572, stack(0x0000000017c50000,0x0000000017d50000)]
  0x0000000016607800 JavaThread "Attach Listener" daemon [_thread_blocked, id=772, stack(0x0000000017b50000,0x0000000017c50000)]
  0x0000000016606000 JavaThread "Signal Dispatcher" daemon [_thread_blocked, id=4236, stack(0x0000000017a50000,0x0000000017b50000)]
  0x00000000165e8800 JavaThread "Finalizer" daemon [_thread_blocked, id=10648, stack(0x0000000017850000,0x0000000017950000)]
  0x0000000002c82000 JavaThread "Reference Handler" daemon [_thread_blocked, id=7036, stack(0x0000000017750000,0x0000000017850000)]
  0x0000000002a3d800 JavaThread "main" [_thread_blocked, id=8520, stack(0x0000000002a90000,0x0000000002b90000)]

Other Threads:
  0x00000000165c5800 VMThread [stack: 0x0000000017650000,0x0000000017750000] [id=8344]
  0x0000000017f82800 WatcherThread [stack: 0x0000000018450000,0x0000000018550000] [id=9724]

VM state:not at safepoint (normal execution)

VM Mutex/Monitor currently owned by a thread: None

heap address: 0x00000000a0000000, size: 1536 MB, Compressed Oops mode: 32-bit
Narrow klass base: 0x0000000000000000, Narrow klass shift: 3
Compressed class space size: 1073741824 Address: 0x0000000100000000

Heap:
 PSYoungGen      total 386048K, used 142415K [0x00000000e0000000, 0x00000000fc100000, 0x0000000100000000)
  eden space 321536K, 31% used [0x00000000e0000000,0x00000000e63901d8,0x00000000f3a00000)
  from space 64512K, 62% used [0x00000000f7a00000,0x00000000fa183d98,0x00000000fb900000)
  to   space 65536K, 0% used [0x00000000f3a00000,0x00000000f3a00000,0x00000000f7a00000)
 ParOldGen       total 175616K, used 123010K [0x00000000a0000000, 0x00000000aab80000, 0x00000000e0000000)
  object space 175616K, 70% used [0x00000000a0000000,0x00000000a7820b20,0x00000000aab80000)
 Metaspace       used 101385K, capacity 105824K, committed 106072K, reserved 1140736K
  class space    used 13171K, capacity 14051K, committed 14168K, reserved 1048576K

Card table byte_map: [0x0000000012050000,0x0000000012360000] byte_map_base: 0x0000000011b50000

Marking Bits: (ParMarkBitMap*) 0x000000006d34f030
 Begin Bits: [0x0000000012960000, 0x0000000014160000)
 End Bits:   [0x0000000014160000, 0x0000000015960000)

Polling page: 0x00000000029f0000

CodeCache: size=245760Kb used=60980Kb max_used=60990Kb free=184780Kb
 bounds [0x0000000002c90000, 0x0000000006870000, 0x0000000011c90000]
 total_blobs=17955 nmethods=17038 adapters=829
 compilation: enabled

Compilation events (10 events):
Event: 1089.360 Thread 0x000000001660d000 nmethod 21507% 0x00000000068643d0 code [0x0000000006864740, 0x0000000006866780]
Event: 1089.364 Thread 0x000000001660d000 21505       4       java.util.TimSort::gallopLeft (335 bytes)
Event: 1089.380 Thread 0x000000001660d000 nmethod 21505 0x0000000006851250 code [0x00000000068513a0, 0x00000000068517b8]
Event: 1089.380 Thread 0x000000001660d000 21486       4       com.android.ide.common.symbols.SymbolUtils::canonicalizeValueResourceName (27 bytes)
Event: 1089.411 Thread 0x000000001660d000 nmethod 21486 0x0000000006853390 code [0x0000000006853500, 0x0000000006853b98]
Event: 1089.412 Thread 0x000000001660d000 21492       4       org.objectweb.asm.commons.GeneratorAdapter::dup (10 bytes)
Event: 1089.421 Thread 0x000000001660d000 nmethod 21492 0x0000000006852d90 code [0x0000000006852f00, 0x0000000006853108]
Event: 1089.421 Thread 0x000000001660d000 21506       4       org.objectweb.asm.commons.GeneratorAdapter::arrayStore (14 bytes)
Event: 1089.428 Thread 0x000000001660d000 nmethod 21506 0x0000000006854310 code [0x0000000006854520, 0x00000000068547c8]
Event: 1089.428 Thread 0x000000001660d000 21508       4       org.objectweb.asm.ClassWriter::toByteArray (1360 bytes)

GC Heap History (10 events):
Event: 135.812 GC heap before
{Heap before GC invocations=28 (full 4):
 PSYoungGen      total 287744K, used 278818K [0x00000000e0000000, 0x00000000f6780000, 0x0000000100000000)
  eden space 247296K, 100% used [0x00000000e0000000,0x00000000ef180000,0x00000000ef180000)
  from space 40448K, 77% used [0x00000000ef180000,0x00000000f1048990,0x00000000f1900000)
  to   space 43520K, 0% used [0x00000000f3d00000,0x00000000f3d00000,0x00000000f6780000)
 ParOldGen       total 175616K, used 122962K [0x00000000a0000000, 0x00000000aab80000, 0x00000000e0000000)
  object space 175616K, 70% used [0x00000000a0000000,0x00000000a7814b20,0x00000000aab80000)
 Metaspace       used 83376K, capacity 86196K, committed 86488K, reserved 1124352K
  class space    used 11048K, capacity 11699K, committed 11736K, reserved 1048576K
Event: 135.885 GC heap after
Heap after GC invocations=28 (full 4):
 PSYoungGen      total 318464K, used 40573K [0x00000000e0000000, 0x00000000f7780000, 0x0000000100000000)
  eden space 274944K, 0% used [0x00000000e0000000,0x00000000e0000000,0x00000000f0c80000)
  from space 43520K, 93% used [0x00000000f3d00000,0x00000000f649f5a0,0x00000000f6780000)
  to   space 49664K, 0% used [0x00000000f0c80000,0x00000000f0c80000,0x00000000f3d00000)
 ParOldGen       total 175616K, used 122970K [0x00000000a0000000, 0x00000000aab80000, 0x00000000e0000000)
  object space 175616K, 70% used [0x00000000a0000000,0x00000000a7816b20,0x00000000aab80000)
 Metaspace       used 83376K, capacity 86196K, committed 86488K, reserved 1124352K
  class space    used 11048K, capacity 11699K, committed 11736K, reserved 1048576K
}
Event: 142.441 GC heap before
{Heap before GC invocations=29 (full 4):
 PSYoungGen      total 318464K, used 315517K [0x00000000e0000000, 0x00000000f7780000, 0x0000000100000000)
  eden space 274944K, 100% used [0x00000000e0000000,0x00000000f0c80000,0x00000000f0c80000)
  from space 43520K, 93% used [0x00000000f3d00000,0x00000000f649f5a0,0x00000000f6780000)
  to   space 49664K, 0% used [0x00000000f0c80000,0x00000000f0c80000,0x00000000f3d00000)
 ParOldGen       total 175616K, used 122970K [0x00000000a0000000, 0x00000000aab80000, 0x00000000e0000000)
  object space 175616K, 70% used [0x00000000a0000000,0x00000000a7816b20,0x00000000aab80000)
 Metaspace       used 92566K, capacity 96408K, committed 96600K, reserved 1132544K
  class space    used 12290K, capacity 13103K, committed 13144K, reserved 1048576K
Event: 142.520 GC heap after
Heap after GC invocations=29 (full 4):
 PSYoungGen      total 324608K, used 45477K [0x00000000e0000000, 0x00000000f9600000, 0x0000000100000000)
  eden space 274944K, 0% used [0x00000000e0000000,0x00000000e0000000,0x00000000f0c80000)
  from space 49664K, 91% used [0x00000000f0c80000,0x00000000f38e9668,0x00000000f3d00000)
  to   space 55808K, 0% used [0x00000000f5f80000,0x00000000f5f80000,0x00000000f9600000)
 ParOldGen       total 175616K, used 122986K [0x00000000a0000000, 0x00000000aab80000, 0x00000000e0000000)
  object space 175616K, 70% used [0x00000000a0000000,0x00000000a781ab20,0x00000000aab80000)
 Metaspace       used 92566K, capacity 96408K, committed 96600K, reserved 1132544K
  class space    used 12290K, capacity 13103K, committed 13144K, reserved 1048576K
}
Event: 147.416 GC heap before
{Heap before GC invocations=30 (full 4):
 PSYoungGen      total 324608K, used 320421K [0x00000000e0000000, 0x00000000f9600000, 0x0000000100000000)
  eden space 274944K, 100% used [0x00000000e0000000,0x00000000f0c80000,0x00000000f0c80000)
  from space 49664K, 91% used [0x00000000f0c80000,0x00000000f38e9668,0x00000000f3d00000)
  to   space 55808K, 0% used [0x00000000f5f80000,0x00000000f5f80000,0x00000000f9600000)
 ParOldGen       total 175616K, used 122986K [0x00000000a0000000, 0x00000000aab80000, 0x00000000e0000000)
  object space 175616K, 70% used [0x00000000a0000000,0x00000000a781ab20,0x00000000aab80000)
 Metaspace       used 94001K, capacity 97844K, committed 98008K, reserved 1134592K
  class space    used 12386K, capacity 13185K, committed 13272K, reserved 1048576K
Event: 147.483 GC heap after
Heap after GC invocations=30 (full 4):
 PSYoungGen      total 353792K, used 47711K [0x00000000e0000000, 0x00000000fa000000, 0x0000000100000000)
  eden space 297984K, 0% used [0x00000000e0000000,0x00000000e0000000,0x00000000f2300000)
  from space 55808K, 85% used [0x00000000f5f80000,0x00000000f8e17ec8,0x00000000f9600000)
  to   space 61952K, 0% used [0x00000000f2300000,0x00000000f2300000,0x00000000f5f80000)
 ParOldGen       total 175616K, used 122994K [0x00000000a0000000, 0x00000000aab80000, 0x00000000e0000000)
  object space 175616K, 70% used [0x00000000a0000000,0x00000000a781cb20,0x00000000aab80000)
 Metaspace       used 94001K, capacity 97844K, committed 98008K, reserved 1134592K
  class space    used 12386K, capacity 13185K, committed 13272K, reserved 1048576K
}
Event: 1063.503 GC heap before
{Heap before GC invocations=31 (full 4):
 PSYoungGen      total 353792K, used 345695K [0x00000000e0000000, 0x00000000fa000000, 0x0000000100000000)
  eden space 297984K, 100% used [0x00000000e0000000,0x00000000f2300000,0x00000000f2300000)
  from space 55808K, 85% used [0x00000000f5f80000,0x00000000f8e17ec8,0x00000000f9600000)
  to   space 61952K, 0% used [0x00000000f2300000,0x00000000f2300000,0x00000000f5f80000)
 ParOldGen       total 175616K, used 122994K [0x00000000a0000000, 0x00000000aab80000, 0x00000000e0000000)
  object space 175616K, 70% used [0x00000000a0000000,0x00000000a781cb20,0x00000000aab80000)
 Metaspace       used 101255K, capacity 105604K, committed 105816K, reserved 1140736K
  class space    used 13168K, capacity 14047K, committed 14168K, reserved 1048576K
Event: 1064.820 GC heap after
Heap after GC invocations=31 (full 4):
 PSYoungGen      total 359936K, used 42905K [0x00000000e0000000, 0x00000000fb900000, 0x0000000100000000)
  eden space 297984K, 0% used [0x00000000e0000000,0x00000000e0000000,0x00000000f2300000)
  from space 61952K, 69% used [0x00000000f2300000,0x00000000f4ce6740,0x00000000f5f80000)
  to   space 64512K, 0% used [0x00000000f7a00000,0x00000000f7a00000,0x00000000fb900000)
 ParOldGen       total 175616K, used 123002K [0x00000000a0000000, 0x00000000aab80000, 0x00000000e0000000)
  object space 175616K, 70% used [0x00000000a0000000,0x00000000a781eb20,0x00000000aab80000)
 Metaspace       used 101255K, capacity 105604K, committed 105816K, reserved 1140736K
  class space    used 13168K, capacity 14047K, committed 14168K, reserved 1048576K
}
Event: 1081.142 GC heap before
{Heap before GC invocations=32 (full 4):
 PSYoungGen      total 359936K, used 340889K [0x00000000e0000000, 0x00000000fb900000, 0x0000000100000000)
  eden space 297984K, 100% used [0x00000000e0000000,0x00000000f2300000,0x00000000f2300000)
  from space 61952K, 69% used [0x00000000f2300000,0x00000000f4ce6740,0x00000000f5f80000)
  to   space 64512K, 0% used [0x00000000f7a00000,0x00000000f7a00000,0x00000000fb900000)
 ParOldGen       total 175616K, used 123002K [0x00000000a0000000, 0x00000000aab80000, 0x00000000e0000000)
  object space 175616K, 70% used [0x00000000a0000000,0x00000000a781eb20,0x00000000aab80000)
 Metaspace       used 101342K, capacity 105672K, committed 105816K, reserved 1140736K
  class space    used 13169K, capacity 14047K, committed 14168K, reserved 1048576K
Event: 1081.806 GC heap after
Heap after GC invocations=32 (full 4):
 PSYoungGen      total 386048K, used 40463K [0x00000000e0000000, 0x00000000fc100000, 0x0000000100000000)
  eden space 321536K, 0% used [0x00000000e0000000,0x00000000e0000000,0x00000000f3a00000)
  from space 64512K, 62% used [0x00000000f7a00000,0x00000000fa183d98,0x00000000fb900000)
  to   space 65536K, 0% used [0x00000000f3a00000,0x00000000f3a00000,0x00000000f7a00000)
 ParOldGen       total 175616K, used 123010K [0x00000000a0000000, 0x00000000aab80000, 0x00000000e0000000)
  object space 175616K, 70% used [0x00000000a0000000,0x00000000a7820b20,0x00000000aab80000)
 Metaspace       used 101342K, capacity 105672K, committed 105816K, reserved 1140736K
  class space    used 13169K, capacity 14047K, committed 14168K, reserved 1048576K
}

Deoptimization events (10 events):
Event: 1079.739 Thread 0x0000000019f35800 Uncommon trap: reason=class_check action=maybe_recompile pc=0x00000000031bf074 method=java.io.Writer.append(Ljava/lang/CharSequence;)Ljava/io/Writer; @ 20
Event: 1080.233 Thread 0x0000000019f35800 Uncommon trap: reason=bimorphic action=maybe_recompile pc=0x0000000004991170 method=com.sun.org.apache.xerces.internal.dom.CoreDocumentImpl.isKidOK(Lorg/w3c/dom/Node;Lorg/w3c/dom/Node;)Z @ 39
Event: 1080.324 Thread 0x0000000019f35800 Uncommon trap: reason=class_check action=maybe_recompile pc=0x00000000040cb0a4 method=com.sun.org.apache.xerces.internal.dom.AttrImpl.getOwnerElement()Lorg/w3c/dom/Element; @ 18
Event: 1080.325 Thread 0x0000000019f35800 Uncommon trap: reason=class_check action=maybe_recompile pc=0x00000000040cb0a4 method=com.sun.org.apache.xerces.internal.dom.AttrImpl.getOwnerElement()Lorg/w3c/dom/Element; @ 18
Event: 1080.325 Thread 0x0000000019f35800 Uncommon trap: reason=class_check action=maybe_recompile pc=0x00000000040cb0a4 method=com.sun.org.apache.xerces.internal.dom.AttrImpl.getOwnerElement()Lorg/w3c/dom/Element; @ 18
Event: 1080.325 Thread 0x0000000019f35800 Uncommon trap: reason=class_check action=maybe_recompile pc=0x00000000040cb0a4 method=com.sun.org.apache.xerces.internal.dom.AttrImpl.getOwnerElement()Lorg/w3c/dom/Element; @ 18
Event: 1080.381 Thread 0x0000000019f35800 Uncommon trap: reason=unstable_if action=reinterpret pc=0x00000000049cafd4 method=com.android.ide.common.resources.NodeUtils.duplicateNode(Lorg/w3c/dom/Document;Lorg/w3c/dom/Node;)Lorg/w3c/dom/Node; @ 85
Event: 1080.694 Thread 0x0000000019f35800 Uncommon trap: reason=class_check action=maybe_recompile pc=0x00000000031bf074 method=java.io.Writer.append(Ljava/lang/CharSequence;)Ljava/io/Writer; @ 20
Event: 1081.002 Thread 0x000000001d7f0000 Uncommon trap: reason=unstable_if action=reinterpret pc=0x00000000048932f8 method=java.util.concurrent.locks.LockSupport.unpark(Ljava/lang/Thread;)V @ 1
Event: 1088.508 Thread 0x0000000019f37000 Uncommon trap: reason=array_check action=maybe_recompile pc=0x00000000067ea500 method=com.google.common.collect.RegularImmutableMap.fromEntryArray(I[Ljava/util/Map$Entry;)Lcom/google/common/collect/ImmutableMap; @ 157

Classes redefined (0 events):
No events

Internal exceptions (10 events):
Event: 1057.006 Thread 0x000000001d7f0000 Exception <a 'java/lang/reflect/InvocationTargetException'> (0x00000000ef37f4f0) thrown at [C:\src\AOSP-openjdk-git\hotspot\src\share\vm\runtime\reflection.cpp, line 1092]
Event: 1057.008 Thread 0x000000001d7f0000 Exception <a 'java/lang/reflect/InvocationTargetException'> (0x00000000ef381d68) thrown at [C:\src\AOSP-openjdk-git\hotspot\src\share\vm\runtime\reflection.cpp, line 1092]
Event: 1057.008 Thread 0x000000001d7f0000 Exception <a 'java/lang/reflect/InvocationTargetException'> (0x00000000ef384730) thrown at [C:\src\AOSP-openjdk-git\hotspot\src\share\vm\runtime\reflection.cpp, line 1092]
Event: 1057.009 Thread 0x000000001d7f0000 Exception <a 'java/lang/reflect/InvocationTargetException'> (0x00000000ef3870e8) thrown at [C:\src\AOSP-openjdk-git\hotspot\src\share\vm\runtime\reflection.cpp, line 1092]
Event: 1057.999 Thread 0x000000001d7f0000 Exception <a 'java/lang/reflect/InvocationTargetException'> (0x00000000ef43d4e8) thrown at [C:\src\AOSP-openjdk-git\hotspot\src\share\vm\runtime\reflection.cpp, line 1092]
Event: 1073.679 Thread 0x0000000019f2e800 Implicit null exception at 0x00000000043a14b2 to 0x00000000043a1afd
Event: 1077.432 Thread 0x0000000019f2f800 Exception <a 'java/net/UnknownHostException': api.crashlytics.com> (0x00000000e839b758) thrown at [C:\src\AOSP-openjdk-git\hotspot\src\share\vm\prims\jni.cpp, line 737]
Event: 1078.403 Thread 0x0000000019f35800 Implicit null exception at 0x00000000049c2dcb to 0x00000000049c3369
Event: 1088.747 Thread 0x0000000019f37000 Exception <a 'sun/nio/fs/WindowsException'> (0x00000000e421a380) thrown at [C:\src\AOSP-openjdk-git\hotspot\src\share\vm\prims\jni.cpp, line 710]
Event: 1088.747 Thread 0x0000000019f37000 Exception <a 'sun/nio/fs/WindowsException'> (0x00000000e421a828) thrown at [C:\src\AOSP-openjdk-git\hotspot\src\share\vm\prims\jni.cpp, line 710]

Events (10 events):
Event: 1088.852 Thread 0x0000000019f37000 DEOPT PACKING pc=0x0000000006835dc6 sp=0x000000002436da00
Event: 1088.852 Thread 0x0000000019f37000 DEOPT UNPACKING pc=0x0000000002cd75d0 sp=0x000000002436d778 mode 0
Event: 1088.959 Thread 0x0000000019f37000 DEOPT PACKING pc=0x0000000006835dc6 sp=0x000000002436d9a0
Event: 1088.959 Thread 0x0000000019f37000 DEOPT UNPACKING pc=0x0000000002cd75d0 sp=0x000000002436d718 mode 0
Event: 1089.023 Thread 0x0000000019f37000 DEOPT PACKING pc=0x00000000068390fe sp=0x000000002436d9b0
Event: 1089.023 Thread 0x0000000019f37000 DEOPT UNPACKING pc=0x0000000002cd75d0 sp=0x000000002436d720 mode 0
Event: 1089.129 Thread 0x0000000019f37000 DEOPT PACKING pc=0x0000000006835dc6 sp=0x000000002436d9a0
Event: 1089.129 Thread 0x0000000019f37000 DEOPT UNPACKING pc=0x0000000002cd75d0 sp=0x000000002436d718 mode 0
Event: 1089.425 Thread 0x0000000019f37000 DEOPT PACKING pc=0x00000000044cafe0 sp=0x000000002436dc30
Event: 1089.426 Thread 0x0000000019f37000 DEOPT UNPACKING pc=0x0000000002cd75d0 sp=0x000000002436da60 mode 0


Dynamic libraries:
0x00007ff71df90000 - 0x00007ff71dfc1000 	C:\Program Files\Android\Android Studio\jre\bin\java.exe
0x00007ffc5f670000 - 0x00007ffc5f865000 	C:\WINDOWS\SYSTEM32\ntdll.dll
0x00007ffc5e830000 - 0x00007ffc5e8ed000 	C:\WINDOWS\System32\KERNEL32.DLL
0x00007ffc5cfe0000 - 0x00007ffc5d2a8000 	C:\WINDOWS\System32\KERNELBASE.dll
0x00007ffc5f2f0000 - 0x00007ffc5f39c000 	C:\WINDOWS\System32\ADVAPI32.dll
0x00007ffc5d800000 - 0x00007ffc5d89e000 	C:\WINDOWS\System32\msvcrt.dll
0x00007ffc5e790000 - 0x00007ffc5e82b000 	C:\WINDOWS\System32\sechost.dll
0x00007ffc5f1c0000 - 0x00007ffc5f2eb000 	C:\WINDOWS\System32\RPCRT4.dll
0x00007ffc5e960000 - 0x00007ffc5eb00000 	C:\WINDOWS\System32\USER32.dll
0x00007ffc5cf10000 - 0x00007ffc5cf32000 	C:\WINDOWS\System32\win32u.dll
0x00007ffc5e6b0000 - 0x00007ffc5e6da000 	C:\WINDOWS\System32\GDI32.dll
0x00007ffc5d4d0000 - 0x00007ffc5d5db000 	C:\WINDOWS\System32\gdi32full.dll
0x00007ffc5cf40000 - 0x00007ffc5cfdd000 	C:\WINDOWS\System32\msvcp_win.dll
0x00007ffc5d5e0000 - 0x00007ffc5d6e0000 	C:\WINDOWS\System32\ucrtbase.dll
0x00007ffc4e7b0000 - 0x00007ffc4ea4a000 	C:\WINDOWS\WinSxS\amd64_microsoft.windows.common-controls_6595b64144ccf1df_6.0.19041.1052_none_60b8f8fd71f5e8cb\COMCTL32.dll
0x00007ffc5f3a0000 - 0x00007ffc5f3d0000 	C:\WINDOWS\System32\IMM32.DLL
0x000000006dc30000 - 0x000000006dd02000 	C:\Program Files\Android\Android Studio\jre\jre\bin\msvcr100.dll
0x000000006cb80000 - 0x000000006d3cb000 	C:\Program Files\Android\Android Studio\jre\jre\bin\server\jvm.dll
0x00007ffc5eb00000 - 0x00007ffc5eb08000 	C:\WINDOWS\System32\PSAPI.DLL
0x00007ffc51ec0000 - 0x00007ffc51eca000 	C:\WINDOWS\SYSTEM32\VERSION.dll
0x00007ffc51050000 - 0x00007ffc51077000 	C:\WINDOWS\SYSTEM32\WINMM.dll
0x00007ffc58760000 - 0x00007ffc58769000 	C:\WINDOWS\SYSTEM32\WSOCK32.dll
0x00007ffc5d990000 - 0x00007ffc5d9fb000 	C:\WINDOWS\System32\WS2_32.dll
0x00007ffc58700000 - 0x00007ffc5870f000 	C:\Program Files\Android\Android Studio\jre\jre\bin\verify.dll
0x00007ffc577a0000 - 0x00007ffc577c9000 	C:\Program Files\Android\Android Studio\jre\jre\bin\java.dll
0x00007ffc57780000 - 0x00007ffc57796000 	C:\Program Files\Android\Android Studio\jre\jre\bin\zip.dll
0x00007ffc5df70000 - 0x00007ffc5e6af000 	C:\WINDOWS\System32\SHELL32.dll
0x00007ffc5acd0000 - 0x00007ffc5b460000 	C:\WINDOWS\SYSTEM32\windows.storage.dll
0x00007ffc5da00000 - 0x00007ffc5dd55000 	C:\WINDOWS\System32\combase.dll
0x00007ffc5c750000 - 0x00007ffc5c77c000 	C:\WINDOWS\SYSTEM32\Wldp.dll
0x00007ffc5ebe0000 - 0x00007ffc5ec8e000 	C:\WINDOWS\System32\SHCORE.dll
0x00007ffc5f100000 - 0x00007ffc5f155000 	C:\WINDOWS\System32\shlwapi.dll
0x00007ffc5ccf0000 - 0x00007ffc5cd0f000 	C:\WINDOWS\SYSTEM32\profapi.dll
0x00007ffc57760000 - 0x00007ffc5777a000 	C:\Program Files\Android\Android Studio\jre\jre\bin\net.dll
0x00007ffc5c4c0000 - 0x00007ffc5c52a000 	C:\WINDOWS\system32\mswsock.dll
0x00007ffc57740000 - 0x00007ffc57753000 	C:\Program Files\Android\Android Studio\jre\jre\bin\nio.dll
0x00007ffc4da00000 - 0x00007ffc4da26000 	C:\Users\Salman\.gradle\native\30\windows-amd64\native-platform.dll
0x00007ffc57710000 - 0x00007ffc5771d000 	C:\Program Files\Android\Android Studio\jre\jre\bin\management.dll
0x00007ffc5c6a0000 - 0x00007ffc5c6b8000 	C:\WINDOWS\SYSTEM32\CRYPTSP.dll
0x00007ffc5be60000 - 0x00007ffc5be94000 	C:\WINDOWS\system32\rsaenh.dll
0x00007ffc5d4a0000 - 0x00007ffc5d4c7000 	C:\WINDOWS\System32\bcrypt.dll
0x00007ffc5ccb0000 - 0x00007ffc5ccde000 	C:\WINDOWS\SYSTEM32\USERENV.dll
0x00007ffc5d360000 - 0x00007ffc5d3e3000 	C:\WINDOWS\System32\bcryptprimitives.dll
0x00007ffc5c690000 - 0x00007ffc5c69c000 	C:\WINDOWS\SYSTEM32\CRYPTBASE.dll
0x00007ffc5c1b0000 - 0x00007ffc5c1eb000 	C:\WINDOWS\SYSTEM32\IPHLPAPI.DLL
0x00007ffc5e8f0000 - 0x00007ffc5e8f8000 	C:\WINDOWS\System32\NSI.dll
0x00007ffc52200000 - 0x00007ffc52217000 	C:\WINDOWS\SYSTEM32\dhcpcsvc6.DLL
0x00007ffc53df0000 - 0x00007ffc53e0d000 	C:\WINDOWS\SYSTEM32\dhcpcsvc.DLL
0x00007ffc5c1f0000 - 0x00007ffc5c2bc000 	C:\WINDOWS\SYSTEM32\DNSAPI.dll
0x00007ffc4e780000 - 0x00007ffc4e7a4000 	C:\Program Files\Android\Android Studio\jre\jre\bin\sunec.dll
0x00007ffc50b90000 - 0x00007ffc50b9a000 	C:\Windows\System32\rasadhlp.dll
0x00007ffc57650000 - 0x00007ffc5766e000 	C:\Users\Salman\AppData\Local\Temp\native-platform8295494995987489691dir\native-platform.dll

VM Arguments:
jvm_args: -Xmx1536m -Dfile.encoding=windows-1252 -Duser.country=IN -Duser.language=en -Duser.variant 
java_command: org.gradle.launcher.daemon.bootstrap.GradleDaemon 5.6.4
java_class_path (initial): C:\Users\Salman\.gradle\wrapper\dists\gradle-5.6.4-all\ankdp27end7byghfw1q2sw75f\gradle-5.6.4\lib\gradle-launcher-5.6.4.jar
Launcher Type: SUN_STANDARD

Environment Variables:
PATH=C:\Program Files (x86)\Common Files\Oracle\Java\javapath;C:\WINDOWS\system32;C:\WINDOWS;C:\WINDOWS\System32\Wbem;C:\WINDOWS\System32\WindowsPowerShell\v1.0\;C:\WINDOWS\System32\OpenSSH\;C:\WINDOWS\system32\config\systemprofile\.dnx\bin;C:\Program Files\Microsoft DNX\Dnvm\;C:\Program Files\Microsoft SQL Server\120\Tools\Binn\;C:\Program Files\Microsoft SQL Server\130\Tools\Binn\;C:\Program Files\nodejs\;C:\Program Files\Java\jre1.8.0_211\bin;C:\Users\Salman\AppData\Local\Microsoft\WindowsApps;C:\Program Files\nodejs\;;C:\Users\Salman\AppData\Local\Programs\Microsoft VS Code\bin;C:\Users\Salman\AppData\Roaming\npm
USERNAME=Salman
OS=Windows_NT
PROCESSOR_IDENTIFIER=Intel64 Family 6 Model 58 Stepping 9, GenuineIntel



---------------  S Y S T E M  ---------------

OS: Windows 10.0 , 64 bit Build 19041 (10.0.19041.1023)

CPU:total 4 (initial active 4) (2 cores per cpu, 2 threads per core) family 6 model 58 stepping 9, cmov, cx8, fxsr, mmx, sse, sse2, sse3, ssse3, sse4.1, sse4.2, popcnt, avx, clmul, erms, ht, tsc, tscinvbit, tscinv

Memory: 4k page, physical 3970592k(162544k free), swap 16029216k(20k free)

vm_info: OpenJDK 64-Bit Server VM (25.242-b01) for windows-amd64 JRE (1.8.0_242-release-1644-b01), built by "builder" with MS VC++ 10.0 (VS2010)

time: Fri Jul 16 16:36:15 2021
timezone: India Standard Time
elapsed time: 1089 seconds (0d 0h 18m 9s)

