#
# There is insufficient memory for the Java Runtime Environment to continue.
# Native memory allocation (malloc) failed to allocate 1162240 bytes for Chunk::new
# Possible reasons:
#   The system is out of physical RAM or swap space
#   The process is running with CompressedOops enabled, and the Java Heap may be blocking the growth of the native heap
# Possible solutions:
#   Reduce memory load on the system
#   Increase physical memory or swap space
#   Check if swap backing store is full
#   Decrease Java heap size (-Xmx/-Xms)
#   Decrease number of Java threads
#   Decrease Java thread stack sizes (-Xss)
#   Set larger code cache with -XX:ReservedCodeCacheSize=
#   JVM is running with Unscaled Compressed Oops mode in which the Java heap is
#     placed in the first 4GB address space. The Java Heap base address is the
#     maximum limit for the native heap growth. Please use -XX:HeapBaseMinAddress
#     to set the Java Heap base and to place the Java Heap above 4GB virtual address.
# This output file may be truncated or incomplete.
#
#  Out of Memory Error (allocation.cpp:389), pid=7688, tid=0x0000000000001280
#
# JRE version: OpenJDK Runtime Environment (8.0_242-b01) (build 1.8.0_242-release-1644-b01)
# Java VM: OpenJDK 64-Bit Server VM (25.242-b01 mixed mode windows-amd64 compressed oops)
# Failed to write core dump. Minidumps are not enabled by default on client versions of Windows
#

---------------  T H R E A D  ---------------

Current thread (0x0000000015eda000):  JavaThread "C2 CompilerThread1" daemon [_thread_in_native, id=4736, stack(0x0000000017640000,0x0000000017740000)]

Stack: [0x0000000017640000,0x0000000017740000]
[error occurred during error reporting (printing stack bounds), id 0xc0000005]

Native frames: (J=compiled Java code, j=interpreted, Vv=VM code, C=native code)


Current CompileTask:
C2:  85714 14438 %     4       com.android.tools.r8.ir.regalloc.LinearScanRegisterAllocator::a @ 2151 (3993 bytes)


---------------  P R O C E S S  ---------------

Java Threads: ( => current thread )
  0x000000001dad0000 JavaThread "WorkerExecutor Queue Thread 7" [_thread_blocked, id=6640, stack(0x0000000025410000,0x0000000025510000)]
  0x000000001dace800 JavaThread "WorkerExecutor Queue Thread 6" [_thread_blocked, id=2320, stack(0x0000000025310000,0x0000000025410000)]
  0x000000001dacc000 JavaThread "WorkerExecutor Queue Thread 5" [_thread_in_native, id=13668, stack(0x000000001b660000,0x000000001b760000)]
  0x000000001dad1800 JavaThread "ForkJoinPool.commonPool-worker-2" daemon [_thread_blocked, id=6900, stack(0x0000000000820000,0x0000000000920000)]
  0x0000000018caf000 JavaThread "RMI TCP Connection(idle)" daemon [_thread_blocked, id=5700, stack(0x000000002e600000,0x000000002e700000)]
  0x000000001dacd800 JavaThread "RMI TCP Connection(idle)" daemon [_thread_blocked, id=10424, stack(0x000000002e500000,0x000000002e600000)]
  0x000000001dacf000 JavaThread "RMI TCP Connection(idle)" daemon [_thread_blocked, id=12800, stack(0x000000002e300000,0x000000002e400000)]
  0x000000001dad2000 JavaThread "RMI Reaper" [_thread_blocked, id=11920, stack(0x000000002e200000,0x000000002e300000)]
  0x000000001dac6800 JavaThread "RMI TCP Accept-0" daemon [_thread_in_native, id=7360, stack(0x000000002e100000,0x000000002e200000)]
  0x000000001dac8000 JavaThread "GC Daemon" daemon [_thread_blocked, id=7212, stack(0x000000002dc70000,0x000000002dd70000)]
  0x000000001dacd000 JavaThread "RMI Scheduler(0)" daemon [_thread_blocked, id=9152, stack(0x000000002cb30000,0x000000002cc30000)]
  0x000000001daca800 JavaThread "stdout" [_thread_in_native, id=9192, stack(0x0000000025210000,0x0000000025310000)]
  0x000000001daca000 JavaThread "stderr" [_thread_in_native, id=3196, stack(0x0000000025110000,0x0000000025210000)]
  0x000000001dac9000 JavaThread "pool-2-thread-1" [_thread_blocked, id=10184, stack(0x0000000023e10000,0x0000000023f10000)]
  0x000000001dac4800 JavaThread "WorkerExecutor Queue" [_thread_blocked, id=10876, stack(0x0000000023b10000,0x0000000023c10000)]
  0x0000000018cae000 JavaThread "Cache worker for execution history cache (E:\Impetrosys\07\reegur_android\.gradle\5.6.4\executionHistory)" [_thread_blocked, id=5456, stack(0x0000000023600000,0x0000000023700000)]
  0x0000000018ca7800 JavaThread "Execution worker for ':' Thread 3" [_thread_blocked, id=8964, stack(0x0000000023500000,0x0000000023600000)]
  0x0000000018ca8000 JavaThread "Execution worker for ':' Thread 2" [_thread_blocked, id=12336, stack(0x0000000022190000,0x0000000022290000)]
  0x0000000018ca9000 JavaThread "Execution worker for ':'" [_thread_blocked, id=11808, stack(0x0000000021d00000,0x0000000021e00000)]
  0x0000000018cad800 JavaThread "Cache worker for file content cache (E:\Impetrosys\07\reegur_android\.gradle\5.6.4\fileContent)" [_thread_blocked, id=188, stack(0x0000000021c00000,0x0000000021d00000)]
  0x0000000018cac000 JavaThread "Cache worker for file content cache (C:\Users\Salman\.gradle\caches\5.6.4\fileContent)" [_thread_blocked, id=6720, stack(0x0000000021b00000,0x0000000021c00000)]
  0x0000000018cab000 JavaThread "Memory manager" [_thread_blocked, id=12720, stack(0x0000000021e90000,0x0000000021f90000)]
  0x0000000018ca4000 JavaThread "Cache worker for Build Output Cleanup Cache (E:\Impetrosys\07\reegur_android\.gradle\buildOutputCleanup)" [_thread_blocked, id=2000, stack(0x0000000020c00000,0x0000000020d00000)]
  0x0000000018ca1000 JavaThread "Build operations Thread 4" [_thread_blocked, id=9388, stack(0x0000000020900000,0x0000000020a00000)]
  0x0000000018ca2800 JavaThread "Build operations Thread 3" [_thread_blocked, id=400, stack(0x0000000020800000,0x0000000020900000)]
  0x0000000018ca2000 JavaThread "Build operations Thread 2" [_thread_blocked, id=9520, stack(0x0000000020700000,0x0000000020800000)]
  0x0000000018ca0800 JavaThread "Build operations" [_thread_blocked, id=5544, stack(0x000000001fe60000,0x000000001ff60000)]
  0x0000000018ca3800 JavaThread "Cache worker for execution history cache (C:\Users\Salman\.gradle\caches\5.6.4\executionHistory)" [_thread_blocked, id=9836, stack(0x000000001ffa0000,0x00000000200a0000)]
  0x0000000018ca5000 JavaThread "Cache worker for cache directory md-rule (C:\Users\Salman\.gradle\caches\5.6.4\md-rule)" [_thread_blocked, id=9816, stack(0x000000001fd60000,0x000000001fe60000)]
  0x0000000019b76800 JavaThread "Cache worker for cache directory md-supplier (C:\Users\Salman\.gradle\caches\5.6.4\md-supplier)" [_thread_blocked, id=3768, stack(0x000000001fc60000,0x000000001fd60000)]
  0x0000000019b72000 JavaThread "Cache worker for file hash cache (E:\Impetrosys\07\reegur_android\.gradle\5.6.4\fileHashes)" [_thread_blocked, id=11940, stack(0x000000001e390000,0x000000001e490000)]
  0x0000000019b71800 JavaThread "Cache worker for journal cache (C:\Users\Salman\.gradle\caches\journal-1)" [_thread_blocked, id=13664, stack(0x000000001bc60000,0x000000001bd60000)]
  0x0000000019b70800 JavaThread "File lock request listener" [_thread_in_native, id=13820, stack(0x000000001bb60000,0x000000001bc60000)]
  0x0000000019b77800 JavaThread "Cache worker for file hash cache (C:\Users\Salman\.gradle\caches\5.6.4\fileHashes)" [_thread_blocked, id=8776, stack(0x000000001ba60000,0x000000001bb60000)]
  0x000000001992e000 JavaThread "Thread-9" [_thread_blocked, id=12856, stack(0x000000001b760000,0x000000001b860000)]
  0x00000000198f9000 JavaThread "Asynchronous log dispatcher for DefaultDaemonConnection: socket connection from /127.0.0.1:1040 to /127.0.0.1:1044" [_thread_blocked, id=5412, stack(0x000000001b560000,0x000000001b660000)]
  0x00000000198f4800 JavaThread "Daemon worker" [_thread_blocked, id=7492, stack(0x000000001b460000,0x000000001b560000)]
  0x00000000198f3000 JavaThread "Cancel handler" [_thread_blocked, id=6176, stack(0x000000001b360000,0x000000001b460000)]
  0x0000000019812800 JavaThread "Handler for socket connection from /127.0.0.1:1040 to /127.0.0.1:1044" [_thread_in_native, id=1056, stack(0x000000001b060000,0x000000001b160000)]
  0x000000001980b800 JavaThread "Daemon" [_thread_blocked, id=5552, stack(0x000000001af60000,0x000000001b060000)]
  0x00000000197fc000 JavaThread "Daemon periodic checks" [_thread_blocked, id=10620, stack(0x000000001ae60000,0x000000001af60000)]
  0x00000000197fa000 JavaThread "Incoming local TCP Connector on port 1040" [_thread_in_native, id=5360, stack(0x000000001ac20000,0x000000001ad20000)]
  0x0000000017aeb000 JavaThread "Daemon health stats" [_thread_blocked, id=14592, stack(0x000000001a5e0000,0x000000001a6e0000)]
  0x0000000017860800 JavaThread "Service Thread" daemon [_thread_blocked, id=9164, stack(0x0000000017c40000,0x0000000017d40000)]
  0x0000000015ee3000 JavaThread "C1 CompilerThread2" daemon [_thread_blocked, id=10956, stack(0x0000000017740000,0x0000000017840000)]
=>0x0000000015eda000 JavaThread "C2 CompilerThread1" daemon [_thread_in_native, id=4736, stack(0x0000000017640000,0x0000000017740000)]
  0x0000000015ed3800 JavaThread "C2 CompilerThread0" daemon [_thread_in_native, id=7848, stack(0x0000000017540000,0x0000000017640000)]
  0x0000000015ed2000 JavaThread "Attach Listener" daemon [_thread_blocked, id=4856, stack(0x0000000017440000,0x0000000017540000)]
  0x0000000015ed0800 JavaThread "Signal Dispatcher" daemon [_thread_blocked, id=6516, stack(0x0000000017340000,0x0000000017440000)]
  0x0000000015eb8800 JavaThread "Finalizer" daemon [_thread_blocked, id=972, stack(0x0000000017140000,0x0000000017240000)]
  0x0000000002552000 JavaThread "Reference Handler" daemon [_thread_blocked, id=9176, stack(0x0000000017040000,0x0000000017140000)]
  0x000000000231d800 JavaThread "main" [_thread_blocked, id=13120, stack(0x0000000002360000,0x0000000002460000)]

Other Threads:
  0x0000000015e96000 VMThread [stack: 0x0000000016f40000,0x0000000017040000] [id=10276]
  0x0000000015f2d000 WatcherThread [stack: 0x0000000017d40000,0x0000000017e40000] [id=1264]

VM state:not at safepoint (normal execution)

VM Mutex/Monitor currently owned by a thread: None

heap address: 0x00000000a0000000, size: 1536 MB, Compressed Oops mode: 32-bit
Narrow klass base: 0x0000000000000000, Narrow klass shift: 3
Compressed class space size: 1073741824 Address: 0x0000000100000000

Heap:
 PSYoungGen      total 285696K, used 51251K [0x00000000e0000000, 0x00000000f5d80000, 0x0000000100000000)
  eden space 234496K, 4% used [0x00000000e0000000,0x00000000e0a51ea8,0x00000000ee500000)
  from space 51200K, 79% used [0x00000000f1b80000,0x00000000f433af40,0x00000000f4d80000)
  to   space 55808K, 0% used [0x00000000ee500000,0x00000000ee500000,0x00000000f1b80000)
 ParOldGen       total 181760K, used 103900K [0x00000000a0000000, 0x00000000ab180000, 0x00000000e0000000)
  object space 181760K, 57% used [0x00000000a0000000,0x00000000a6577110,0x00000000ab180000)
 Metaspace       used 85961K, capacity 89592K, committed 89728K, reserved 1126400K
  class space    used 11564K, capacity 12405K, committed 12416K, reserved 1048576K

Card table byte_map: [0x0000000011920000,0x0000000011c30000] byte_map_base: 0x0000000011420000

Marking Bits: (ParMarkBitMap*) 0x000000006d34f030
 Begin Bits: [0x0000000012230000, 0x0000000013a30000)
 End Bits:   [0x0000000013a30000, 0x0000000015230000)

Polling page: 0x0000000000a90000

CodeCache: size=245760Kb used=42807Kb max_used=42807Kb free=202952Kb
 bounds [0x0000000002560000, 0x0000000004f60000, 0x0000000011560000]
 total_blobs=13415 nmethods=12531 adapters=796
 compilation: enabled

Compilation events (10 events):
Event: 85.158 Thread 0x0000000015ed3800 nmethod 14878 0x0000000004f4d7d0 code [0x0000000004f4d920, 0x0000000004f4d9c8]
Event: 85.170 Thread 0x0000000015ed3800 14879       4       java.io.File::isFile (43 bytes)
Event: 85.177 Thread 0x0000000015ed3800 nmethod 14879 0x0000000004f4d250 code [0x0000000004f4d3a0, 0x0000000004f4d5c8]
Event: 85.282 Thread 0x0000000015ee3000 14880       3       kotlin.collections.CollectionsKt___CollectionsKt::plus (88 bytes)
Event: 85.283 Thread 0x0000000015ee3000 nmethod 14880 0x0000000004f4df90 code [0x0000000004f4e1c0, 0x0000000004f4ec68]
Event: 85.297 Thread 0x0000000015ee3000 14881       3       java.util.logging.LogManager$LoggerContext::ensureDefaultLogger (70 bytes)
Event: 85.299 Thread 0x0000000015ee3000 nmethod 14881 0x0000000004f579d0 code [0x0000000004f57b80, 0x0000000004f58428]
Event: 85.308 Thread 0x0000000015ed3800 14882       4       java.nio.file.FileTreeIterator::fetchNextIfNeeded (65 bytes)
Event: 85.320 Thread 0x0000000015ee3000 14883       1       sun.nio.fs.WindowsFileSystem::getSeparator (3 bytes)
Event: 85.321 Thread 0x0000000015ee3000 nmethod 14883 0x0000000004f4dcd0 code [0x0000000004f4de20, 0x0000000004f4df30]

GC Heap History (10 events):
Event: 25.987 GC heap before
{Heap before GC invocations=22 (full 4):
 PSYoungGen      total 223232K, used 27112K [0x00000000e0000000, 0x00000000f3100000, 0x0000000100000000)
  eden space 196096K, 0% used [0x00000000e0000000,0x00000000e0000000,0x00000000ebf80000)
  from space 27136K, 99% used [0x00000000eeb00000,0x00000000f057a1c0,0x00000000f0580000)
  to   space 44544K, 0% used [0x00000000ebf80000,0x00000000ebf80000,0x00000000eeb00000)
 ParOldGen       total 97792K, used 83049K [0x00000000a0000000, 0x00000000a5f80000, 0x00000000e0000000)
  object space 97792K, 84% used [0x00000000a0000000,0x00000000a511a640,0x00000000a5f80000)
 Metaspace       used 68465K, capacity 71132K, committed 71168K, reserved 1110016K
  class space    used 9313K, capacity 9953K, committed 9984K, reserved 1048576K
Event: 26.906 GC heap after
Heap after GC invocations=22 (full 4):
 PSYoungGen      total 223232K, used 7105K [0x00000000e0000000, 0x00000000f3100000, 0x0000000100000000)
  eden space 196096K, 0% used [0x00000000e0000000,0x00000000e0000000,0x00000000ebf80000)
  from space 27136K, 26% used [0x00000000eeb00000,0x00000000ef1f0618,0x00000000f0580000)
  to   space 44544K, 0% used [0x00000000ebf80000,0x00000000ebf80000,0x00000000eeb00000)
 ParOldGen       total 181760K, used 97544K [0x00000000a0000000, 0x00000000ab180000, 0x00000000e0000000)
  object space 181760K, 53% used [0x00000000a0000000,0x00000000a5f420f0,0x00000000ab180000)
 Metaspace       used 68407K, capacity 70956K, committed 71168K, reserved 1110016K
  class space    used 9295K, capacity 9921K, committed 9984K, reserved 1048576K
}
Event: 30.057 GC heap before
{Heap before GC invocations=23 (full 4):
 PSYoungGen      total 223232K, used 203201K [0x00000000e0000000, 0x00000000f3100000, 0x0000000100000000)
  eden space 196096K, 100% used [0x00000000e0000000,0x00000000ebf80000,0x00000000ebf80000)
  from space 27136K, 26% used [0x00000000eeb00000,0x00000000ef1f0618,0x00000000f0580000)
  to   space 44544K, 0% used [0x00000000ebf80000,0x00000000ebf80000,0x00000000eeb00000)
 ParOldGen       total 181760K, used 97544K [0x00000000a0000000, 0x00000000ab180000, 0x00000000e0000000)
  object space 181760K, 53% used [0x00000000a0000000,0x00000000a5f420f0,0x00000000ab180000)
 Metaspace       used 71461K, capacity 74088K, committed 74368K, reserved 1114112K
  class space    used 9689K, capacity 10325K, committed 10368K, reserved 1048576K
Event: 30.113 GC heap after
Heap after GC invocations=23 (full 4):
 PSYoungGen      total 240640K, used 15175K [0x00000000e0000000, 0x00000000f2900000, 0x0000000100000000)
  eden space 196096K, 0% used [0x00000000e0000000,0x00000000e0000000,0x00000000ebf80000)
  from space 44544K, 34% used [0x00000000ebf80000,0x00000000ece51de8,0x00000000eeb00000)
  to   space 41984K, 0% used [0x00000000f0000000,0x00000000f0000000,0x00000000f2900000)
 ParOldGen       total 181760K, used 103868K [0x00000000a0000000, 0x00000000ab180000, 0x00000000e0000000)
  object space 181760K, 57% used [0x00000000a0000000,0x00000000a656f110,0x00000000ab180000)
 Metaspace       used 71461K, capacity 74088K, committed 74368K, reserved 1114112K
  class space    used 9689K, capacity 10325K, committed 10368K, reserved 1048576K
}
Event: 39.558 GC heap before
{Heap before GC invocations=24 (full 4):
 PSYoungGen      total 240640K, used 211271K [0x00000000e0000000, 0x00000000f2900000, 0x0000000100000000)
  eden space 196096K, 100% used [0x00000000e0000000,0x00000000ebf80000,0x00000000ebf80000)
  from space 44544K, 34% used [0x00000000ebf80000,0x00000000ece51de8,0x00000000eeb00000)
  to   space 41984K, 0% used [0x00000000f0000000,0x00000000f0000000,0x00000000f2900000)
 ParOldGen       total 181760K, used 103868K [0x00000000a0000000, 0x00000000ab180000, 0x00000000e0000000)
  object space 181760K, 57% used [0x00000000a0000000,0x00000000a656f110,0x00000000ab180000)
 Metaspace       used 75716K, capacity 78418K, committed 78720K, reserved 1118208K
  class space    used 10177K, capacity 10840K, committed 10880K, reserved 1048576K
Event: 39.658 GC heap after
Heap after GC invocations=24 (full 4):
 PSYoungGen      total 255488K, used 41409K [0x00000000e0000000, 0x00000000f3400000, 0x0000000100000000)
  eden space 213504K, 0% used [0x00000000e0000000,0x00000000e0000000,0x00000000ed080000)
  from space 41984K, 98% used [0x00000000f0000000,0x00000000f2870718,0x00000000f2900000)
  to   space 48640K, 0% used [0x00000000ed080000,0x00000000ed080000,0x00000000f0000000)
 ParOldGen       total 181760K, used 103876K [0x00000000a0000000, 0x00000000ab180000, 0x00000000e0000000)
  object space 181760K, 57% used [0x00000000a0000000,0x00000000a6571110,0x00000000ab180000)
 Metaspace       used 75716K, capacity 78418K, committed 78720K, reserved 1118208K
  class space    used 10177K, capacity 10840K, committed 10880K, reserved 1048576K
}
Event: 74.948 GC heap before
{Heap before GC invocations=25 (full 4):
 PSYoungGen      total 255488K, used 254913K [0x00000000e0000000, 0x00000000f3400000, 0x0000000100000000)
  eden space 213504K, 100% used [0x00000000e0000000,0x00000000ed080000,0x00000000ed080000)
  from space 41984K, 98% used [0x00000000f0000000,0x00000000f2870718,0x00000000f2900000)
  to   space 48640K, 0% used [0x00000000ed080000,0x00000000ed080000,0x00000000f0000000)
 ParOldGen       total 181760K, used 103876K [0x00000000a0000000, 0x00000000ab180000, 0x00000000e0000000)
  object space 181760K, 57% used [0x00000000a0000000,0x00000000a6571110,0x00000000ab180000)
 Metaspace       used 77243K, capacity 80074K, committed 80256K, reserved 1118208K
  class space    used 10377K, capacity 11062K, committed 11136K, reserved 1048576K
Event: 75.784 GC heap after
Heap after GC invocations=25 (full 4):
 PSYoungGen      total 262144K, used 33327K [0x00000000e0000000, 0x00000000f4d80000, 0x0000000100000000)
  eden space 213504K, 0% used [0x00000000e0000000,0x00000000e0000000,0x00000000ed080000)
  from space 48640K, 68% used [0x00000000ed080000,0x00000000ef10bdb0,0x00000000f0000000)
  to   space 51200K, 0% used [0x00000000f1b80000,0x00000000f1b80000,0x00000000f4d80000)
 ParOldGen       total 181760K, used 103884K [0x00000000a0000000, 0x00000000ab180000, 0x00000000e0000000)
  object space 181760K, 57% used [0x00000000a0000000,0x00000000a6573110,0x00000000ab180000)
 Metaspace       used 77243K, capacity 80074K, committed 80256K, reserved 1118208K
  class space    used 10377K, capacity 11062K, committed 11136K, reserved 1048576K
}
Event: 84.299 GC heap before
{Heap before GC invocations=26 (full 4):
 PSYoungGen      total 262144K, used 246621K [0x00000000e0000000, 0x00000000f4d80000, 0x0000000100000000)
  eden space 213504K, 99% used [0x00000000e0000000,0x00000000ed04b9f8,0x00000000ed080000)
  from space 48640K, 68% used [0x00000000ed080000,0x00000000ef10bdb0,0x00000000f0000000)
  to   space 51200K, 0% used [0x00000000f1b80000,0x00000000f1b80000,0x00000000f4d80000)
 ParOldGen       total 181760K, used 103884K [0x00000000a0000000, 0x00000000ab180000, 0x00000000e0000000)
  object space 181760K, 57% used [0x00000000a0000000,0x00000000a6573110,0x00000000ab180000)
 Metaspace       used 85826K, capacity 89392K, committed 89472K, reserved 1126400K
  class space    used 11545K, capacity 12365K, committed 12416K, reserved 1048576K
Event: 84.768 GC heap after
Heap after GC invocations=26 (full 4):
 PSYoungGen      total 285696K, used 40683K [0x00000000e0000000, 0x00000000f5d80000, 0x0000000100000000)
  eden space 234496K, 0% used [0x00000000e0000000,0x00000000e0000000,0x00000000ee500000)
  from space 51200K, 79% used [0x00000000f1b80000,0x00000000f433af40,0x00000000f4d80000)
  to   space 55808K, 0% used [0x00000000ee500000,0x00000000ee500000,0x00000000f1b80000)
 ParOldGen       total 181760K, used 103900K [0x00000000a0000000, 0x00000000ab180000, 0x00000000e0000000)
  object space 181760K, 57% used [0x00000000a0000000,0x00000000a6577110,0x00000000ab180000)
 Metaspace       used 85826K, capacity 89392K, committed 89472K, reserved 1126400K
  class space    used 11545K, capacity 12365K, committed 12416K, reserved 1048576K
}

Deoptimization events (10 events):
Event: 82.411 Thread 0x000000001dace800 Uncommon trap: reason=unstable_if action=reinterpret pc=0x0000000003066654 method=java.util.HashMap.putVal(ILjava/lang/Object;Ljava/lang/Object;ZZ)Ljava/lang/Object; @ 109
Event: 82.414 Thread 0x000000001dace800 Uncommon trap: reason=unstable_if action=reinterpret pc=0x0000000002e556e4 method=java.util.HashMap.getNode(ILjava/lang/Object;)Ljava/util/HashMap$Node; @ 84
Event: 82.705 Thread 0x000000001dace800 Uncommon trap: reason=bimorphic action=maybe_recompile pc=0x0000000004e9a064 method=com.android.tools.r8.u.b.j1.a(Lcom/android/tools/r8/ir/analysis/type/k;)Lcom/android/tools/r8/u/b/j1; @ 19
Event: 83.282 Thread 0x00000000197fc000 Uncommon trap: reason=bimorphic action=maybe_recompile pc=0x00000000028d76e0 method=java.util.HashMap.removeNode(ILjava/lang/Object;Ljava/lang/Object;ZZ)Ljava/util/HashMap$Node; @ 283
Event: 83.282 Thread 0x00000000197fc000 Uncommon trap: reason=bimorphic action=maybe_recompile pc=0x00000000028d76e0 method=java.util.HashMap.removeNode(ILjava/lang/Object;Ljava/lang/Object;ZZ)Ljava/util/HashMap$Node; @ 283
Event: 83.619 Thread 0x000000001dace800 Uncommon trap: reason=predicate action=maybe_recompile pc=0x0000000003ff5d54 method=java.util.Iterator.forEachRemaining(Ljava/util/function/Consumer;)V @ 14
Event: 84.020 Thread 0x000000001dace800 Uncommon trap: reason=unstable_if action=reinterpret pc=0x000000000280b868 method=java.util.Arrays.equals([Ljava/lang/Object;[Ljava/lang/Object;)Z @ 47
Event: 84.769 Thread 0x0000000002552000 Uncommon trap: reason=unstable_if action=reinterpret pc=0x000000000269d278 method=java.lang.ref.Reference.tryHandlePending(Z)Z @ 20
Event: 84.976 Thread 0x0000000018ca8000 Uncommon trap: reason=array_check action=maybe_recompile pc=0x0000000004f528a4 method=java.util.TimSort.reverseRange([Ljava/lang/Object;II)V @ 27
Event: 85.061 Thread 0x000000001dacc000 Uncommon trap: reason=array_check action=maybe_recompile pc=0x0000000004f528a4 method=java.util.TimSort.reverseRange([Ljava/lang/Object;II)V @ 27

Classes redefined (0 events):
No events

Internal exceptions (10 events):
Event: 84.152 Thread 0x000000001dace800 Exception <a 'sun/nio/fs/WindowsException'> (0x00000000ec8f8460) thrown at [C:\src\AOSP-openjdk-git\hotspot\src\share\vm\prims\jni.cpp, line 710]
Event: 84.159 Thread 0x000000001dace800 Exception <a 'sun/nio/fs/WindowsException'> (0x00000000ec906be8) thrown at [C:\src\AOSP-openjdk-git\hotspot\src\share\vm\prims\jni.cpp, line 710]
Event: 84.163 Thread 0x000000001dace800 Exception <a 'sun/nio/fs/WindowsException'> (0x00000000ec90ffe0) thrown at [C:\src\AOSP-openjdk-git\hotspot\src\share\vm\prims\jni.cpp, line 710]
Event: 84.168 Thread 0x000000001dace800 Exception <a 'sun/nio/fs/WindowsException'> (0x00000000ec91d9b8) thrown at [C:\src\AOSP-openjdk-git\hotspot\src\share\vm\prims\jni.cpp, line 710]
Event: 84.174 Thread 0x000000001dace800 Exception <a 'sun/nio/fs/WindowsException'> (0x00000000eca25f80) thrown at [C:\src\AOSP-openjdk-git\hotspot\src\share\vm\prims\jni.cpp, line 710]
Event: 84.180 Thread 0x000000001dace800 Exception <a 'sun/nio/fs/WindowsException'> (0x00000000eca2f2a8) thrown at [C:\src\AOSP-openjdk-git\hotspot\src\share\vm\prims\jni.cpp, line 710]
Event: 84.188 Thread 0x000000001dace800 Exception <a 'sun/nio/fs/WindowsException'> (0x00000000eca38570) thrown at [C:\src\AOSP-openjdk-git\hotspot\src\share\vm\prims\jni.cpp, line 710]
Event: 84.192 Thread 0x000000001dace800 Exception <a 'sun/nio/fs/WindowsException'> (0x00000000eca44cf0) thrown at [C:\src\AOSP-openjdk-git\hotspot\src\share\vm\prims\jni.cpp, line 710]
Event: 84.197 Thread 0x000000001dace800 Exception <a 'sun/nio/fs/WindowsException'> (0x00000000eca4cf38) thrown at [C:\src\AOSP-openjdk-git\hotspot\src\share\vm\prims\jni.cpp, line 710]
Event: 85.018 Thread 0x0000000018ca8000 Exception <a 'java/lang/NoSuchMethodError': <clinit>> (0x00000000e0212bb8) thrown at [C:\src\AOSP-openjdk-git\hotspot\src\share\vm\prims\jni.cpp, line 1615]

Events (10 events):
Event: 85.295 loading class com/android/builder/dexing/DexArchiveMergerException
Event: 85.295 loading class com/android/builder/dexing/DexArchiveMergerException done
Event: 85.301 loading class com/android/builder/dexing/DexArchives
Event: 85.301 loading class com/android/builder/dexing/DexArchives done
Event: 85.302 loading class com/android/builder/dexing/DexArchive
Event: 85.302 loading class com/android/builder/dexing/DexArchive done
Event: 85.304 loading class com/android/builder/dexing/DirDexArchive
Event: 85.304 loading class com/android/builder/dexing/DirDexArchive done
Event: 85.309 loading class com/android/builder/dexing/DexArchiveEntry
Event: 85.309 loading class com/android/builder/dexing/DexArchiveEntry done


Dynamic libraries:
0x00007ff71df90000 - 0x00007ff71dfc1000 	C:\Program Files\Android\Android Studio\jre\bin\java.exe
0x00007ffc5f670000 - 0x00007ffc5f865000 	C:\WINDOWS\SYSTEM32\ntdll.dll
0x00007ffc5e830000 - 0x00007ffc5e8ed000 	C:\WINDOWS\System32\KERNEL32.DLL
0x00007ffc5cfe0000 - 0x00007ffc5d2a8000 	C:\WINDOWS\System32\KERNELBASE.dll
0x00007ffc5f2f0000 - 0x00007ffc5f39c000 	C:\WINDOWS\System32\ADVAPI32.dll
0x00007ffc5d800000 - 0x00007ffc5d89e000 	C:\WINDOWS\System32\msvcrt.dll
0x00007ffc5e790000 - 0x00007ffc5e82b000 	C:\WINDOWS\System32\sechost.dll
0x00007ffc5f1c0000 - 0x00007ffc5f2eb000 	C:\WINDOWS\System32\RPCRT4.dll
0x00007ffc5e960000 - 0x00007ffc5eb00000 	C:\WINDOWS\System32\USER32.dll
0x00007ffc5cf10000 - 0x00007ffc5cf32000 	C:\WINDOWS\System32\win32u.dll
0x00007ffc5e6b0000 - 0x00007ffc5e6da000 	C:\WINDOWS\System32\GDI32.dll
0x00007ffc5d4d0000 - 0x00007ffc5d5db000 	C:\WINDOWS\System32\gdi32full.dll
0x00007ffc5cf40000 - 0x00007ffc5cfdd000 	C:\WINDOWS\System32\msvcp_win.dll
0x00007ffc5d5e0000 - 0x00007ffc5d6e0000 	C:\WINDOWS\System32\ucrtbase.dll
0x00007ffc4e7b0000 - 0x00007ffc4ea4a000 	C:\WINDOWS\WinSxS\amd64_microsoft.windows.common-controls_6595b64144ccf1df_6.0.19041.1052_none_60b8f8fd71f5e8cb\COMCTL32.dll
0x00007ffc5f3a0000 - 0x00007ffc5f3d0000 	C:\WINDOWS\System32\IMM32.DLL
0x000000006dc30000 - 0x000000006dd02000 	C:\Program Files\Android\Android Studio\jre\jre\bin\msvcr100.dll
0x000000006cb80000 - 0x000000006d3cb000 	C:\Program Files\Android\Android Studio\jre\jre\bin\server\jvm.dll
0x00007ffc5eb00000 - 0x00007ffc5eb08000 	C:\WINDOWS\System32\PSAPI.DLL
0x00007ffc51050000 - 0x00007ffc51077000 	C:\WINDOWS\SYSTEM32\WINMM.dll
0x00007ffc51ec0000 - 0x00007ffc51eca000 	C:\WINDOWS\SYSTEM32\VERSION.dll
0x00007ffc58760000 - 0x00007ffc58769000 	C:\WINDOWS\SYSTEM32\WSOCK32.dll
0x00007ffc5d990000 - 0x00007ffc5d9fb000 	C:\WINDOWS\System32\WS2_32.dll
0x00007ffc58700000 - 0x00007ffc5870f000 	C:\Program Files\Android\Android Studio\jre\jre\bin\verify.dll
0x00007ffc577a0000 - 0x00007ffc577c9000 	C:\Program Files\Android\Android Studio\jre\jre\bin\java.dll
0x00007ffc57780000 - 0x00007ffc57796000 	C:\Program Files\Android\Android Studio\jre\jre\bin\zip.dll
0x00007ffc5df70000 - 0x00007ffc5e6af000 	C:\WINDOWS\System32\SHELL32.dll
0x00007ffc5acd0000 - 0x00007ffc5b460000 	C:\WINDOWS\SYSTEM32\windows.storage.dll
0x00007ffc5da00000 - 0x00007ffc5dd55000 	C:\WINDOWS\System32\combase.dll
0x00007ffc5c750000 - 0x00007ffc5c77c000 	C:\WINDOWS\SYSTEM32\Wldp.dll
0x00007ffc5ebe0000 - 0x00007ffc5ec8e000 	C:\WINDOWS\System32\SHCORE.dll
0x00007ffc5f100000 - 0x00007ffc5f155000 	C:\WINDOWS\System32\shlwapi.dll
0x00007ffc5ccf0000 - 0x00007ffc5cd0f000 	C:\WINDOWS\SYSTEM32\profapi.dll
0x00007ffc57760000 - 0x00007ffc5777a000 	C:\Program Files\Android\Android Studio\jre\jre\bin\net.dll
0x00007ffc5c4c0000 - 0x00007ffc5c52a000 	C:\WINDOWS\system32\mswsock.dll
0x00007ffc57740000 - 0x00007ffc57753000 	C:\Program Files\Android\Android Studio\jre\jre\bin\nio.dll
0x00007ffc4da00000 - 0x00007ffc4da26000 	C:\Users\Salman\.gradle\native\30\windows-amd64\native-platform.dll
0x00007ffc57710000 - 0x00007ffc5771d000 	C:\Program Files\Android\Android Studio\jre\jre\bin\management.dll
0x00007ffc5c6a0000 - 0x00007ffc5c6b8000 	C:\WINDOWS\SYSTEM32\CRYPTSP.dll
0x00007ffc5be60000 - 0x00007ffc5be94000 	C:\WINDOWS\system32\rsaenh.dll
0x00007ffc5d4a0000 - 0x00007ffc5d4c7000 	C:\WINDOWS\System32\bcrypt.dll
0x00007ffc5ccb0000 - 0x00007ffc5ccde000 	C:\WINDOWS\SYSTEM32\USERENV.dll
0x00007ffc5d360000 - 0x00007ffc5d3e3000 	C:\WINDOWS\System32\bcryptprimitives.dll
0x00007ffc5c690000 - 0x00007ffc5c69c000 	C:\WINDOWS\SYSTEM32\CRYPTBASE.dll
0x00007ffc5c1b0000 - 0x00007ffc5c1eb000 	C:\WINDOWS\SYSTEM32\IPHLPAPI.DLL
0x00007ffc5e8f0000 - 0x00007ffc5e8f8000 	C:\WINDOWS\System32\NSI.dll
0x00007ffc52200000 - 0x00007ffc52217000 	C:\WINDOWS\SYSTEM32\dhcpcsvc6.DLL
0x00007ffc53df0000 - 0x00007ffc53e0d000 	C:\WINDOWS\SYSTEM32\dhcpcsvc.DLL
0x00007ffc5c1f0000 - 0x00007ffc5c2bc000 	C:\WINDOWS\SYSTEM32\DNSAPI.dll
0x00007ffc4e780000 - 0x00007ffc4e7a4000 	C:\Program Files\Android\Android Studio\jre\jre\bin\sunec.dll
0x00007ffc50b90000 - 0x00007ffc50b9a000 	C:\Windows\System32\rasadhlp.dll

VM Arguments:
jvm_args: -Xmx1536m -Dfile.encoding=windows-1252 -Duser.country=IN -Duser.language=en -Duser.variant 
java_command: org.gradle.launcher.daemon.bootstrap.GradleDaemon 5.6.4
java_class_path (initial): C:\Users\Salman\.gradle\wrapper\dists\gradle-5.6.4-all\ankdp27end7byghfw1q2sw75f\gradle-5.6.4\lib\gradle-launcher-5.6.4.jar
Launcher Type: SUN_STANDARD

Environment Variables:
PATH=C:\Program Files (x86)\Common Files\Oracle\Java\javapath;C:\WINDOWS\system32;C:\WINDOWS;C:\WINDOWS\System32\Wbem;C:\WINDOWS\System32\WindowsPowerShell\v1.0\;C:\WINDOWS\System32\OpenSSH\;C:\WINDOWS\system32\config\systemprofile\.dnx\bin;C:\Program Files\Microsoft DNX\Dnvm\;C:\Program Files\Microsoft SQL Server\120\Tools\Binn\;C:\Program Files\Microsoft SQL Server\130\Tools\Binn\;C:\Program Files\nodejs\;C:\Program Files\Java\jre1.8.0_211\bin;C:\Users\Salman\AppData\Local\Microsoft\WindowsApps;C:\Program Files\nodejs\;;C:\Users\Salman\AppData\Local\Programs\Microsoft VS Code\bin;C:\Users\Salman\AppData\Roaming\npm
USERNAME=Salman
OS=Windows_NT
PROCESSOR_IDENTIFIER=Intel64 Family 6 Model 58 Stepping 9, GenuineIntel



---------------  S Y S T E M  ---------------

OS: Windows 10.0 , 64 bit Build 19041 (10.0.19041.1023)

CPU:total 4 (initial active 4) (2 cores per cpu, 2 threads per core) family 6 model 58 stepping 9, cmov, cx8, fxsr, mmx, sse, sse2, sse3, ssse3, sse4.1, sse4.2, popcnt, avx, clmul, erms, ht, tsc, tscinvbit, tscinv

Memory: 4k page, physical 3970592k(265040k free), swap 16029216k(6804k free)

vm_info: OpenJDK 64-Bit Server VM (25.242-b01) for windows-amd64 JRE (1.8.0_242-release-1644-b01), built by "builder" with MS VC++ 10.0 (VS2010)

time: Fri Jul 16 16:38:34 2021
timezone: India Standard Time
elapsed time: 85 seconds (0d 0h 1m 25s)

