#
# There is insufficient memory for the Java Runtime Environment to continue.
# Native memory allocation (malloc) failed to allocate 1433776 bytes for Chunk::new
# Possible reasons:
#   The system is out of physical RAM or swap space
#   The process is running with CompressedOops enabled, and the Java Heap may be blocking the growth of the native heap
# Possible solutions:
#   Reduce memory load on the system
#   Increase physical memory or swap space
#   Check if swap backing store is full
#   Decrease Java heap size (-Xmx/-Xms)
#   Decrease number of Java threads
#   Decrease Java thread stack sizes (-Xss)
#   Set larger code cache with -XX:ReservedCodeCacheSize=
#   JVM is running with Unscaled Compressed Oops mode in which the Java heap is
#     placed in the first 4GB address space. The Java Heap base address is the
#     maximum limit for the native heap growth. Please use -XX:HeapBaseMinAddress
#     to set the Java Heap base and to place the Java Heap above 4GB virtual address.
# This output file may be truncated or incomplete.
#
#  Out of Memory Error (allocation.cpp:389), pid=7308, tid=0x000000000000324c
#
# JRE version: OpenJDK Runtime Environment (8.0_242-b01) (build 1.8.0_242-release-1644-b01)
# Java VM: OpenJDK 64-Bit Server VM (25.242-b01 mixed mode windows-amd64 compressed oops)
# Failed to write core dump. Minidumps are not enabled by default on client versions of Windows
#

---------------  T H R E A D  ---------------

Current thread (0x0000000016072000):  JavaThread "C2 CompilerThread0" daemon [_thread_in_native, id=12876, stack(0x00000000176c0000,0x00000000177c0000)]

Stack: [0x00000000176c0000,0x00000000177c0000]
[error occurred during error reporting (printing stack bounds), id 0xc0000005]

Native frames: (J=compiled Java code, j=interpreted, Vv=VM code, C=native code)


Current CompileTask:
C2:  85491 20180 %     4       com.android.tools.r8.dex.j::a @ 330 (1022 bytes)


---------------  P R O C E S S  ---------------

Java Threads: ( => current thread )
  0x000000001e6cf000 JavaThread "ForkJoinPool.commonPool-worker-3" daemon [_thread_in_native, id=13948, stack(0x00000000264c0000,0x00000000265c0000)]
  0x000000001e6c9800 JavaThread "ForkJoinPool.commonPool-worker-2" daemon [_thread_in_native, id=2408, stack(0x0000000023be0000,0x0000000023ce0000)]
  0x000000001e6c9000 JavaThread "ForkJoinPool.commonPool-worker-1" daemon [_thread_in_native, id=8828, stack(0x000000001b7e0000,0x000000001b8e0000)]
  0x000000002117c800 JavaThread "WorkerExecutor Queue Thread 5" [_thread_blocked, id=8268, stack(0x0000000000b10000,0x0000000000c10000)]
  0x0000000021179800 JavaThread "Cache worker for Java compile cache (E:\Impetrosys\07\reegur_android\.gradle\5.6.4\javaCompile)" [_thread_blocked, id=13740, stack(0x0000000026130000,0x0000000026230000)]
  0x0000000021171800 JavaThread "Cache worker for Java compile cache (C:\Users\Salman\.gradle\caches\5.6.4\javaCompile)" [_thread_blocked, id=2372, stack(0x0000000026030000,0x0000000026130000)]
  0x0000000021178000 JavaThread "WorkerExecutor Queue Thread 4" [_thread_blocked, id=8748, stack(0x0000000025f30000,0x0000000026030000)]
  0x0000000021172000 JavaThread "WorkerExecutor Queue Thread 3" [_thread_blocked, id=11644, stack(0x0000000025760000,0x0000000025860000)]
  0x0000000021170800 JavaThread "WorkerExecutor Queue Thread 2" [_thread_in_native, id=2380, stack(0x0000000024f80000,0x0000000025080000)]
  0x0000000021177800 JavaThread "stdout" [_thread_in_native, id=1868, stack(0x0000000025980000,0x0000000025a80000)]
  0x0000000021176800 JavaThread "stderr" [_thread_in_native, id=2040, stack(0x0000000025880000,0x0000000025980000)]
  0x000000002116f000 JavaThread "pool-2-thread-1" [_thread_blocked, id=14340, stack(0x0000000023710000,0x0000000023810000)]
  0x000000001d799800 JavaThread "Cache worker for execution history cache (E:\Impetrosys\07\reegur_android\.gradle\5.6.4\executionHistory)" [_thread_blocked, id=2044, stack(0x0000000022f40000,0x0000000023040000)]
  0x000000001d798000 JavaThread "Execution worker for ':' Thread 3" [_thread_blocked, id=8632, stack(0x0000000024e80000,0x0000000024f80000)]
  0x000000001d78f800 JavaThread "Execution worker for ':' Thread 2" [_thread_blocked, id=10320, stack(0x0000000024d80000,0x0000000024e80000)]
  0x000000001d796800 JavaThread "Execution worker for ':'" [_thread_blocked, id=14532, stack(0x0000000023880000,0x0000000023980000)]
  0x000000001d792000 JavaThread "Cache worker for file content cache (E:\Impetrosys\07\reegur_android\.gradle\5.6.4\fileContent)" [_thread_blocked, id=15108, stack(0x0000000022e40000,0x0000000022f40000)]
  0x000000001d795000 JavaThread "Cache worker for file content cache (C:\Users\Salman\.gradle\caches\5.6.4\fileContent)" [_thread_blocked, id=5796, stack(0x0000000022d40000,0x0000000022e40000)]
  0x000000001d793800 JavaThread "Memory manager" [_thread_blocked, id=14544, stack(0x0000000022c40000,0x0000000022d40000)]
  0x000000001d791000 JavaThread "Cache worker for Build Output Cleanup Cache (E:\Impetrosys\07\reegur_android\.gradle\buildOutputCleanup)" [_thread_blocked, id=9968, stack(0x00000000208b0000,0x00000000209b0000)]
  0x000000001d790800 JavaThread "Build operations Thread 4" [_thread_blocked, id=13588, stack(0x00000000203b0000,0x00000000204b0000)]
  0x000000001d792800 JavaThread "Build operations Thread 3" [_thread_blocked, id=7572, stack(0x00000000202b0000,0x00000000203b0000)]
  0x000000001d78b000 JavaThread "Build operations Thread 2" [_thread_blocked, id=14708, stack(0x00000000201b0000,0x00000000202b0000)]
  0x000000001d78a800 JavaThread "Build operations" [_thread_blocked, id=14608, stack(0x00000000200b0000,0x00000000201b0000)]
  0x000000001d78f000 JavaThread "Cache worker for execution history cache (C:\Users\Salman\.gradle\caches\5.6.4\executionHistory)" [_thread_blocked, id=580, stack(0x000000001ffb0000,0x00000000200b0000)]
  0x000000001d78e000 JavaThread "Cache worker for cache directory md-rule (C:\Users\Salman\.gradle\caches\5.6.4\md-rule)" [_thread_blocked, id=9028, stack(0x000000001feb0000,0x000000001ffb0000)]
  0x000000001d78c000 JavaThread "Cache worker for cache directory md-supplier (C:\Users\Salman\.gradle\caches\5.6.4\md-supplier)" [_thread_blocked, id=8600, stack(0x000000001fdb0000,0x000000001feb0000)]
  0x0000000016091800 JavaThread "Cache worker for file hash cache (E:\Impetrosys\07\reegur_android\.gradle\5.6.4\fileHashes)" [_thread_blocked, id=10652, stack(0x000000001f4b0000,0x000000001f5b0000)]
  0x000000001608e800 JavaThread "Cache worker for journal cache (C:\Users\Salman\.gradle\caches\journal-1)" [_thread_blocked, id=12084, stack(0x000000001bde0000,0x000000001bee0000)]
  0x0000000016093000 JavaThread "File lock request listener" [_thread_in_native, id=696, stack(0x000000001bce0000,0x000000001bde0000)]
  0x0000000016095000 JavaThread "Cache worker for file hash cache (C:\Users\Salman\.gradle\caches\5.6.4\fileHashes)" [_thread_blocked, id=14932, stack(0x000000001bbe0000,0x000000001bce0000)]
  0x0000000019a43800 JavaThread "Thread-9" [_thread_blocked, id=6204, stack(0x000000001b8e0000,0x000000001b9e0000)]
  0x0000000019a3e000 JavaThread "Asynchronous log dispatcher for DefaultDaemonConnection: socket connection from /127.0.0.1:4496 to /127.0.0.1:4497" [_thread_blocked, id=7676, stack(0x000000001b6e0000,0x000000001b7e0000)]
  0x0000000019a37800 JavaThread "Daemon worker" [_thread_blocked, id=7008, stack(0x000000001b5e0000,0x000000001b6e0000)]
  0x0000000019a36800 JavaThread "Cancel handler" [_thread_blocked, id=7696, stack(0x000000001b4e0000,0x000000001b5e0000)]
  0x0000000019976000 JavaThread "Handler for socket connection from /127.0.0.1:4496 to /127.0.0.1:4497" [_thread_in_native, id=14908, stack(0x000000001b1e0000,0x000000001b2e0000)]
  0x0000000019970800 JavaThread "Daemon" [_thread_blocked, id=13108, stack(0x000000001b0e0000,0x000000001b1e0000)]
  0x0000000019957000 JavaThread "Daemon periodic checks" [_thread_blocked, id=6248, stack(0x000000001afe0000,0x000000001b0e0000)]
  0x0000000019955800 JavaThread "Incoming local TCP Connector on port 4496" [_thread_in_native, id=8236, stack(0x000000001ada0000,0x000000001aea0000)]
  0x0000000019868800 JavaThread "Daemon health stats" [_thread_blocked, id=8848, stack(0x000000001a760000,0x000000001a860000)]
  0x00000000179f3000 JavaThread "Service Thread" daemon [_thread_blocked, id=14760, stack(0x0000000017dc0000,0x0000000017ec0000)]
  0x0000000016090000 JavaThread "C1 CompilerThread2" daemon [_thread_blocked, id=5984, stack(0x00000000178c0000,0x00000000179c0000)]
  0x000000001607c800 JavaThread "C2 CompilerThread1" daemon [_thread_in_native, id=6724, stack(0x00000000177c0000,0x00000000178c0000)]
=>0x0000000016072000 JavaThread "C2 CompilerThread0" daemon [_thread_in_native, id=12876, stack(0x00000000176c0000,0x00000000177c0000)]
  0x0000000016077000 JavaThread "Attach Listener" daemon [_thread_blocked, id=9736, stack(0x00000000175c0000,0x00000000176c0000)]
  0x0000000016076000 JavaThread "Signal Dispatcher" daemon [_thread_blocked, id=10376, stack(0x00000000174c0000,0x00000000175c0000)]
  0x00000000026fb000 JavaThread "Finalizer" daemon [_thread_blocked, id=12608, stack(0x00000000172c0000,0x00000000173c0000)]
  0x0000000016059000 JavaThread "Reference Handler" daemon [_thread_blocked, id=10220, stack(0x00000000171c0000,0x00000000172c0000)]
  0x00000000025fd800 JavaThread "main" [_thread_blocked, id=11636, stack(0x00000000024a0000,0x00000000025a0000)]

Other Threads:
  0x0000000016036000 VMThread [stack: 0x00000000170c0000,0x00000000171c0000] [id=14652]
  0x00000000179f4800 WatcherThread [stack: 0x0000000017ec0000,0x0000000017fc0000] [id=1304]

VM state:not at safepoint (normal execution)

VM Mutex/Monitor currently owned by a thread: None

heap address: 0x00000000a0000000, size: 1536 MB, Compressed Oops mode: 32-bit
Narrow klass base: 0x0000000000000000, Narrow klass shift: 3
Compressed class space size: 1073741824 Address: 0x0000000100000000

Heap:
 PSYoungGen      total 380416K, used 171932K [0x00000000e0000000, 0x0000000100000000, 0x0000000100000000)
  eden space 243712K, 30% used [0x00000000e0000000,0x00000000e48e52a8,0x00000000eee00000)
  from space 136704K, 71% used [0x00000000f7700000,0x00000000fd601ec8,0x00000000ffc80000)
  to   space 140288K, 0% used [0x00000000eee00000,0x00000000eee00000,0x00000000f7700000)
 ParOldGen       total 336384K, used 221965K [0x00000000a0000000, 0x00000000b4880000, 0x00000000e0000000)
  object space 336384K, 65% used [0x00000000a0000000,0x00000000ad8c35a0,0x00000000b4880000)
 Metaspace       used 93383K, capacity 97330K, committed 97664K, reserved 1134592K
  class space    used 12232K, capacity 13078K, committed 13184K, reserved 1048576K

Card table byte_map: [0x0000000011ac0000,0x0000000011dd0000] byte_map_base: 0x00000000115c0000

Marking Bits: (ParMarkBitMap*) 0x000000006d34f030
 Begin Bits: [0x00000000123d0000, 0x0000000013bd0000)
 End Bits:   [0x0000000013bd0000, 0x00000000153d0000)

Polling page: 0x0000000002460000

CodeCache: size=245760Kb used=57451Kb max_used=57821Kb free=188308Kb
 bounds [0x0000000002700000, 0x0000000006020000, 0x0000000011700000]
 total_blobs=17233 nmethods=16335 adapters=807
 compilation: enabled

Compilation events (10 events):
Event: 85.393 Thread 0x0000000016090000 20407       2       com.android.builder.internal.packaging.IncrementalPackager::lambda$addFiles$8 (8 bytes)
Event: 85.393 Thread 0x0000000016090000 nmethod 20407 0x0000000005a6b990 code [0x0000000005a6bb00, 0x0000000005a6bd28]
Event: 85.393 Thread 0x0000000016090000 20406       2       com.android.builder.internal.packaging.IncrementalPackager$$Lambda$832/219406782::apply (8 bytes)
Event: 85.394 Thread 0x0000000016090000 nmethod 20406 0x0000000005a6b350 code [0x0000000005a6b4c0, 0x0000000005a6b748]
Event: 85.394 Thread 0x0000000016090000 20408       2       com.android.builder.files.RelativeFile::getBase (25 bytes)
Event: 85.394 Thread 0x0000000016090000 nmethod 20408 0x0000000005a6ae50 code [0x0000000005a6afc0, 0x0000000005a6b208]
Event: 85.397 Thread 0x0000000016090000 20409       2       com.google.common.collect.Iterators$6::transform (11 bytes)
Event: 85.398 Thread 0x0000000016090000 nmethod 20409 0x0000000005a6aad0 code [0x0000000005a6ac40, 0x0000000005a6adc8]
Event: 85.398 Thread 0x0000000016090000 20410       2       com.android.builder.internal.packaging.IncrementalPackager$$Lambda$833/1346121441::apply (8 bytes)
Event: 85.398 Thread 0x0000000016090000 nmethod 20410 0x0000000005a6a710 code [0x0000000005a6a860, 0x0000000005a6a9f0]

GC Heap History (10 events):
Event: 76.350 GC heap before
{Heap before GC invocations=37 (full 5):
 PSYoungGen      total 351232K, used 350723K [0x00000000e0000000, 0x0000000100000000, 0x0000000100000000)
  eden space 265216K, 100% used [0x00000000e0000000,0x00000000f0300000,0x00000000f0300000)
  from space 86016K, 99% used [0x00000000f0300000,0x00000000f5680db0,0x00000000f5700000)
  to   space 132608K, 0% used [0x00000000f7e80000,0x00000000f7e80000,0x0000000100000000)
 ParOldGen       total 336384K, used 221941K [0x00000000a0000000, 0x00000000b4880000, 0x00000000e0000000)
  object space 336384K, 65% used [0x00000000a0000000,0x00000000ad8bd5a0,0x00000000b4880000)
 Metaspace       used 92234K, capacity 96058K, committed 96128K, reserved 1132544K
  class space    used 12074K, capacity 12886K, committed 12928K, reserved 1048576K
Event: 76.539 GC heap after
Heap after GC invocations=37 (full 5):
 PSYoungGen      total 386560K, used 85939K [0x00000000e0000000, 0x0000000100000000, 0x0000000100000000)
  eden space 253952K, 0% used [0x00000000e0000000,0x00000000e0000000,0x00000000ef800000)
  from space 132608K, 64% used [0x00000000f7e80000,0x00000000fd26cc40,0x0000000100000000)
  to   space 135168K, 0% used [0x00000000ef800000,0x00000000ef800000,0x00000000f7c00000)
 ParOldGen       total 336384K, used 221949K [0x00000000a0000000, 0x00000000b4880000, 0x00000000e0000000)
  object space 336384K, 65% used [0x00000000a0000000,0x00000000ad8bf5a0,0x00000000b4880000)
 Metaspace       used 92234K, capacity 96058K, committed 96128K, reserved 1132544K
  class space    used 12074K, capacity 12886K, committed 12928K, reserved 1048576K
}
Event: 78.119 GC heap before
{Heap before GC invocations=38 (full 5):
 PSYoungGen      total 386560K, used 339891K [0x00000000e0000000, 0x0000000100000000, 0x0000000100000000)
  eden space 253952K, 100% used [0x00000000e0000000,0x00000000ef800000,0x00000000ef800000)
  from space 132608K, 64% used [0x00000000f7e80000,0x00000000fd26cc40,0x0000000100000000)
  to   space 135168K, 0% used [0x00000000ef800000,0x00000000ef800000,0x00000000f7c00000)
 ParOldGen       total 336384K, used 221949K [0x00000000a0000000, 0x00000000b4880000, 0x00000000e0000000)
  object space 336384K, 65% used [0x00000000a0000000,0x00000000ad8bf5a0,0x00000000b4880000)
 Metaspace       used 92334K, capacity 96166K, committed 96384K, reserved 1132544K
  class space    used 12086K, capacity 12920K, committed 12928K, reserved 1048576K
Event: 78.303 GC heap after
Heap after GC invocations=38 (full 5):
 PSYoungGen      total 344064K, used 89694K [0x00000000e0000000, 0x0000000100000000, 0x0000000100000000)
  eden space 253952K, 0% used [0x00000000e0000000,0x00000000e0000000,0x00000000ef800000)
  from space 90112K, 99% used [0x00000000ef800000,0x00000000f4f979c0,0x00000000f5000000)
  to   space 137728K, 0% used [0x00000000f7980000,0x00000000f7980000,0x0000000100000000)
 ParOldGen       total 336384K, used 221957K [0x00000000a0000000, 0x00000000b4880000, 0x00000000e0000000)
  object space 336384K, 65% used [0x00000000a0000000,0x00000000ad8c15a0,0x00000000b4880000)
 Metaspace       used 92334K, capacity 96166K, committed 96384K, reserved 1132544K
  class space    used 12086K, capacity 12920K, committed 12928K, reserved 1048576K
}
Event: 79.897 GC heap before
{Heap before GC invocations=39 (full 5):
 PSYoungGen      total 344064K, used 343646K [0x00000000e0000000, 0x0000000100000000, 0x0000000100000000)
  eden space 253952K, 100% used [0x00000000e0000000,0x00000000ef800000,0x00000000ef800000)
  from space 90112K, 99% used [0x00000000ef800000,0x00000000f4f979c0,0x00000000f5000000)
  to   space 137728K, 0% used [0x00000000f7980000,0x00000000f7980000,0x0000000100000000)
 ParOldGen       total 336384K, used 221957K [0x00000000a0000000, 0x00000000b4880000, 0x00000000e0000000)
  object space 336384K, 65% used [0x00000000a0000000,0x00000000ad8c15a0,0x00000000b4880000)
 Metaspace       used 92381K, capacity 96230K, committed 96384K, reserved 1132544K
  class space    used 12087K, capacity 12920K, committed 12928K, reserved 1048576K
Event: 80.131 GC heap after
Heap after GC invocations=39 (full 5):
 PSYoungGen      total 383488K, used 88543K [0x00000000e0000000, 0x0000000100000000, 0x0000000100000000)
  eden space 245760K, 0% used [0x00000000e0000000,0x00000000e0000000,0x00000000ef000000)
  from space 137728K, 64% used [0x00000000f7980000,0x00000000fcff7df8,0x0000000100000000)
  to   space 139264K, 0% used [0x00000000ef000000,0x00000000ef000000,0x00000000f7800000)
 ParOldGen       total 336384K, used 221965K [0x00000000a0000000, 0x00000000b4880000, 0x00000000e0000000)
  object space 336384K, 65% used [0x00000000a0000000,0x00000000ad8c35a0,0x00000000b4880000)
 Metaspace       used 92381K, capacity 96230K, committed 96384K, reserved 1132544K
  class space    used 12087K, capacity 12920K, committed 12928K, reserved 1048576K
}
Event: 81.922 GC heap before
{Heap before GC invocations=40 (full 5):
 PSYoungGen      total 383488K, used 334303K [0x00000000e0000000, 0x0000000100000000, 0x0000000100000000)
  eden space 245760K, 100% used [0x00000000e0000000,0x00000000ef000000,0x00000000ef000000)
  from space 137728K, 64% used [0x00000000f7980000,0x00000000fcff7df8,0x0000000100000000)
  to   space 139264K, 0% used [0x00000000ef000000,0x00000000ef000000,0x00000000f7800000)
 ParOldGen       total 336384K, used 221965K [0x00000000a0000000, 0x00000000b4880000, 0x00000000e0000000)
  object space 336384K, 65% used [0x00000000a0000000,0x00000000ad8c35a0,0x00000000b4880000)
 Metaspace       used 92407K, capacity 96230K, committed 96384K, reserved 1132544K
  class space    used 12087K, capacity 12920K, committed 12928K, reserved 1048576K
Event: 82.087 GC heap after
Heap after GC invocations=40 (full 5):
 PSYoungGen      total 325632K, used 79700K [0x00000000e0000000, 0x00000000ffc80000, 0x0000000100000000)
  eden space 245760K, 0% used [0x00000000e0000000,0x00000000e0000000,0x00000000ef000000)
  from space 79872K, 99% used [0x00000000ef000000,0x00000000f3dd5358,0x00000000f3e00000)
  to   space 136704K, 0% used [0x00000000f7700000,0x00000000f7700000,0x00000000ffc80000)
 ParOldGen       total 336384K, used 221965K [0x00000000a0000000, 0x00000000b4880000, 0x00000000e0000000)
  object space 336384K, 65% used [0x00000000a0000000,0x00000000ad8c35a0,0x00000000b4880000)
 Metaspace       used 92407K, capacity 96230K, committed 96384K, reserved 1132544K
  class space    used 12087K, capacity 12920K, committed 12928K, reserved 1048576K
}
Event: 84.614 GC heap before
{Heap before GC invocations=41 (full 5):
 PSYoungGen      total 325632K, used 325460K [0x00000000e0000000, 0x00000000ffc80000, 0x0000000100000000)
  eden space 245760K, 100% used [0x00000000e0000000,0x00000000ef000000,0x00000000ef000000)
  from space 79872K, 99% used [0x00000000ef000000,0x00000000f3dd5358,0x00000000f3e00000)
  to   space 136704K, 0% used [0x00000000f7700000,0x00000000f7700000,0x00000000ffc80000)
 ParOldGen       total 336384K, used 221965K [0x00000000a0000000, 0x00000000b4880000, 0x00000000e0000000)
  object space 336384K, 65% used [0x00000000a0000000,0x00000000ad8c35a0,0x00000000b4880000)
 Metaspace       used 92677K, capacity 96486K, committed 96768K, reserved 1132544K
  class space    used 12123K, capacity 12956K, committed 13056K, reserved 1048576K
Event: 84.809 GC heap after
Heap after GC invocations=41 (full 5):
 PSYoungGen      total 380416K, used 97287K [0x00000000e0000000, 0x0000000100000000, 0x0000000100000000)
  eden space 243712K, 0% used [0x00000000e0000000,0x00000000e0000000,0x00000000eee00000)
  from space 136704K, 71% used [0x00000000f7700000,0x00000000fd601ec8,0x00000000ffc80000)
  to   space 140288K, 0% used [0x00000000eee00000,0x00000000eee00000,0x00000000f7700000)
 ParOldGen       total 336384K, used 221965K [0x00000000a0000000, 0x00000000b4880000, 0x00000000e0000000)
  object space 336384K, 65% used [0x00000000a0000000,0x00000000ad8c35a0,0x00000000b4880000)
 Metaspace       used 92677K, capacity 96486K, committed 96768K, reserved 1132544K
  class space    used 12123K, capacity 12956K, committed 13056K, reserved 1048576K
}

Deoptimization events (10 events):
Event: 85.289 Thread 0x0000000021170800 Uncommon trap: reason=class_check action=maybe_recompile pc=0x0000000004899b70 method=com.google.common.collect.Iterables.castOrCopyToCollection(Ljava/lang/Iterable;)Ljava/util/Collection; @ 1
Event: 85.289 Thread 0x0000000021170800 Uncommon trap: reason=unstable_if action=reinterpret pc=0x0000000002980c7c method=java.lang.String$CaseInsensitiveComparator.compare(Ljava/lang/String;Ljava/lang/String;)I @ 70
Event: 85.328 Thread 0x0000000021170800 Uncommon trap: reason=unstable_if action=reinterpret pc=0x00000000047f3f90 method=java.lang.Long.toString(JI)Ljava/lang/String; @ 17
Event: 85.329 Thread 0x0000000021170800 Uncommon trap: reason=unstable_if action=reinterpret pc=0x0000000003eb9b90 method=java.util.stream.StreamOpFlag.getMask(I)I @ 1
Event: 85.331 Thread 0x0000000021170800 Uncommon trap: reason=predicate action=maybe_recompile pc=0x0000000004b79a24 method=java.util.ArrayList$ArrayListSpliterator.forEachRemaining(Ljava/util/function/Consumer;)V @ 90
Event: 85.349 Thread 0x0000000021170800 Uncommon trap: reason=bimorphic action=maybe_recompile pc=0x0000000002c090c4 method=java.util.regex.Pattern$Slice.match(Ljava/util/regex/Matcher;ILjava/lang/CharSequence;)Z @ 75
Event: 85.350 Thread 0x0000000021170800 Uncommon trap: reason=bimorphic action=maybe_recompile pc=0x0000000002c090c4 method=java.util.regex.Pattern$Slice.match(Ljava/util/regex/Matcher;ILjava/lang/CharSequence;)Z @ 75
Event: 85.350 Thread 0x0000000021170800 Uncommon trap: reason=bimorphic action=maybe_recompile pc=0x0000000002c090c4 method=java.util.regex.Pattern$Slice.match(Ljava/util/regex/Matcher;ILjava/lang/CharSequence;)Z @ 75
Event: 85.350 Thread 0x0000000021170800 Uncommon trap: reason=bimorphic action=maybe_recompile pc=0x0000000002c090c4 method=java.util.regex.Pattern$Slice.match(Ljava/util/regex/Matcher;ILjava/lang/CharSequence;)Z @ 75
Event: 85.350 Thread 0x0000000021170800 Uncommon trap: reason=bimorphic action=maybe_recompile pc=0x0000000002c06980 method=java.util.regex.Pattern$Slice.match(Ljava/util/regex/Matcher;ILjava/lang/CharSequence;)Z @ 75

Classes redefined (0 events):
No events

Internal exceptions (10 events):
Event: 84.992 Thread 0x000000001e6cf000 Exception <a 'sun/nio/fs/WindowsException'> (0x00000000e19d24f8) thrown at [C:\src\AOSP-openjdk-git\hotspot\src\share\vm\prims\jni.cpp, line 710]
Event: 85.129 Thread 0x0000000019a37800 Exception <a 'java/lang/NoSuchMethodError': <clinit>> (0x00000000e1f90528) thrown at [C:\src\AOSP-openjdk-git\hotspot\src\share\vm\prims\jni.cpp, line 1615]
Event: 85.129 Thread 0x0000000019a37800 Exception <a 'java/lang/NoSuchMethodError': <clinit>> (0x00000000e1f95340) thrown at [C:\src\AOSP-openjdk-git\hotspot\src\share\vm\prims\jni.cpp, line 1615]
Event: 85.131 Thread 0x0000000019a37800 Exception <a 'java/lang/NoSuchMethodError': <clinit>> (0x00000000e1fa76f0) thrown at [C:\src\AOSP-openjdk-git\hotspot\src\share\vm\prims\jni.cpp, line 1615]
Event: 85.134 Thread 0x0000000019a37800 Exception <a 'java/lang/NoSuchMethodError': <clinit>> (0x00000000e1fc92f8) thrown at [C:\src\AOSP-openjdk-git\hotspot\src\share\vm\prims\jni.cpp, line 1615]
Event: 85.196 Thread 0x0000000021170800 Exception <a 'java/lang/NoSuchMethodError': java.lang.Object.lambda$asRunnable$0(Lcom/android/tools/build/apkzlib/utils/IOExceptionRunnable;)V> (0x00000000e2794540) thrown at [C:\src\AOSP-openjdk-git\hotspot\src\share\vm\interpreter\linkResolver.cpp, line
Event: 85.301 Thread 0x0000000021170800 Exception <a 'java/lang/NoSuchMethodError': java.lang.Object.newSystemTemporaryDirectory()Lcom/android/tools/build/apkzlib/bytestorage/TemporaryDirectory;> (0x00000000e2da22e8) thrown at [C:\src\AOSP-openjdk-git\hotspot\src\share\vm\interpreter\linkResolv
Event: 85.372 Thread 0x0000000021170800 Exception <a 'sun/nio/fs/WindowsException'> (0x00000000e2fa8d30) thrown at [C:\src\AOSP-openjdk-git\hotspot\src\share\vm\prims\jni.cpp, line 710]
Event: 85.372 Thread 0x0000000021170800 Exception <a 'sun/nio/fs/WindowsException'> (0x00000000e2fa9220) thrown at [C:\src\AOSP-openjdk-git\hotspot\src\share\vm\prims\jni.cpp, line 710]
Event: 85.385 Thread 0x0000000021170800 Exception <a 'java/lang/NoSuchMethodError': java.lang.Object.lambda$static$0(Lcom/android/apksig/util/RunnablesProvider;)V> (0x00000000e3012528) thrown at [C:\src\AOSP-openjdk-git\hotspot\src\share\vm\interpreter\linkResolver.cpp, line 620]

Events (10 events):
Event: 85.428 loading class com/android/zipflinger/ZipSource
Event: 85.428 loading class com/android/zipflinger/ZipSource done
Event: 85.478 loading class com/android/zipflinger/ZipSourceEntry
Event: 85.478 loading class com/android/zipflinger/ZipSourceEntry done
Event: 85.478 loading class com/android/zipflinger/ZipSourceEntryInflater
Event: 85.478 loading class com/android/zipflinger/ZipSourceEntryInflater done
Event: 85.480 loading class com/android/zipflinger/ZipSourceEntryDeflater
Event: 85.480 loading class com/android/zipflinger/ZipSourceEntryDeflater done
Event: 85.480 loading class com/android/zipflinger/ZipMap
Event: 85.480 loading class com/android/zipflinger/ZipMap done


Dynamic libraries:
0x00007ff624570000 - 0x00007ff6245a1000 	C:\Program Files\Android\Android Studio\jre\bin\java.exe
0x00007ffc5f670000 - 0x00007ffc5f865000 	C:\WINDOWS\SYSTEM32\ntdll.dll
0x00007ffc5e830000 - 0x00007ffc5e8ed000 	C:\WINDOWS\System32\KERNEL32.DLL
0x00007ffc5cfe0000 - 0x00007ffc5d2a8000 	C:\WINDOWS\System32\KERNELBASE.dll
0x00007ffc5f2f0000 - 0x00007ffc5f39c000 	C:\WINDOWS\System32\ADVAPI32.dll
0x00007ffc5d800000 - 0x00007ffc5d89e000 	C:\WINDOWS\System32\msvcrt.dll
0x00007ffc5e790000 - 0x00007ffc5e82b000 	C:\WINDOWS\System32\sechost.dll
0x00007ffc5f1c0000 - 0x00007ffc5f2eb000 	C:\WINDOWS\System32\RPCRT4.dll
0x00007ffc5e960000 - 0x00007ffc5eb00000 	C:\WINDOWS\System32\USER32.dll
0x00007ffc5cf10000 - 0x00007ffc5cf32000 	C:\WINDOWS\System32\win32u.dll
0x00007ffc5e6b0000 - 0x00007ffc5e6da000 	C:\WINDOWS\System32\GDI32.dll
0x00007ffc5d4d0000 - 0x00007ffc5d5db000 	C:\WINDOWS\System32\gdi32full.dll
0x00007ffc5cf40000 - 0x00007ffc5cfdd000 	C:\WINDOWS\System32\msvcp_win.dll
0x00007ffc5d5e0000 - 0x00007ffc5d6e0000 	C:\WINDOWS\System32\ucrtbase.dll
0x00007ffc4e7b0000 - 0x00007ffc4ea4a000 	C:\WINDOWS\WinSxS\amd64_microsoft.windows.common-controls_6595b64144ccf1df_6.0.19041.1052_none_60b8f8fd71f5e8cb\COMCTL32.dll
0x00007ffc5f3a0000 - 0x00007ffc5f3d0000 	C:\WINDOWS\System32\IMM32.DLL
0x000000006dc30000 - 0x000000006dd02000 	C:\Program Files\Android\Android Studio\jre\jre\bin\msvcr100.dll
0x000000006cb80000 - 0x000000006d3cb000 	C:\Program Files\Android\Android Studio\jre\jre\bin\server\jvm.dll
0x00007ffc5eb00000 - 0x00007ffc5eb08000 	C:\WINDOWS\System32\PSAPI.DLL
0x00007ffc51050000 - 0x00007ffc51077000 	C:\WINDOWS\SYSTEM32\WINMM.dll
0x00007ffc51ec0000 - 0x00007ffc51eca000 	C:\WINDOWS\SYSTEM32\VERSION.dll
0x00007ffc58760000 - 0x00007ffc58769000 	C:\WINDOWS\SYSTEM32\WSOCK32.dll
0x00007ffc5d990000 - 0x00007ffc5d9fb000 	C:\WINDOWS\System32\WS2_32.dll
0x00007ffc58700000 - 0x00007ffc5870f000 	C:\Program Files\Android\Android Studio\jre\jre\bin\verify.dll
0x00007ffc577a0000 - 0x00007ffc577c9000 	C:\Program Files\Android\Android Studio\jre\jre\bin\java.dll
0x00007ffc57780000 - 0x00007ffc57796000 	C:\Program Files\Android\Android Studio\jre\jre\bin\zip.dll
0x00007ffc5df70000 - 0x00007ffc5e6af000 	C:\WINDOWS\System32\SHELL32.dll
0x00007ffc5acd0000 - 0x00007ffc5b460000 	C:\WINDOWS\SYSTEM32\windows.storage.dll
0x00007ffc5da00000 - 0x00007ffc5dd55000 	C:\WINDOWS\System32\combase.dll
0x00007ffc5c750000 - 0x00007ffc5c77c000 	C:\WINDOWS\SYSTEM32\Wldp.dll
0x00007ffc5ebe0000 - 0x00007ffc5ec8e000 	C:\WINDOWS\System32\SHCORE.dll
0x00007ffc5f100000 - 0x00007ffc5f155000 	C:\WINDOWS\System32\shlwapi.dll
0x00007ffc5ccf0000 - 0x00007ffc5cd0f000 	C:\WINDOWS\SYSTEM32\profapi.dll
0x00007ffc57760000 - 0x00007ffc5777a000 	C:\Program Files\Android\Android Studio\jre\jre\bin\net.dll
0x00007ffc5c4c0000 - 0x00007ffc5c52a000 	C:\WINDOWS\system32\mswsock.dll
0x00007ffc57740000 - 0x00007ffc57753000 	C:\Program Files\Android\Android Studio\jre\jre\bin\nio.dll
0x00007ffc36110000 - 0x00007ffc36136000 	C:\Users\Salman\.gradle\native\30\windows-amd64\native-platform.dll
0x00007ffc57710000 - 0x00007ffc5771d000 	C:\Program Files\Android\Android Studio\jre\jre\bin\management.dll
0x00007ffc5c6a0000 - 0x00007ffc5c6b8000 	C:\WINDOWS\SYSTEM32\CRYPTSP.dll
0x00007ffc5be60000 - 0x00007ffc5be94000 	C:\WINDOWS\system32\rsaenh.dll
0x00007ffc5d4a0000 - 0x00007ffc5d4c7000 	C:\WINDOWS\System32\bcrypt.dll
0x00007ffc5ccb0000 - 0x00007ffc5ccde000 	C:\WINDOWS\SYSTEM32\USERENV.dll
0x00007ffc5d360000 - 0x00007ffc5d3e3000 	C:\WINDOWS\System32\bcryptprimitives.dll
0x00007ffc5c690000 - 0x00007ffc5c69c000 	C:\WINDOWS\SYSTEM32\CRYPTBASE.dll
0x00007ffc5c1b0000 - 0x00007ffc5c1eb000 	C:\WINDOWS\SYSTEM32\IPHLPAPI.DLL
0x00007ffc5e8f0000 - 0x00007ffc5e8f8000 	C:\WINDOWS\System32\NSI.dll
0x00007ffc52200000 - 0x00007ffc52217000 	C:\WINDOWS\SYSTEM32\dhcpcsvc6.DLL
0x00007ffc53df0000 - 0x00007ffc53e0d000 	C:\WINDOWS\SYSTEM32\dhcpcsvc.DLL
0x00007ffc5c1f0000 - 0x00007ffc5c2bc000 	C:\WINDOWS\SYSTEM32\DNSAPI.dll
0x00007ffc4ce50000 - 0x00007ffc4ce74000 	C:\Program Files\Android\Android Studio\jre\jre\bin\sunec.dll
0x00007ffc50b90000 - 0x00007ffc50b9a000 	C:\Windows\System32\rasadhlp.dll

VM Arguments:
jvm_args: -Xmx1536m -Dfile.encoding=windows-1252 -Duser.country=IN -Duser.language=en -Duser.variant 
java_command: org.gradle.launcher.daemon.bootstrap.GradleDaemon 5.6.4
java_class_path (initial): C:\Users\Salman\.gradle\wrapper\dists\gradle-5.6.4-all\ankdp27end7byghfw1q2sw75f\gradle-5.6.4\lib\gradle-launcher-5.6.4.jar
Launcher Type: SUN_STANDARD

Environment Variables:
PATH=C:\Program Files (x86)\Common Files\Oracle\Java\javapath;C:\WINDOWS\system32;C:\WINDOWS;C:\WINDOWS\System32\Wbem;C:\WINDOWS\System32\WindowsPowerShell\v1.0\;C:\WINDOWS\System32\OpenSSH\;C:\WINDOWS\system32\config\systemprofile\.dnx\bin;C:\Program Files\Microsoft DNX\Dnvm\;C:\Program Files\Microsoft SQL Server\120\Tools\Binn\;C:\Program Files\Microsoft SQL Server\130\Tools\Binn\;C:\Program Files\nodejs\;C:\Program Files\Java\jre1.8.0_211\bin;C:\Users\Salman\AppData\Local\Microsoft\WindowsApps;C:\Program Files\nodejs\;;C:\Users\Salman\AppData\Local\Programs\Microsoft VS Code\bin;C:\Users\Salman\AppData\Roaming\npm
USERNAME=Salman
OS=Windows_NT
PROCESSOR_IDENTIFIER=Intel64 Family 6 Model 58 Stepping 9, GenuineIntel



---------------  S Y S T E M  ---------------

OS: Windows 10.0 , 64 bit Build 19041 (10.0.19041.1023)

CPU:total 4 (initial active 4) (2 cores per cpu, 2 threads per core) family 6 model 58 stepping 9, cmov, cx8, fxsr, mmx, sse, sse2, sse3, ssse3, sse4.1, sse4.2, popcnt, avx, clmul, erms, ht, tsc, tscinvbit, tscinv

Memory: 4k page, physical 3970592k(250280k free), swap 16029216k(3680k free)

vm_info: OpenJDK 64-Bit Server VM (25.242-b01) for windows-amd64 JRE (1.8.0_242-release-1644-b01), built by "builder" with MS VC++ 10.0 (VS2010)

time: Fri Jul 16 11:54:31 2021
timezone: India Standard Time
elapsed time: 85 seconds (0d 0h 1m 25s)

