#
# There is insufficient memory for the Java Runtime Environment to continue.
# Native memory allocation (malloc) failed to allocate 1084176 bytes for Chunk::new
# Possible reasons:
#   The system is out of physical RAM or swap space
#   The process is running with CompressedOops enabled, and the Java Heap may be blocking the growth of the native heap
# Possible solutions:
#   Reduce memory load on the system
#   Increase physical memory or swap space
#   Check if swap backing store is full
#   Decrease Java heap size (-Xmx/-Xms)
#   Decrease number of Java threads
#   Decrease Java thread stack sizes (-Xss)
#   Set larger code cache with -XX:ReservedCodeCacheSize=
#   JVM is running with Unscaled Compressed Oops mode in which the Java heap is
#     placed in the first 4GB address space. The Java Heap base address is the
#     maximum limit for the native heap growth. Please use -XX:HeapBaseMinAddress
#     to set the Java Heap base and to place the Java Heap above 4GB virtual address.
# This output file may be truncated or incomplete.
#
#  Out of Memory Error (allocation.cpp:389), pid=7160, tid=0x0000000000001e94
#
# JRE version: OpenJDK Runtime Environment (8.0_242-b01) (build 1.8.0_242-release-1644-b01)
# Java VM: OpenJDK 64-Bit Server VM (25.242-b01 mixed mode windows-amd64 compressed oops)
# Failed to write core dump. Minidumps are not enabled by default on client versions of Windows
#

---------------  T H R E A D  ---------------

Current thread (0x0000000016970800):  JavaThread "C2 CompilerThread0" daemon [_thread_in_native, id=7828, stack(0x0000000018110000,0x0000000018210000)]

Stack: [0x0000000018110000,0x0000000018210000]
[error occurred during error reporting (printing stack bounds), id 0xc0000005]

Native frames: (J=compiled Java code, j=interpreted, Vv=VM code, C=native code)


Current CompileTask:
C2: 306179 20858       4       org.gradle.internal.service.DefaultServiceRegistry$OwnServices$ProviderAnalyser::analyseType (114 bytes)


---------------  P R O C E S S  ---------------

Java Threads: ( => current thread )
  0x000000001dae4000 JavaThread "Cache worker for cache directory md-rule (C:\Users\Salman\.gradle\caches\5.6.4\md-rule)" [_thread_blocked, id=11184, stack(0x000000001c330000,0x000000001c430000)]
  0x000000001dae8000 JavaThread "Cache worker for cache directory md-supplier (C:\Users\Salman\.gradle\caches\5.6.4\md-supplier)" [_thread_blocked, id=13092, stack(0x000000001c230000,0x000000001c330000)]
  0x000000001dadc000 JavaThread "Cache worker for file hash cache (E:\Impetrosys\07\reegur_android\.gradle\5.6.4\fileHashes)" [_thread_blocked, id=2300, stack(0x000000001c130000,0x000000001c230000)]
  0x000000001dae2800 JavaThread "Thread-63" [_thread_blocked, id=4240, stack(0x000000001c030000,0x000000001c130000)]
  0x000000001dae0800 JavaThread "Stdin handler" [_thread_blocked, id=13856, stack(0x000000001bf30000,0x000000001c030000)]
  0x000000001dae2000 JavaThread "Asynchronous log dispatcher for DefaultDaemonConnection: socket connection from /127.0.0.1:1091 to /127.0.0.1:1893" [_thread_blocked, id=5920, stack(0x000000001bc30000,0x000000001bd30000)]
  0x000000001dade000 JavaThread "Cancel handler" [_thread_blocked, id=14608, stack(0x0000000017e00000,0x0000000017f00000)]
  0x000000001dadd800 JavaThread "Handler for socket connection from /127.0.0.1:1091 to /127.0.0.1:1893" [_thread_in_native, id=1868, stack(0x0000000001430000,0x0000000001530000)]
  0x000000001d574000 JavaThread "Daemon worker Thread 2" [_thread_in_Java, id=3536, stack(0x000000001bb30000,0x000000001bc30000)]
  0x000000001d571800 JavaThread "Daemon Thread 2" [_thread_blocked, id=10048, stack(0x0000000001210000,0x0000000001310000)]
  0x000000001dadf800 JavaThread "Cache worker for file content cache (C:\Users\Salman\.gradle\caches\5.6.4\fileContent)" [_thread_blocked, id=9212, stack(0x0000000023770000,0x0000000023870000)]
  0x000000001dadf000 JavaThread "Memory manager" [_thread_blocked, id=14440, stack(0x0000000023670000,0x0000000023770000)]
  0x000000001dadc800 JavaThread "Cache worker for execution history cache (C:\Users\Salman\.gradle\caches\5.6.4\executionHistory)" [_thread_blocked, id=7972, stack(0x0000000020a60000,0x0000000020b60000)]
  0x0000000019139800 JavaThread "Cache worker for journal cache (C:\Users\Salman\.gradle\caches\journal-1)" [_thread_blocked, id=15352, stack(0x000000001c830000,0x000000001c930000)]
  0x0000000019137000 JavaThread "File lock request listener" [_thread_in_native, id=10412, stack(0x000000001c730000,0x000000001c830000)]
  0x0000000019138800 JavaThread "Cache worker for file hash cache (C:\Users\Salman\.gradle\caches\5.6.4\fileHashes)" [_thread_blocked, id=9420, stack(0x000000001c630000,0x000000001c730000)]
  0x000000001a4e4800 JavaThread "Daemon periodic checks" [_thread_blocked, id=3756, stack(0x000000001ba30000,0x000000001bb30000)]
  0x000000001a4f4800 JavaThread "Incoming local TCP Connector on port 1091" [_thread_in_native, id=7080, stack(0x000000001b7f0000,0x000000001b8f0000)]
  0x000000001a0dd800 JavaThread "Daemon health stats" [_thread_blocked, id=14860, stack(0x000000001a1e0000,0x000000001a2e0000)]
  0x00000000169ca800 JavaThread "Service Thread" daemon [_thread_blocked, id=8712, stack(0x0000000018810000,0x0000000018910000)]
  0x0000000016982800 JavaThread "C1 CompilerThread2" daemon [_thread_blocked, id=11272, stack(0x0000000018310000,0x0000000018410000)]
  0x000000001697a000 JavaThread "C2 CompilerThread1" daemon [_thread_blocked, id=3016, stack(0x0000000018210000,0x0000000018310000)]
=>0x0000000016970800 JavaThread "C2 CompilerThread0" daemon [_thread_in_native, id=7828, stack(0x0000000018110000,0x0000000018210000)]
  0x0000000016976000 JavaThread "Attach Listener" daemon [_thread_blocked, id=3084, stack(0x0000000018010000,0x0000000018110000)]
  0x0000000016975000 JavaThread "Signal Dispatcher" daemon [_thread_blocked, id=12612, stack(0x0000000017f10000,0x0000000018010000)]
  0x0000000002fdb000 JavaThread "Finalizer" daemon [_thread_blocked, id=13372, stack(0x0000000017c00000,0x0000000017d00000)]
  0x0000000016959000 JavaThread "Reference Handler" daemon [_thread_blocked, id=13440, stack(0x0000000017b00000,0x0000000017c00000)]
  0x0000000002ddd800 JavaThread "main" [_thread_blocked, id=5192, stack(0x0000000002de0000,0x0000000002ee0000)]

Other Threads:
  0x0000000016936000 VMThread [stack: 0x0000000017a00000,0x0000000017b00000] [id=7148]
  0x00000000169cd000 WatcherThread [stack: 0x0000000018910000,0x0000000018a10000] [id=1368]

VM state:not at safepoint (normal execution)

VM Mutex/Monitor currently owned by a thread: None

heap address: 0x00000000a0000000, size: 1536 MB, Compressed Oops mode: 32-bit
Narrow klass base: 0x0000000000000000, Narrow klass shift: 3
Compressed class space size: 1073741824 Address: 0x0000000100000000

Heap:
 PSYoungGen      total 431104K, used 232154K [0x00000000e0000000, 0x00000000ff400000, 0x0000000100000000)
  eden space 361472K, 53% used [0x00000000e0000000,0x00000000ebdef2b8,0x00000000f6100000)
  from space 69632K, 54% used [0x00000000fb000000,0x00000000fd4c7758,0x00000000ff400000)
  to   space 75264K, 0% used [0x00000000f6100000,0x00000000f6100000,0x00000000faa80000)
 ParOldGen       total 448000K, used 284816K [0x00000000a0000000, 0x00000000bb580000, 0x00000000e0000000)
  object space 448000K, 63% used [0x00000000a0000000,0x00000000b1624130,0x00000000bb580000)
 Metaspace       used 93049K, capacity 97188K, committed 97368K, reserved 1134592K
  class space    used 12177K, capacity 13099K, committed 13144K, reserved 1048576K

Card table byte_map: [0x00000000123a0000,0x00000000126b0000] byte_map_base: 0x0000000011ea0000

Marking Bits: (ParMarkBitMap*) 0x000000006d78f030
 Begin Bits: [0x0000000012cb0000, 0x00000000144b0000)
 End Bits:   [0x00000000144b0000, 0x0000000015cb0000)

Polling page: 0x0000000002da0000

CodeCache: size=245760Kb used=55177Kb max_used=55722Kb free=190582Kb
 bounds [0x0000000002fe0000, 0x0000000006690000, 0x0000000011fe0000]
 total_blobs=16835 nmethods=15955 adapters=791
 compilation: enabled

Compilation events (10 events):
Event: 305.808 Thread 0x000000001697a000 20868       4       sun.reflect.NativeMethodAccessorImpl::invoke (104 bytes)
Event: 305.821 Thread 0x000000001697a000 nmethod 20868 0x0000000003f600d0 code [0x0000000003f60260, 0x0000000003f60828]
Event: 305.824 Thread 0x0000000016982800 20869       3       java.util.concurrent.TimeUnit$3::toMillis (2 bytes)
Event: 305.825 Thread 0x0000000016982800 nmethod 20869 0x00000000065172d0 code [0x0000000006517420, 0x0000000006517570]
Event: 305.837 Thread 0x0000000016982800 20870       3       org.gradle.api.internal.artifacts.repositories.DefaultMavenArtifactRepository_Decorated::getName (37 bytes)
Event: 305.839 Thread 0x0000000016982800 nmethod 20870 0x00000000049a2010 code [0x00000000049a21e0, 0x00000000049a2908]
Event: 305.862 Thread 0x0000000016982800 20871       3       com.google.common.cache.LocalCache$Segment::initTable (51 bytes)
Event: 305.862 Thread 0x0000000016982800 nmethod 20871 0x0000000003d22b90 code [0x0000000003d22d00, 0x0000000003d230f0]
Event: 306.166 Thread 0x0000000016982800 20872       3       com.google.common.collect.Iterators$5::computeNext (45 bytes)
Event: 306.166 Thread 0x0000000016982800 nmethod 20872 0x00000000044403d0 code [0x0000000004440580, 0x0000000004440b28]

GC Heap History (10 events):
Event: 83.494 GC heap before
{Heap before GC invocations=36 (full 6):
 PSYoungGen      total 376320K, used 327232K [0x00000000e0000000, 0x00000000fdf80000, 0x0000000100000000)
  eden space 285184K, 99% used [0x00000000e0000000,0x00000000f16475a0,0x00000000f1680000)
  from space 91136K, 46% used [0x00000000f1680000,0x00000000f3fc8b78,0x00000000f6f80000)
  to   space 87552K, 0% used [0x00000000f8a00000,0x00000000f8a00000,0x00000000fdf80000)
 ParOldGen       total 448000K, used 284776K [0x00000000a0000000, 0x00000000bb580000, 0x00000000e0000000)
  object space 448000K, 63% used [0x00000000a0000000,0x00000000b161a130,0x00000000bb580000)
 Metaspace       used 85673K, capacity 89304K, committed 89560K, reserved 1126400K
  class space    used 11383K, capacity 12221K, committed 12248K, reserved 1048576K
Event: 83.611 GC heap after
Heap after GC invocations=36 (full 6):
 PSYoungGen      total 398336K, used 46027K [0x00000000e0000000, 0x00000000fda80000, 0x0000000100000000)
  eden space 315904K, 0% used [0x00000000e0000000,0x00000000e0000000,0x00000000f3480000)
  from space 82432K, 55% used [0x00000000f8a00000,0x00000000fb6f2e20,0x00000000fda80000)
  to   space 84992K, 0% used [0x00000000f3480000,0x00000000f3480000,0x00000000f8780000)
 ParOldGen       total 448000K, used 284784K [0x00000000a0000000, 0x00000000bb580000, 0x00000000e0000000)
  object space 448000K, 63% used [0x00000000a0000000,0x00000000b161c130,0x00000000bb580000)
 Metaspace       used 85673K, capacity 89304K, committed 89560K, reserved 1126400K
  class space    used 11383K, capacity 12221K, committed 12248K, reserved 1048576K
}
Event: 86.749 GC heap before
{Heap before GC invocations=37 (full 6):
 PSYoungGen      total 398336K, used 361809K [0x00000000e0000000, 0x00000000fda80000, 0x0000000100000000)
  eden space 315904K, 99% used [0x00000000e0000000,0x00000000f3461870,0x00000000f3480000)
  from space 82432K, 55% used [0x00000000f8a00000,0x00000000fb6f2e20,0x00000000fda80000)
  to   space 84992K, 0% used [0x00000000f3480000,0x00000000f3480000,0x00000000f8780000)
 ParOldGen       total 448000K, used 284784K [0x00000000a0000000, 0x00000000bb580000, 0x00000000e0000000)
  object space 448000K, 63% used [0x00000000a0000000,0x00000000b161c130,0x00000000bb580000)
 Metaspace       used 85738K, capacity 89368K, committed 89560K, reserved 1126400K
  class space    used 11383K, capacity 12221K, committed 12248K, reserved 1048576K
Event: 86.822 GC heap after
Heap after GC invocations=37 (full 6):
 PSYoungGen      total 400896K, used 40160K [0x00000000e0000000, 0x00000000ff000000, 0x0000000100000000)
  eden space 315904K, 0% used [0x00000000e0000000,0x00000000e0000000,0x00000000f3480000)
  from space 84992K, 47% used [0x00000000f3480000,0x00000000f5bb80c0,0x00000000f8780000)
  to   space 80896K, 0% used [0x00000000fa100000,0x00000000fa100000,0x00000000ff000000)
 ParOldGen       total 448000K, used 284792K [0x00000000a0000000, 0x00000000bb580000, 0x00000000e0000000)
  object space 448000K, 63% used [0x00000000a0000000,0x00000000b161e130,0x00000000bb580000)
 Metaspace       used 85738K, capacity 89368K, committed 89560K, reserved 1126400K
  class space    used 11383K, capacity 12221K, committed 12248K, reserved 1048576K
}
Event: 90.207 GC heap before
{Heap before GC invocations=38 (full 6):
 PSYoungGen      total 400896K, used 356064K [0x00000000e0000000, 0x00000000ff000000, 0x0000000100000000)
  eden space 315904K, 100% used [0x00000000e0000000,0x00000000f3480000,0x00000000f3480000)
  from space 84992K, 47% used [0x00000000f3480000,0x00000000f5bb80c0,0x00000000f8780000)
  to   space 80896K, 0% used [0x00000000fa100000,0x00000000fa100000,0x00000000ff000000)
 ParOldGen       total 448000K, used 284792K [0x00000000a0000000, 0x00000000bb580000, 0x00000000e0000000)
  object space 448000K, 63% used [0x00000000a0000000,0x00000000b161e130,0x00000000bb580000)
 Metaspace       used 85996K, capacity 89688K, committed 89944K, reserved 1126400K
  class space    used 11419K, capacity 12257K, committed 12376K, reserved 1048576K
Event: 90.288 GC heap after
Heap after GC invocations=38 (full 6):
 PSYoungGen      total 415744K, used 33436K [0x00000000e0000000, 0x00000000fe780000, 0x0000000100000000)
  eden space 343552K, 0% used [0x00000000e0000000,0x00000000e0000000,0x00000000f4f80000)
  from space 72192K, 46% used [0x00000000fa100000,0x00000000fc1a72d8,0x00000000fe780000)
  to   space 77824K, 0% used [0x00000000f4f80000,0x00000000f4f80000,0x00000000f9b80000)
 ParOldGen       total 448000K, used 284800K [0x00000000a0000000, 0x00000000bb580000, 0x00000000e0000000)
  object space 448000K, 63% used [0x00000000a0000000,0x00000000b1620130,0x00000000bb580000)
 Metaspace       used 85996K, capacity 89688K, committed 89944K, reserved 1126400K
  class space    used 11419K, capacity 12257K, committed 12376K, reserved 1048576K
}
Event: 256.335 GC heap before
{Heap before GC invocations=39 (full 6):
 PSYoungGen      total 415744K, used 376988K [0x00000000e0000000, 0x00000000fe780000, 0x0000000100000000)
  eden space 343552K, 100% used [0x00000000e0000000,0x00000000f4f80000,0x00000000f4f80000)
  from space 72192K, 46% used [0x00000000fa100000,0x00000000fc1a72d8,0x00000000fe780000)
  to   space 77824K, 0% used [0x00000000f4f80000,0x00000000f4f80000,0x00000000f9b80000)
 ParOldGen       total 448000K, used 284800K [0x00000000a0000000, 0x00000000bb580000, 0x00000000e0000000)
  object space 448000K, 63% used [0x00000000a0000000,0x00000000b1620130,0x00000000bb580000)
 Metaspace       used 92585K, capacity 96774K, committed 96856K, reserved 1132544K
  class space    used 12154K, capacity 13074K, committed 13144K, reserved 1048576K
Event: 256.437 GC heap after
Heap after GC invocations=39 (full 6):
 PSYoungGen      total 421376K, used 51990K [0x00000000e0000000, 0x00000000ffd00000, 0x0000000100000000)
  eden space 343552K, 0% used [0x00000000e0000000,0x00000000e0000000,0x00000000f4f80000)
  from space 77824K, 66% used [0x00000000f4f80000,0x00000000f8245bf0,0x00000000f9b80000)
  to   space 78848K, 0% used [0x00000000fb000000,0x00000000fb000000,0x00000000ffd00000)
 ParOldGen       total 448000K, used 284808K [0x00000000a0000000, 0x00000000bb580000, 0x00000000e0000000)
  object space 448000K, 63% used [0x00000000a0000000,0x00000000b1622130,0x00000000bb580000)
 Metaspace       used 92585K, capacity 96774K, committed 96856K, reserved 1132544K
  class space    used 12154K, capacity 13074K, committed 13144K, reserved 1048576K
}
Event: 261.911 GC heap before
{Heap before GC invocations=40 (full 6):
 PSYoungGen      total 421376K, used 395542K [0x00000000e0000000, 0x00000000ffd00000, 0x0000000100000000)
  eden space 343552K, 100% used [0x00000000e0000000,0x00000000f4f80000,0x00000000f4f80000)
  from space 77824K, 66% used [0x00000000f4f80000,0x00000000f8245bf0,0x00000000f9b80000)
  to   space 78848K, 0% used [0x00000000fb000000,0x00000000fb000000,0x00000000ffd00000)
 ParOldGen       total 448000K, used 284808K [0x00000000a0000000, 0x00000000bb580000, 0x00000000e0000000)
  object space 448000K, 63% used [0x00000000a0000000,0x00000000b1622130,0x00000000bb580000)
 Metaspace       used 92796K, capacity 96940K, committed 97112K, reserved 1132544K
  class space    used 12158K, capacity 13079K, committed 13144K, reserved 1048576K
Event: 261.992 GC heap after
Heap after GC invocations=40 (full 6):
 PSYoungGen      total 431104K, used 37661K [0x00000000e0000000, 0x00000000ff400000, 0x0000000100000000)
  eden space 361472K, 0% used [0x00000000e0000000,0x00000000e0000000,0x00000000f6100000)
  from space 69632K, 54% used [0x00000000fb000000,0x00000000fd4c7758,0x00000000ff400000)
  to   space 75264K, 0% used [0x00000000f6100000,0x00000000f6100000,0x00000000faa80000)
 ParOldGen       total 448000K, used 284816K [0x00000000a0000000, 0x00000000bb580000, 0x00000000e0000000)
  object space 448000K, 63% used [0x00000000a0000000,0x00000000b1624130,0x00000000bb580000)
 Metaspace       used 92796K, capacity 96940K, committed 97112K, reserved 1132544K
  class space    used 12158K, capacity 13079K, committed 13144K, reserved 1048576K
}

Deoptimization events (10 events):
Event: 272.654 Thread 0x000000001913e000 Uncommon trap: reason=class_check action=maybe_recompile pc=0x0000000003e92a28 method=com.google.common.collect.ImmutableMap.copyOf(Ljava/lang/Iterable;)Lcom/google/common/collect/ImmutableMap; @ 53
Event: 272.838 Thread 0x000000001913e000 Uncommon trap: reason=unstable_if action=reinterpret pc=0x0000000005f12680 method=sun.nio.ch.IOUtil.writeFromNativeBuffer(Ljava/io/FileDescriptor;Ljava/nio/ByteBuffer;JLsun/nio/ch/NativeDispatcher;)I @ 66
Event: 273.214 Thread 0x000000001dae2800 Uncommon trap: reason=bimorphic action=maybe_recompile pc=0x00000000055466e8 method=java.io.Writer.append(Ljava/lang/CharSequence;)Ljava/io/Writer; @ 20
Event: 273.421 Thread 0x000000001d574000 Uncommon trap: reason=unstable_if action=reinterpret pc=0x0000000006411f7c method=java.util.HashMap.removeNode(ILjava/lang/Object;Ljava/lang/Object;ZZ)Ljava/util/HashMap$Node; @ 146
Event: 273.424 Thread 0x000000001d574000 Uncommon trap: reason=unstable_if action=reinterpret pc=0x000000000606d38c method=java.io.ObjectOutputStream$ReplaceTable.lookup(Ljava/lang/Object;)Ljava/lang/Object; @ 10
Event: 273.514 Thread 0x000000001d572800 Uncommon trap: reason=unstable_if action=reinterpret pc=0x000000000334d480 method=com.esotericsoftware.kryo.io.Input.require(I)I @ 180
Event: 305.645 Thread 0x000000001dadd800 Uncommon trap: reason=class_check action=maybe_recompile pc=0x0000000003b71860 method=java.lang.reflect.Array.newInstance(Ljava/lang/Class;I)Ljava/lang/Object; @ 2
Event: 305.736 Thread 0x000000001d574000 Uncommon trap: reason=unstable_if action=reinterpret pc=0x00000000049262e4 method=org.gradle.internal.io.StreamByteBuffer.prepareRead()I @ 30
Event: 305.749 Thread 0x000000001d574000 Uncommon trap: reason=unstable_if action=reinterpret pc=0x0000000003a64b84 method=org.gradle.internal.dispatch.ProxyDispatchAdapter$DispatchingInvocationHandler.invoke(Ljava/lang/Object;Ljava/lang/reflect/Method;[Ljava/lang/Object;)Ljava/lang/Object; @ 9
Event: 305.785 Thread 0x000000001d574000 Uncommon trap: reason=bimorphic action=maybe_recompile pc=0x00000000057fa390 method=java.util.stream.ReduceOps$ReduceOp.evaluateSequential(Ljava/util/stream/PipelineHelper;Ljava/util/Spliterator;)Ljava/lang/Object; @ 2

Classes redefined (0 events):
No events

Internal exceptions (10 events):
Event: 255.896 Thread 0x000000001d574000 Exception <a 'java/lang/reflect/InvocationTargetException'> (0x00000000f3f635c0) thrown at [C:\src\AOSP-openjdk-git\hotspot\src\share\vm\runtime\reflection.cpp, line 1092]
Event: 258.723 Thread 0x000000001dae4000 Implicit null exception at 0x000000000472c2bd to 0x000000000472dc91
Event: 259.975 Thread 0x000000001dae5000 Exception <a 'java/net/UnknownHostException': api.crashlytics.com> (0x00000000ea4c20a8) thrown at [C:\src\AOSP-openjdk-git\hotspot\src\share\vm\prims\jni.cpp, line 737]
Event: 260.425 Thread 0x000000001d574000 Implicit null exception at 0x0000000004afd3a9 to 0x0000000004afda2d
Event: 260.811 Thread 0x000000001d574000 Implicit null exception at 0x0000000004c59933 to 0x0000000004c5ae59
Event: 271.231 Thread 0x000000001dae8000 Exception <a 'sun/nio/fs/WindowsException'> (0x00000000e3fdea18) thrown at [C:\src\AOSP-openjdk-git\hotspot\src\share\vm\prims\jni.cpp, line 710]
Event: 271.231 Thread 0x000000001dae8000 Exception <a 'sun/nio/fs/WindowsException'> (0x00000000e3fdeec0) thrown at [C:\src\AOSP-openjdk-git\hotspot\src\share\vm\prims\jni.cpp, line 710]
Event: 272.572 Thread 0x000000001dae2800 Exception <a 'java/io/FileNotFoundException'> (0x00000000ea4d7868) thrown at [C:\src\AOSP-openjdk-git\hotspot\src\share\vm\prims\jni.cpp, line 710]
Event: 272.573 Thread 0x000000001dae2800 Exception <a 'java/io/FileNotFoundException'> (0x00000000ea4d8d38) thrown at [C:\src\AOSP-openjdk-git\hotspot\src\share\vm\prims\jni.cpp, line 710]
Event: 273.415 Thread 0x000000001d574000 Exception <a 'sun/nio/fs/WindowsException'> (0x00000000eb003628) thrown at [C:\src\AOSP-openjdk-git\hotspot\src\share\vm\prims\jni.cpp, line 710]

Events (10 events):
Event: 305.743 Thread 0x0000000016982800 flushing nmethod 0x0000000006320a90
Event: 305.744 Thread 0x0000000016982800 flushing nmethod 0x00000000063da0d0
Event: 305.749 Thread 0x000000001d574000 Uncommon trap: trap_request=0xffffff65 fr.pc=0x0000000003a64b84
Event: 305.749 Thread 0x000000001d574000 DEOPT PACKING pc=0x0000000003a64b84 sp=0x000000001bc2c560
Event: 305.749 Thread 0x000000001d574000 DEOPT UNPACKING pc=0x000000000302557b sp=0x000000001bc2c500 mode 2
Event: 305.785 Thread 0x000000001d574000 Uncommon trap: trap_request=0xffffffc6 fr.pc=0x00000000057fa390
Event: 305.785 Thread 0x000000001d574000 DEOPT PACKING pc=0x00000000057fa390 sp=0x000000001bc28560
Event: 305.785 Thread 0x000000001d574000 DEOPT UNPACKING pc=0x000000000302557b sp=0x000000001bc284e8 mode 2
Event: 305.789 Thread 0x000000001dae8000 Thread added: 0x000000001dae8000
Event: 305.821 Thread 0x000000001dae4000 Thread added: 0x000000001dae4000


Dynamic libraries:
0x00007ff7b5c60000 - 0x00007ff7b5c91000 	C:\Program Files\Android\Android Studio\jre\bin\java.exe
0x00007ffc5f670000 - 0x00007ffc5f865000 	C:\WINDOWS\SYSTEM32\ntdll.dll
0x00007ffc5e830000 - 0x00007ffc5e8ed000 	C:\WINDOWS\System32\KERNEL32.DLL
0x00007ffc5cfe0000 - 0x00007ffc5d2a8000 	C:\WINDOWS\System32\KERNELBASE.dll
0x00007ffc5f2f0000 - 0x00007ffc5f39c000 	C:\WINDOWS\System32\ADVAPI32.dll
0x00007ffc5d800000 - 0x00007ffc5d89e000 	C:\WINDOWS\System32\msvcrt.dll
0x00007ffc5e790000 - 0x00007ffc5e82b000 	C:\WINDOWS\System32\sechost.dll
0x00007ffc5f1c0000 - 0x00007ffc5f2eb000 	C:\WINDOWS\System32\RPCRT4.dll
0x00007ffc5e960000 - 0x00007ffc5eb00000 	C:\WINDOWS\System32\USER32.dll
0x00007ffc5cf10000 - 0x00007ffc5cf32000 	C:\WINDOWS\System32\win32u.dll
0x00007ffc5e6b0000 - 0x00007ffc5e6da000 	C:\WINDOWS\System32\GDI32.dll
0x00007ffc5d4d0000 - 0x00007ffc5d5db000 	C:\WINDOWS\System32\gdi32full.dll
0x00007ffc5cf40000 - 0x00007ffc5cfdd000 	C:\WINDOWS\System32\msvcp_win.dll
0x00007ffc5d5e0000 - 0x00007ffc5d6e0000 	C:\WINDOWS\System32\ucrtbase.dll
0x00007ffc4e7b0000 - 0x00007ffc4ea4a000 	C:\WINDOWS\WinSxS\amd64_microsoft.windows.common-controls_6595b64144ccf1df_6.0.19041.1052_none_60b8f8fd71f5e8cb\COMCTL32.dll
0x00007ffc5f3a0000 - 0x00007ffc5f3d0000 	C:\WINDOWS\System32\IMM32.DLL
0x000000006cc90000 - 0x000000006cd62000 	C:\Program Files\Android\Android Studio\jre\jre\bin\msvcr100.dll
0x000000006cfc0000 - 0x000000006d80b000 	C:\Program Files\Android\Android Studio\jre\jre\bin\server\jvm.dll
0x00007ffc5eb00000 - 0x00007ffc5eb08000 	C:\WINDOWS\System32\PSAPI.DLL
0x00007ffc57750000 - 0x00007ffc57759000 	C:\WINDOWS\SYSTEM32\WSOCK32.dll
0x00007ffc5d990000 - 0x00007ffc5d9fb000 	C:\WINDOWS\System32\WS2_32.dll
0x00007ffc51050000 - 0x00007ffc51077000 	C:\WINDOWS\SYSTEM32\WINMM.dll
0x00007ffc51ec0000 - 0x00007ffc51eca000 	C:\WINDOWS\SYSTEM32\VERSION.dll
0x00007ffc55dd0000 - 0x00007ffc55ddf000 	C:\Program Files\Android\Android Studio\jre\jre\bin\verify.dll
0x00007ffc4cdb0000 - 0x00007ffc4cdd9000 	C:\Program Files\Android\Android Studio\jre\jre\bin\java.dll
0x00007ffc4cba0000 - 0x00007ffc4cbb6000 	C:\Program Files\Android\Android Studio\jre\jre\bin\zip.dll
0x00007ffc5df70000 - 0x00007ffc5e6af000 	C:\WINDOWS\System32\SHELL32.dll
0x00007ffc5acd0000 - 0x00007ffc5b460000 	C:\WINDOWS\SYSTEM32\windows.storage.dll
0x00007ffc5da00000 - 0x00007ffc5dd55000 	C:\WINDOWS\System32\combase.dll
0x00007ffc5c750000 - 0x00007ffc5c77c000 	C:\WINDOWS\SYSTEM32\Wldp.dll
0x00007ffc5ebe0000 - 0x00007ffc5ec8e000 	C:\WINDOWS\System32\SHCORE.dll
0x00007ffc5f100000 - 0x00007ffc5f155000 	C:\WINDOWS\System32\shlwapi.dll
0x00007ffc5ccf0000 - 0x00007ffc5cd0f000 	C:\WINDOWS\SYSTEM32\profapi.dll
0x00007ffc4ba10000 - 0x00007ffc4ba2a000 	C:\Program Files\Android\Android Studio\jre\jre\bin\net.dll
0x00007ffc5c4c0000 - 0x00007ffc5c52a000 	C:\WINDOWS\system32\mswsock.dll
0x00007ffc4b350000 - 0x00007ffc4b363000 	C:\Program Files\Android\Android Studio\jre\jre\bin\nio.dll
0x00007ffc472d0000 - 0x00007ffc472f6000 	C:\Users\Salman\.gradle\native\30\windows-amd64\native-platform.dll
0x00007ffc55d70000 - 0x00007ffc55d7d000 	C:\Program Files\Android\Android Studio\jre\jre\bin\management.dll
0x00007ffc5c6a0000 - 0x00007ffc5c6b8000 	C:\WINDOWS\SYSTEM32\CRYPTSP.dll
0x00007ffc5be60000 - 0x00007ffc5be94000 	C:\WINDOWS\system32\rsaenh.dll
0x00007ffc5d4a0000 - 0x00007ffc5d4c7000 	C:\WINDOWS\System32\bcrypt.dll
0x00007ffc5ccb0000 - 0x00007ffc5ccde000 	C:\WINDOWS\SYSTEM32\USERENV.dll
0x00007ffc5d360000 - 0x00007ffc5d3e3000 	C:\WINDOWS\System32\bcryptprimitives.dll
0x00007ffc5c690000 - 0x00007ffc5c69c000 	C:\WINDOWS\SYSTEM32\CRYPTBASE.dll
0x00007ffc5c1b0000 - 0x00007ffc5c1eb000 	C:\WINDOWS\SYSTEM32\IPHLPAPI.DLL
0x00007ffc5e8f0000 - 0x00007ffc5e8f8000 	C:\WINDOWS\System32\NSI.dll
0x00007ffc52200000 - 0x00007ffc52217000 	C:\WINDOWS\SYSTEM32\dhcpcsvc6.DLL
0x00007ffc53df0000 - 0x00007ffc53e0d000 	C:\WINDOWS\SYSTEM32\dhcpcsvc.DLL
0x00007ffc5c1f0000 - 0x00007ffc5c2bc000 	C:\WINDOWS\SYSTEM32\DNSAPI.dll
0x00007ffc48f80000 - 0x00007ffc48fa4000 	C:\Program Files\Android\Android Studio\jre\jre\bin\sunec.dll
0x00007ffc50b90000 - 0x00007ffc50b9a000 	C:\Windows\System32\rasadhlp.dll

VM Arguments:
jvm_args: -Xmx1536m -Dfile.encoding=windows-1252 -Duser.country=IN -Duser.language=en -Duser.variant 
java_command: org.gradle.launcher.daemon.bootstrap.GradleDaemon 5.6.4
java_class_path (initial): C:\Users\Salman\.gradle\wrapper\dists\gradle-5.6.4-all\ankdp27end7byghfw1q2sw75f\gradle-5.6.4\lib\gradle-launcher-5.6.4.jar
Launcher Type: SUN_STANDARD

Environment Variables:
PATH=C:\Program Files (x86)\Common Files\Oracle\Java\javapath;C:\WINDOWS\system32;C:\WINDOWS;C:\WINDOWS\System32\Wbem;C:\WINDOWS\System32\WindowsPowerShell\v1.0\;C:\WINDOWS\System32\OpenSSH\;C:\Users\Salman\.dnx\bin;C:\Program Files\Microsoft DNX\Dnvm\;C:\Program Files\Microsoft SQL Server\120\Tools\Binn\;C:\Program Files\Microsoft SQL Server\130\Tools\Binn\;C:\Program Files\nodejs\;C:\Program Files\Java\jre1.8.0_211\bin;C:\Users\Salman\AppData\Local\Microsoft\WindowsApps;C:\Program Files\nodejs\;;C:\Users\Salman\AppData\Local\Programs\Microsoft VS Code\bin;C:\Users\Salman\AppData\Roaming\npm
USERNAME=Salman
OS=Windows_NT
PROCESSOR_IDENTIFIER=Intel64 Family 6 Model 58 Stepping 9, GenuineIntel



---------------  S Y S T E M  ---------------

OS: Windows 10.0 , 64 bit Build 19041 (10.0.19041.1023)

CPU:total 4 (initial active 4) (2 cores per cpu, 2 threads per core) family 6 model 58 stepping 9, cmov, cx8, fxsr, mmx, sse, sse2, sse3, ssse3, sse4.1, sse4.2, popcnt, avx, clmul, erms, ht, tsc, tscinvbit, tscinv

Memory: 4k page, physical 3970592k(381568k free), swap 16029216k(4716k free)

vm_info: OpenJDK 64-Bit Server VM (25.242-b01) for windows-amd64 JRE (1.8.0_242-release-1644-b01), built by "builder" with MS VC++ 10.0 (VS2010)

time: Thu Jul 15 16:28:13 2021
timezone: India Standard Time
elapsed time: 306 seconds (0d 0h 5m 6s)

