#
# There is insufficient memory for the Java Runtime Environment to continue.
# Native memory allocation (malloc) failed to allocate 2531888 bytes for Chunk::new
# Possible reasons:
#   The system is out of physical RAM or swap space
#   The process is running with CompressedOops enabled, and the Java Heap may be blocking the growth of the native heap
# Possible solutions:
#   Reduce memory load on the system
#   Increase physical memory or swap space
#   Check if swap backing store is full
#   Decrease Java heap size (-Xmx/-Xms)
#   Decrease number of Java threads
#   Decrease Java thread stack sizes (-Xss)
#   Set larger code cache with -XX:ReservedCodeCacheSize=
#   JVM is running with Unscaled Compressed Oops mode in which the Java heap is
#     placed in the first 4GB address space. The Java Heap base address is the
#     maximum limit for the native heap growth. Please use -XX:HeapBaseMinAddress
#     to set the Java Heap base and to place the Java Heap above 4GB virtual address.
# This output file may be truncated or incomplete.
#
#  Out of Memory Error (allocation.cpp:389), pid=14844, tid=0x00000000000014d4
#
# JRE version: OpenJDK Runtime Environment (8.0_242-b01) (build 1.8.0_242-release-1644-b01)
# Java VM: OpenJDK 64-Bit Server VM (25.242-b01 mixed mode windows-amd64 compressed oops)
# Failed to write core dump. Minidumps are not enabled by default on client versions of Windows
#

---------------  T H R E A D  ---------------

Current thread (0x0000000016aca000):  JavaThread "C2 CompilerThread1" daemon [_thread_in_native, id=5332, stack(0x0000000018240000,0x0000000018340000)]

Stack: [0x0000000018240000,0x0000000018340000]
[error occurred during error reporting (printing stack bounds), id 0xc0000005]

Native frames: (J=compiled Java code, j=interpreted, Vv=VM code, C=native code)


Current CompileTask:
C2:4760913 21962 % !   4       com.android.tools.r8.dex.m::b @ 460 (2743 bytes)


---------------  P R O C E S S  ---------------

Java Threads: ( => current thread )
  0x0000000031866000 JavaThread "ForkJoinPool-7-worker-0" daemon [_thread_blocked, id=2144, stack(0x000000002faa0000,0x000000002fba0000)]
  0x000000003185c800 JavaThread "ForkJoinPool-7-worker-2" daemon [_thread_in_Java, id=10344, stack(0x000000002f9a0000,0x000000002faa0000)]
  0x000000003185e000 JavaThread "ForkJoinPool-7-worker-1" daemon [_thread_in_Java, id=5560, stack(0x0000000025310000,0x0000000025410000)]
  0x0000000031863000 JavaThread "Cache worker for Java compile cache (E:\Impetrosys\07\reegur_android\.gradle\5.6.4\javaCompile)" [_thread_blocked, id=9292, stack(0x00000000301b0000,0x00000000302b0000)]
  0x000000003185b800 JavaThread "Cache worker for Java compile cache (C:\Users\Salman\.gradle\caches\5.6.4\javaCompile)" [_thread_blocked, id=15284, stack(0x00000000300b0000,0x00000000301b0000)]
  0x0000000031862800 JavaThread "WorkerExecutor Queue Thread 4" [_thread_blocked, id=12004, stack(0x000000002fe00000,0x000000002ff00000)]
  0x000000003185f800 JavaThread "WorkerExecutor Queue Thread 3" [_thread_blocked, id=11328, stack(0x000000001c360000,0x000000001c460000)]
  0x000000003185b000 JavaThread "RMI TCP Connection(6)-127.0.0.1" daemon [_thread_in_native, id=12768, stack(0x000000002fd00000,0x000000002fe00000)]
  0x0000000031859800 JavaThread "RMI TCP Connection(idle)" daemon [_thread_blocked, id=3100, stack(0x000000002fc00000,0x000000002fd00000)]
  0x000000003185d000 JavaThread "RMI TCP Connection(idle)" daemon [_thread_blocked, id=11960, stack(0x000000002f8a0000,0x000000002f9a0000)]
  0x000000003185e800 JavaThread "RMI Reaper" [_thread_blocked, id=14640, stack(0x000000002f7a0000,0x000000002f8a0000)]
  0x000000003185a000 JavaThread "RMI TCP Accept-0" daemon [_thread_in_native, id=5760, stack(0x000000002f6a0000,0x000000002f7a0000)]
  0x0000000031858800 JavaThread "GC Daemon" daemon [_thread_blocked, id=14408, stack(0x000000002f5a0000,0x000000002f6a0000)]
  0x000000001a527000 JavaThread "RMI RenewClean-[127.0.0.1:17777,org.jetbrains.kotlin.daemon.common.LoopbackNetworkInterface$ClientLoopbackSocketFactory@9575679]" daemon [_thread_blocked, id=2504, stack(0x000000002f4a0000,0x000000002f5a0000)]
  0x000000001a52d000 JavaThread "RMI Scheduler(0)" daemon [_thread_blocked, id=7056, stack(0x000000002e170000,0x000000002e270000)]
  0x000000001d3db800 JavaThread "WorkerExecutor Queue Thread 2" [_thread_blocked, id=11956, stack(0x0000000025bf0000,0x0000000025cf0000)]
  0x000000001d3db000 JavaThread "stdout" [_thread_in_native, id=872, stack(0x00000000258f0000,0x00000000259f0000)]
  0x000000001d3da000 JavaThread "stderr" [_thread_in_native, id=11772, stack(0x0000000025210000,0x0000000025310000)]
  0x000000001d3d5800 JavaThread "pool-5-thread-1" [_thread_blocked, id=3392, stack(0x0000000025110000,0x0000000025210000)]
  0x000000001d3d9800 JavaThread "WorkerExecutor Queue" [_thread_blocked, id=14868, stack(0x0000000024f10000,0x0000000025010000)]
  0x000000001d3d6800 JavaThread "Cache worker for execution history cache (E:\Impetrosys\07\reegur_android\.gradle\5.6.4\executionHistory)" [_thread_blocked, id=9916, stack(0x0000000024e10000,0x0000000024f10000)]
  0x000000001d3d5000 JavaThread "Execution worker for ':' Thread 3" [_thread_blocked, id=6408, stack(0x0000000024ac0000,0x0000000024bc0000)]
  0x000000001d3d2800 JavaThread "Execution worker for ':' Thread 2" [_thread_in_native, id=5900, stack(0x00000000249c0000,0x0000000024ac0000)]
  0x000000001d3d4000 JavaThread "Execution worker for ':'" [_thread_blocked, id=12228, stack(0x00000000244c0000,0x00000000245c0000)]
  0x000000001d3d1000 JavaThread "Cache worker for file content cache (E:\Impetrosys\07\reegur_android\.gradle\5.6.4\fileContent)" [_thread_blocked, id=5136, stack(0x0000000023fc0000,0x00000000240c0000)]
  0x000000001da37800 JavaThread "Cache worker for Build Output Cleanup Cache (E:\Impetrosys\07\reegur_android\.gradle\buildOutputCleanup)" [_thread_blocked, id=12848, stack(0x00000000236c0000,0x00000000237c0000)]
  0x000000001da36800 JavaThread "Build operations Thread 4" [_thread_blocked, id=12380, stack(0x00000000227a0000,0x00000000228a0000)]
  0x000000001da35800 JavaThread "Build operations Thread 3" [_thread_blocked, id=4696, stack(0x00000000220a0000,0x00000000221a0000)]
  0x000000001da32000 JavaThread "Build operations Thread 2" [_thread_blocked, id=13916, stack(0x0000000021fa0000,0x00000000220a0000)]
  0x000000001da31000 JavaThread "Build operations" [_thread_blocked, id=4148, stack(0x0000000021ea0000,0x0000000021fa0000)]
  0x000000001da35000 JavaThread "Cache worker for cache directory md-rule (C:\Users\Salman\.gradle\caches\5.6.4\md-rule)" [_thread_blocked, id=12284, stack(0x0000000021da0000,0x0000000021ea0000)]
  0x000000001da34000 JavaThread "Cache worker for cache directory md-supplier (C:\Users\Salman\.gradle\caches\5.6.4\md-supplier)" [_thread_blocked, id=2992, stack(0x0000000021750000,0x0000000021850000)]
  0x000000001da33800 JavaThread "Cache worker for file hash cache (E:\Impetrosys\07\reegur_android\.gradle\5.6.4\fileHashes)" [_thread_blocked, id=12828, stack(0x0000000021650000,0x0000000021750000)]
  0x000000001da2a800 JavaThread "Thread-41" [_thread_blocked, id=14704, stack(0x000000001eb00000,0x000000001ec00000)]
  0x000000001da29000 JavaThread "Asynchronous log dispatcher for DefaultDaemonConnection: socket connection from /127.0.0.1:15514 to /127.0.0.1:26031" [_thread_blocked, id=236, stack(0x000000001c060000,0x000000001c160000)]
  0x000000001da28000 JavaThread "Daemon worker Thread 2" [_thread_blocked, id=6436, stack(0x000000001bf60000,0x000000001c060000)]
  0x000000001da2e000 JavaThread "Cancel handler" [_thread_blocked, id=10284, stack(0x000000001bc60000,0x000000001bd60000)]
  0x000000001da2c800 JavaThread "Handler for socket connection from /127.0.0.1:15514 to /127.0.0.1:26031" [_thread_in_native, id=12180, stack(0x000000001bb60000,0x000000001bc60000)]
  0x000000001da2b000 JavaThread "Daemon Thread 2" [_thread_blocked, id=4548, stack(0x00000000013f0000,0x00000000014f0000)]
  0x000000001d3d8000 JavaThread "Cache worker for file content cache (C:\Users\Salman\.gradle\caches\5.6.4\fileContent)" [_thread_blocked, id=1380, stack(0x00000000235c0000,0x00000000236c0000)]
  0x000000001d3d0800 JavaThread "Memory manager" [_thread_blocked, id=12068, stack(0x00000000230a0000,0x00000000231a0000)]
  0x000000001d3d3800 JavaThread "Cache worker for execution history cache (C:\Users\Salman\.gradle\caches\5.6.4\executionHistory)" [_thread_blocked, id=13768, stack(0x0000000021aa0000,0x0000000021ba0000)]
  0x000000001a528800 JavaThread "Cache worker for journal cache (C:\Users\Salman\.gradle\caches\journal-1)" [_thread_blocked, id=13076, stack(0x000000001c860000,0x000000001c960000)]
  0x000000001a528000 JavaThread "File lock request listener" [_thread_in_native, id=10864, stack(0x000000001c760000,0x000000001c860000)]
  0x000000001a52e000 JavaThread "Cache worker for file hash cache (C:\Users\Salman\.gradle\caches\5.6.4\fileHashes)" [_thread_blocked, id=9504, stack(0x000000001c660000,0x000000001c760000)]
  0x000000001a3d1800 JavaThread "Daemon periodic checks" [_thread_blocked, id=6404, stack(0x000000001ba60000,0x000000001bb60000)]
  0x000000001a3c9800 JavaThread "Incoming local TCP Connector on port 15514" [_thread_in_native, id=2260, stack(0x000000001b820000,0x000000001b920000)]
  0x000000001a353000 JavaThread "Daemon health stats" [_thread_blocked, id=8932, stack(0x000000001b1e0000,0x000000001b2e0000)]
  0x0000000016b1d800 JavaThread "Service Thread" daemon [_thread_blocked, id=5476, stack(0x0000000018840000,0x0000000018940000)]
  0x0000000016ad2000 JavaThread "C1 CompilerThread2" daemon [_thread_blocked, id=2128, stack(0x0000000018340000,0x0000000018440000)]
=>0x0000000016aca000 JavaThread "C2 CompilerThread1" daemon [_thread_in_native, id=5332, stack(0x0000000018240000,0x0000000018340000)]
  0x0000000016ac0800 JavaThread "C2 CompilerThread0" daemon [_thread_in_native, id=6236, stack(0x0000000018140000,0x0000000018240000)]
  0x0000000016ac6800 JavaThread "Attach Listener" daemon [_thread_blocked, id=5716, stack(0x0000000018040000,0x0000000018140000)]
  0x0000000016ac5000 JavaThread "Signal Dispatcher" daemon [_thread_blocked, id=14848, stack(0x0000000017f40000,0x0000000018040000)]
  0x000000000314b000 JavaThread "Finalizer" daemon [_thread_blocked, id=10716, stack(0x0000000017d40000,0x0000000017e40000)]
  0x0000000016aa9000 JavaThread "Reference Handler" daemon [_thread_blocked, id=648, stack(0x0000000017c40000,0x0000000017d40000)]
  0x000000000304d800 JavaThread "main" [_thread_blocked, id=11492, stack(0x0000000002e90000,0x0000000002f90000)]

Other Threads:
  0x0000000016a86000 VMThread [stack: 0x0000000017b40000,0x0000000017c40000] [id=6036]
  0x0000000016b1e800 WatcherThread [stack: 0x0000000018940000,0x0000000018a40000] [id=8732]

VM state:not at safepoint (normal execution)

VM Mutex/Monitor currently owned by a thread: None

heap address: 0x00000000a0000000, size: 1536 MB, Compressed Oops mode: 32-bit
Narrow klass base: 0x0000000000000000, Narrow klass shift: 3
Compressed class space size: 1073741824 Address: 0x0000000100000000

Heap:
 PSYoungGen      total 380928K, used 316453K [0x00000000e0000000, 0x0000000100000000, 0x0000000100000000)
  eden space 237568K, 72% used [0x00000000e0000000,0x00000000ea90d250,0x00000000ee800000)
  from space 143360K, 99% used [0x00000000ee800000,0x00000000f73fc498,0x00000000f7400000)
  to   space 143360K, 0% used [0x00000000f7400000,0x00000000f7400000,0x0000000100000000)
 ParOldGen       total 361472K, used 165898K [0x00000000a0000000, 0x00000000b6100000, 0x00000000e0000000)
  object space 361472K, 45% used [0x00000000a0000000,0x00000000aa202b40,0x00000000b6100000)
 Metaspace       used 98881K, capacity 102496K, committed 103936K, reserved 1138688K
  class space    used 12798K, capacity 13494K, committed 13824K, reserved 1048576K

Card table byte_map: [0x0000000012510000,0x0000000012820000] byte_map_base: 0x0000000012010000

Marking Bits: (ParMarkBitMap*) 0x000000006d34f030
 Begin Bits: [0x0000000012e20000, 0x0000000014620000)
 End Bits:   [0x0000000014620000, 0x0000000015e20000)

Polling page: 0x0000000001590000

CodeCache: size=245760Kb used=59072Kb max_used=59102Kb free=186687Kb
 bounds [0x0000000003150000, 0x0000000006bb0000, 0x0000000012150000]
 total_blobs=17881 nmethods=16967 adapters=826
 compilation: enabled

Compilation events (10 events):
Event: 4760.844 Thread 0x0000000016ad2000 22022       3       com.sun.tools.javac.file.ZipFileIndex$Entry::compareTo (9 bytes)
Event: 4760.845 Thread 0x0000000016ad2000 nmethod 22022 0x000000000662d310 code [0x000000000662d480, 0x000000000662d6e8]
Event: 4760.845 Thread 0x0000000016ad2000 22023       3       com.sun.tools.javac.file.ZipFileIndex$Entry::compareTo (40 bytes)
Event: 4760.846 Thread 0x0000000016ad2000 nmethod 22023 0x000000000662cb50 code [0x000000000662cce0, 0x000000000662d138]
Event: 4760.846 Thread 0x0000000016ad2000 22024       3       com.sun.tools.javac.file.RelativePath::compareTo (12 bytes)
Event: 4760.846 Thread 0x0000000016ad2000 nmethod 22024 0x000000000662c6d0 code [0x000000000662c840, 0x000000000662ca68]
Event: 4760.848 Thread 0x0000000016ad2000 22025       1       com.android.tools.r8.code.q1::j (4 bytes)
Event: 4760.848 Thread 0x0000000016ad2000 nmethod 22025 0x000000000662c410 code [0x000000000662c560, 0x000000000662c670]
Event: 4760.876 Thread 0x0000000016ad2000 22029       2       com.android.tools.r8.code.d0::a (19 bytes)
Event: 4760.877 Thread 0x0000000016ad2000 nmethod 22029 0x000000000662bf10 code [0x000000000662c080, 0x000000000662c2e8]

GC Heap History (10 events):
Event: 4672.499 GC heap before
{Heap before GC invocations=41 (full 5):
 PSYoungGen      total 421888K, used 327572K [0x00000000e0000000, 0x0000000100000000, 0x0000000100000000)
  eden space 326144K, 77% used [0x00000000e0000000,0x00000000ef77f170,0x00000000f3e80000)
  from space 95744K, 77% used [0x00000000f3e80000,0x00000000f86e5f98,0x00000000f9c00000)
  to   space 101376K, 0% used [0x00000000f9d00000,0x00000000f9d00000,0x0000000100000000)
 ParOldGen       total 361472K, used 222401K [0x00000000a0000000, 0x00000000b6100000, 0x00000000e0000000)
  object space 361472K, 61% used [0x00000000a0000000,0x00000000ad930608,0x00000000b6100000)
 Metaspace       used 94455K, capacity 98682K, committed 98816K, reserved 1134592K
  class space    used 12366K, capacity 13268K, committed 13312K, reserved 1048576K
Event: 4672.887 GC heap after
Heap after GC invocations=41 (full 5):
 PSYoungGen      total 420864K, used 66305K [0x00000000e0000000, 0x0000000100000000, 0x0000000100000000)
  eden space 319488K, 0% used [0x00000000e0000000,0x00000000e0000000,0x00000000f3800000)
  from space 101376K, 65% used [0x00000000f9d00000,0x00000000fddc0638,0x0000000100000000)
  to   space 102400K, 0% used [0x00000000f3800000,0x00000000f3800000,0x00000000f9c00000)
 ParOldGen       total 361472K, used 222409K [0x00000000a0000000, 0x00000000b6100000, 0x00000000e0000000)
  object space 361472K, 61% used [0x00000000a0000000,0x00000000ad932608,0x00000000b6100000)
 Metaspace       used 94455K, capacity 98682K, committed 98816K, reserved 1134592K
  class space    used 12366K, capacity 13268K, committed 13312K, reserved 1048576K
}
Event: 4672.887 GC heap before
{Heap before GC invocations=42 (full 6):
 PSYoungGen      total 420864K, used 66305K [0x00000000e0000000, 0x0000000100000000, 0x0000000100000000)
  eden space 319488K, 0% used [0x00000000e0000000,0x00000000e0000000,0x00000000f3800000)
  from space 101376K, 65% used [0x00000000f9d00000,0x00000000fddc0638,0x0000000100000000)
  to   space 102400K, 0% used [0x00000000f3800000,0x00000000f3800000,0x00000000f9c00000)
 ParOldGen       total 361472K, used 222409K [0x00000000a0000000, 0x00000000b6100000, 0x00000000e0000000)
  object space 361472K, 61% used [0x00000000a0000000,0x00000000ad932608,0x00000000b6100000)
 Metaspace       used 94455K, capacity 98682K, committed 98816K, reserved 1134592K
  class space    used 12366K, capacity 13268K, committed 13312K, reserved 1048576K
Event: 4674.576 GC heap after
Heap after GC invocations=42 (full 6):
 PSYoungGen      total 420864K, used 0K [0x00000000e0000000, 0x0000000100000000, 0x0000000100000000)
  eden space 319488K, 0% used [0x00000000e0000000,0x00000000e0000000,0x00000000f3800000)
  from space 101376K, 0% used [0x00000000f9d00000,0x00000000f9d00000,0x0000000100000000)
  to   space 102400K, 0% used [0x00000000f3800000,0x00000000f3800000,0x00000000f9c00000)
 ParOldGen       total 361472K, used 100092K [0x00000000a0000000, 0x00000000b6100000, 0x00000000e0000000)
  object space 361472K, 27% used [0x00000000a0000000,0x00000000a61bf130,0x00000000b6100000)
 Metaspace       used 93574K, capacity 97068K, committed 98816K, reserved 1134592K
  class space    used 12132K, capacity 12862K, committed 13312K, reserved 1048576K
}
Event: 4747.879 GC heap before
{Heap before GC invocations=43 (full 6):
 PSYoungGen      total 420864K, used 319488K [0x00000000e0000000, 0x0000000100000000, 0x0000000100000000)
  eden space 319488K, 100% used [0x00000000e0000000,0x00000000f3800000,0x00000000f3800000)
  from space 101376K, 0% used [0x00000000f9d00000,0x00000000f9d00000,0x0000000100000000)
  to   space 102400K, 0% used [0x00000000f3800000,0x00000000f3800000,0x00000000f9c00000)
 ParOldGen       total 361472K, used 100092K [0x00000000a0000000, 0x00000000b6100000, 0x00000000e0000000)
  object space 361472K, 27% used [0x00000000a0000000,0x00000000a61bf130,0x00000000b6100000)
 Metaspace       used 94902K, capacity 98470K, committed 99968K, reserved 1136640K
  class space    used 12309K, capacity 13071K, committed 13440K, reserved 1048576K
Event: 4748.692 GC heap after
Heap after GC invocations=43 (full 6):
 PSYoungGen      total 406016K, used 86024K [0x00000000e0000000, 0x0000000100000000, 0x0000000100000000)
  eden space 319488K, 0% used [0x00000000e0000000,0x00000000e0000000,0x00000000f3800000)
  from space 86528K, 99% used [0x00000000f3800000,0x00000000f8c023f0,0x00000000f8c80000)
  to   space 110080K, 0% used [0x00000000f9480000,0x00000000f9480000,0x0000000100000000)
 ParOldGen       total 361472K, used 100100K [0x00000000a0000000, 0x00000000b6100000, 0x00000000e0000000)
  object space 361472K, 27% used [0x00000000a0000000,0x00000000a61c1130,0x00000000b6100000)
 Metaspace       used 94902K, capacity 98470K, committed 99968K, reserved 1136640K
  class space    used 12309K, capacity 13071K, committed 13440K, reserved 1048576K
}
Event: 4751.702 GC heap before
{Heap before GC invocations=44 (full 6):
 PSYoungGen      total 406016K, used 405512K [0x00000000e0000000, 0x0000000100000000, 0x0000000100000000)
  eden space 319488K, 100% used [0x00000000e0000000,0x00000000f3800000,0x00000000f3800000)
  from space 86528K, 99% used [0x00000000f3800000,0x00000000f8c023f0,0x00000000f8c80000)
  to   space 110080K, 0% used [0x00000000f9480000,0x00000000f9480000,0x0000000100000000)
 ParOldGen       total 361472K, used 100100K [0x00000000a0000000, 0x00000000b6100000, 0x00000000e0000000)
  object space 361472K, 27% used [0x00000000a0000000,0x00000000a61c1130,0x00000000b6100000)
 Metaspace       used 95053K, capacity 98688K, committed 99968K, reserved 1136640K
  class space    used 12323K, capacity 13078K, committed 13440K, reserved 1048576K
Event: 4753.401 GC heap after
Heap after GC invocations=44 (full 6):
 PSYoungGen      total 347648K, used 110078K [0x00000000e0000000, 0x0000000100000000, 0x0000000100000000)
  eden space 237568K, 0% used [0x00000000e0000000,0x00000000e0000000,0x00000000ee800000)
  from space 110080K, 99% used [0x00000000f9480000,0x00000000fffffad8,0x0000000100000000)
  to   space 143360K, 0% used [0x00000000ee800000,0x00000000ee800000,0x00000000f7400000)
 ParOldGen       total 361472K, used 150341K [0x00000000a0000000, 0x00000000b6100000, 0x00000000e0000000)
  object space 361472K, 41% used [0x00000000a0000000,0x00000000a92d1440,0x00000000b6100000)
 Metaspace       used 95053K, capacity 98688K, committed 99968K, reserved 1136640K
  class space    used 12323K, capacity 13078K, committed 13440K, reserved 1048576K
}
Event: 4759.140 GC heap before
{Heap before GC invocations=45 (full 6):
 PSYoungGen      total 347648K, used 347646K [0x00000000e0000000, 0x0000000100000000, 0x0000000100000000)
  eden space 237568K, 100% used [0x00000000e0000000,0x00000000ee800000,0x00000000ee800000)
  from space 110080K, 99% used [0x00000000f9480000,0x00000000fffffad8,0x0000000100000000)
  to   space 143360K, 0% used [0x00000000ee800000,0x00000000ee800000,0x00000000f7400000)
 ParOldGen       total 361472K, used 150341K [0x00000000a0000000, 0x00000000b6100000, 0x00000000e0000000)
  object space 361472K, 41% used [0x00000000a0000000,0x00000000a92d1440,0x00000000b6100000)
 Metaspace       used 98821K, capacity 102432K, committed 103680K, reserved 1138688K
  class space    used 12794K, capacity 13494K, committed 13824K, reserved 1048576K
Event: 4759.707 GC heap after
Heap after GC invocations=45 (full 6):
 PSYoungGen      total 380928K, used 143345K [0x00000000e0000000, 0x0000000100000000, 0x0000000100000000)
  eden space 237568K, 0% used [0x00000000e0000000,0x00000000e0000000,0x00000000ee800000)
  from space 143360K, 99% used [0x00000000ee800000,0x00000000f73fc498,0x00000000f7400000)
  to   space 143360K, 0% used [0x00000000f7400000,0x00000000f7400000,0x0000000100000000)
 ParOldGen       total 361472K, used 165898K [0x00000000a0000000, 0x00000000b6100000, 0x00000000e0000000)
  object space 361472K, 45% used [0x00000000a0000000,0x00000000aa202b40,0x00000000b6100000)
 Metaspace       used 98821K, capacity 102432K, committed 103680K, reserved 1138688K
  class space    used 12794K, capacity 13494K, committed 13824K, reserved 1048576K
}

Deoptimization events (10 events):
Event: 4756.983 Thread 0x000000001d3d2800 Uncommon trap: reason=unstable_if action=reinterpret pc=0x0000000005d66bb4 method=com.sun.tools.javac.parser.JavaTokenizer.readToken()Lcom/sun/tools/javac/parser/Tokens$Token; @ 1279
Event: 4756.989 Thread 0x000000001d3d2800 Uncommon trap: reason=unstable_if action=reinterpret pc=0x0000000004980bac method=com.sun.tools.javac.util.ArrayUtils.ensureCapacity([CI)[C @ 3
Event: 4757.965 Thread 0x000000003185c800 Uncommon trap: reason=speculate_class_check action=maybe_recompile pc=0x00000000061fc0e4 method=java.util.concurrent.ForkJoinTask.doExec()I @ 10
Event: 4757.970 Thread 0x000000003185e000 Uncommon trap: reason=speculate_class_check action=maybe_recompile pc=0x00000000061fc0e4 method=java.util.concurrent.ForkJoinTask.doExec()I @ 10
Event: 4758.247 Thread 0x000000001d3d2800 Uncommon trap: reason=unstable_if action=reinterpret pc=0x00000000069fb5cc method=java.util.RegularEnumSet.contains(Ljava/lang/Object;)Z @ 16
Event: 4758.917 Thread 0x000000003185c800 Uncommon trap: reason=unstable_if action=reinterpret pc=0x0000000004c096d4 method=com.android.tools.r8.v.a.a.a.h.M$f.hasNext()Z @ 5
Event: 4759.117 Thread 0x000000001d3d2800 Uncommon trap: reason=unstable_if action=reinterpret pc=0x0000000003d9abd8 method=java.lang.StringCoding$StringDecoder.decode([BII)[C @ 20
Event: 4759.862 Thread 0x000000001d3d2800 Uncommon trap: reason=unstable_if action=reinterpret pc=0x0000000003d70d8c method=java.lang.StringCoding$StringDecoder.decode([BII)[C @ 20
Event: 4759.954 Thread 0x000000003185c800 Uncommon trap: reason=unstable_if action=reinterpret pc=0x000000000688e5ec method=java.util.TimSort.mergeAt(I)V @ 170
Event: 4760.200 Thread 0x000000001d3d2800 Uncommon trap: reason=unstable_if action=reinterpret pc=0x00000000061d8070 method=java.util.EnumMap.isValidKey(Ljava/lang/Object;)Z @ 16

Classes redefined (0 events):
No events

Internal exceptions (10 events):
Event: 4745.224 Thread 0x000000001da28000 Exception <a 'java/lang/NoSuchMethodError': <clinit>> (0x00000000e79c67b0) thrown at [C:\src\AOSP-openjdk-git\hotspot\src\share\vm\prims\jni.cpp, line 1615]
Event: 4745.799 Thread 0x000000001da33800 Implicit null exception at 0x0000000005db91a8 to 0x0000000005dbd205
Event: 4746.146 Thread 0x000000003185f800 Exception <a 'sun/nio/fs/WindowsException'> (0x00000000e9f599e0) thrown at [C:\src\AOSP-openjdk-git\hotspot\src\share\vm\prims\jni.cpp, line 710]
Event: 4747.312 Thread 0x000000001da35800 Implicit null exception at 0x0000000004426845 to 0x000000000442e711
Event: 4747.396 Thread 0x000000001da35800 Implicit null exception at 0x00000000040ae277 to 0x00000000040aec75
Event: 4747.401 Thread 0x000000001da35800 Implicit null exception at 0x0000000003c5a0e3 to 0x0000000003c5a751
Event: 4750.898 Thread 0x000000003185f800 Implicit null exception at 0x0000000004b82a39 to 0x0000000004b82ac9
Event: 4753.408 Thread 0x000000001a527000 Exception <a 'java/net/ConnectException': Connection refused: connect> (0x00000000e0241f80) thrown at [C:\src\AOSP-openjdk-git\hotspot\src\share\vm\prims\jni.cpp, line 737]
Event: 4756.328 Thread 0x000000001a527000 Exception <a 'java/net/ConnectException': Connection refused: connect> (0x00000000e0242878) thrown at [C:\src\AOSP-openjdk-git\hotspot\src\share\vm\prims\jni.cpp, line 737]
Event: 4758.384 Thread 0x000000001a527000 Exception <a 'java/net/ConnectException': Connection refused: connect> (0x00000000e0243170) thrown at [C:\src\AOSP-openjdk-git\hotspot\src\share\vm\prims\jni.cpp, line 737]

Events (10 events):
Event: 4760.430 loading class com/sun/tools/javac/file/ZipFileIndex
Event: 4760.430 loading class com/sun/tools/javac/file/ZipFileIndex done
Event: 4760.433 loading class java/util/zip/DataFormatException
Event: 4760.436 loading class java/util/zip/DataFormatException done
Event: 4760.440 loading class com/sun/tools/javac/file/ZipFileIndex$ZipDirectory
Event: 4760.440 loading class com/sun/tools/javac/file/ZipFileIndex$ZipDirectory done
Event: 4760.464 loading class com/sun/tools/javac/file/ZipFileIndex$DirectoryEntry
Event: 4760.464 loading class com/sun/tools/javac/file/ZipFileIndex$DirectoryEntry done
Event: 4760.465 loading class com/sun/tools/javac/file/ZipFileIndex$Entry
Event: 4760.465 loading class com/sun/tools/javac/file/ZipFileIndex$Entry done


Dynamic libraries:
0x00007ff624570000 - 0x00007ff6245a1000 	C:\Program Files\Android\Android Studio\jre\bin\java.exe
0x00007ffc5f670000 - 0x00007ffc5f865000 	C:\WINDOWS\SYSTEM32\ntdll.dll
0x00007ffc5e830000 - 0x00007ffc5e8ed000 	C:\WINDOWS\System32\KERNEL32.DLL
0x00007ffc5cfe0000 - 0x00007ffc5d2a8000 	C:\WINDOWS\System32\KERNELBASE.dll
0x00007ffc5f2f0000 - 0x00007ffc5f39c000 	C:\WINDOWS\System32\ADVAPI32.dll
0x00007ffc5d800000 - 0x00007ffc5d89e000 	C:\WINDOWS\System32\msvcrt.dll
0x00007ffc5e790000 - 0x00007ffc5e82b000 	C:\WINDOWS\System32\sechost.dll
0x00007ffc5f1c0000 - 0x00007ffc5f2eb000 	C:\WINDOWS\System32\RPCRT4.dll
0x00007ffc5e960000 - 0x00007ffc5eb00000 	C:\WINDOWS\System32\USER32.dll
0x00007ffc5cf10000 - 0x00007ffc5cf32000 	C:\WINDOWS\System32\win32u.dll
0x00007ffc5e6b0000 - 0x00007ffc5e6da000 	C:\WINDOWS\System32\GDI32.dll
0x00007ffc5d4d0000 - 0x00007ffc5d5db000 	C:\WINDOWS\System32\gdi32full.dll
0x00007ffc5cf40000 - 0x00007ffc5cfdd000 	C:\WINDOWS\System32\msvcp_win.dll
0x00007ffc5d5e0000 - 0x00007ffc5d6e0000 	C:\WINDOWS\System32\ucrtbase.dll
0x00007ffc4e7b0000 - 0x00007ffc4ea4a000 	C:\WINDOWS\WinSxS\amd64_microsoft.windows.common-controls_6595b64144ccf1df_6.0.19041.1052_none_60b8f8fd71f5e8cb\COMCTL32.dll
0x00007ffc5f3a0000 - 0x00007ffc5f3d0000 	C:\WINDOWS\System32\IMM32.DLL
0x000000006dc30000 - 0x000000006dd02000 	C:\Program Files\Android\Android Studio\jre\jre\bin\msvcr100.dll
0x000000006cb80000 - 0x000000006d3cb000 	C:\Program Files\Android\Android Studio\jre\jre\bin\server\jvm.dll
0x00007ffc5eb00000 - 0x00007ffc5eb08000 	C:\WINDOWS\System32\PSAPI.DLL
0x00007ffc51050000 - 0x00007ffc51077000 	C:\WINDOWS\SYSTEM32\WINMM.dll
0x00007ffc51ec0000 - 0x00007ffc51eca000 	C:\WINDOWS\SYSTEM32\VERSION.dll
0x00007ffc58760000 - 0x00007ffc58769000 	C:\WINDOWS\SYSTEM32\WSOCK32.dll
0x00007ffc5d990000 - 0x00007ffc5d9fb000 	C:\WINDOWS\System32\ws2_32.DLL
0x00007ffc58700000 - 0x00007ffc5870f000 	C:\Program Files\Android\Android Studio\jre\jre\bin\verify.dll
0x00007ffc577a0000 - 0x00007ffc577c9000 	C:\Program Files\Android\Android Studio\jre\jre\bin\java.dll
0x00007ffc57780000 - 0x00007ffc57796000 	C:\Program Files\Android\Android Studio\jre\jre\bin\zip.dll
0x00007ffc5df70000 - 0x00007ffc5e6af000 	C:\WINDOWS\System32\SHELL32.dll
0x00007ffc5acd0000 - 0x00007ffc5b460000 	C:\WINDOWS\SYSTEM32\windows.storage.dll
0x00007ffc5da00000 - 0x00007ffc5dd55000 	C:\WINDOWS\System32\combase.dll
0x00007ffc5c750000 - 0x00007ffc5c77c000 	C:\WINDOWS\SYSTEM32\Wldp.dll
0x00007ffc5ebe0000 - 0x00007ffc5ec8e000 	C:\WINDOWS\System32\SHCORE.dll
0x00007ffc5f100000 - 0x00007ffc5f155000 	C:\WINDOWS\System32\shlwapi.dll
0x00007ffc5ccf0000 - 0x00007ffc5cd0f000 	C:\WINDOWS\SYSTEM32\profapi.dll
0x00007ffc57760000 - 0x00007ffc5777a000 	C:\Program Files\Android\Android Studio\jre\jre\bin\net.dll
0x00007ffc5c4c0000 - 0x00007ffc5c52a000 	C:\WINDOWS\system32\mswsock.dll
0x00007ffc57740000 - 0x00007ffc57753000 	C:\Program Files\Android\Android Studio\jre\jre\bin\nio.dll
0x00007ffc36110000 - 0x00007ffc36136000 	C:\Users\Salman\.gradle\native\30\windows-amd64\native-platform.dll
0x00007ffc57710000 - 0x00007ffc5771d000 	C:\Program Files\Android\Android Studio\jre\jre\bin\management.dll
0x00007ffc5c6a0000 - 0x00007ffc5c6b8000 	C:\WINDOWS\SYSTEM32\CRYPTSP.dll
0x00007ffc5be60000 - 0x00007ffc5be94000 	C:\WINDOWS\system32\rsaenh.dll
0x00007ffc5d4a0000 - 0x00007ffc5d4c7000 	C:\WINDOWS\System32\bcrypt.dll
0x00007ffc5ccb0000 - 0x00007ffc5ccde000 	C:\WINDOWS\SYSTEM32\USERENV.dll
0x00007ffc5d360000 - 0x00007ffc5d3e3000 	C:\WINDOWS\System32\bcryptprimitives.dll
0x00007ffc5c690000 - 0x00007ffc5c69c000 	C:\WINDOWS\SYSTEM32\CRYPTBASE.dll
0x00007ffc5c1b0000 - 0x00007ffc5c1eb000 	C:\WINDOWS\SYSTEM32\IPHLPAPI.DLL
0x00007ffc5e8f0000 - 0x00007ffc5e8f8000 	C:\WINDOWS\System32\NSI.dll
0x00007ffc52200000 - 0x00007ffc52217000 	C:\WINDOWS\SYSTEM32\dhcpcsvc6.DLL
0x00007ffc53df0000 - 0x00007ffc53e0d000 	C:\WINDOWS\SYSTEM32\dhcpcsvc.DLL
0x00007ffc5c1f0000 - 0x00007ffc5c2bc000 	C:\WINDOWS\SYSTEM32\DNSAPI.dll
0x00007ffc4ce50000 - 0x00007ffc4ce74000 	C:\Program Files\Android\Android Studio\jre\jre\bin\sunec.dll
0x00007ffc50b90000 - 0x00007ffc50b9a000 	C:\Windows\System32\rasadhlp.dll
0x00007ffc57650000 - 0x00007ffc5766e000 	C:\Users\Salman\AppData\Local\Temp\native-platform4592005978441622955dir\native-platform.dll

VM Arguments:
jvm_args: -Xmx1536m -Dfile.encoding=windows-1252 -Duser.country=IN -Duser.language=en -Duser.variant 
java_command: org.gradle.launcher.daemon.bootstrap.GradleDaemon 5.6.4
java_class_path (initial): C:\Users\Salman\.gradle\wrapper\dists\gradle-5.6.4-all\ankdp27end7byghfw1q2sw75f\gradle-5.6.4\lib\gradle-launcher-5.6.4.jar
Launcher Type: SUN_STANDARD

Environment Variables:
PATH=C:\Program Files (x86)\Common Files\Oracle\Java\javapath;C:\WINDOWS\system32;C:\WINDOWS;C:\WINDOWS\System32\Wbem;C:\WINDOWS\System32\WindowsPowerShell\v1.0\;C:\WINDOWS\System32\OpenSSH\;C:\WINDOWS\system32\config\systemprofile\.dnx\bin;C:\Program Files\Microsoft DNX\Dnvm\;C:\Program Files\Microsoft SQL Server\120\Tools\Binn\;C:\Program Files\Microsoft SQL Server\130\Tools\Binn\;C:\Program Files\nodejs\;C:\Program Files\Java\jre1.8.0_211\bin;C:\Users\Salman\AppData\Local\Microsoft\WindowsApps;C:\Program Files\nodejs\;;C:\Users\Salman\AppData\Local\Programs\Microsoft VS Code\bin;C:\Users\Salman\AppData\Roaming\npm
USERNAME=Salman
OS=Windows_NT
PROCESSOR_IDENTIFIER=Intel64 Family 6 Model 58 Stepping 9, GenuineIntel



---------------  S Y S T E M  ---------------

OS: Windows 10.0 , 64 bit Build 19041 (10.0.19041.1023)

CPU:total 4 (initial active 4) (2 cores per cpu, 2 threads per core) family 6 model 58 stepping 9, cmov, cx8, fxsr, mmx, sse, sse2, sse3, ssse3, sse4.1, sse4.2, popcnt, avx, clmul, erms, ht, tsc, tscinvbit, tscinv

Memory: 4k page, physical 3970592k(251048k free), swap 16029216k(5544k free)

vm_info: OpenJDK 64-Bit Server VM (25.242-b01) for windows-amd64 JRE (1.8.0_242-release-1644-b01), built by "builder" with MS VC++ 10.0 (VS2010)

time: Fri Jul 16 11:52:21 2021
timezone: India Standard Time
elapsed time: 4760 seconds (0d 1h 19m 20s)

